08:29:18 - ERR - ExecuteNonQuery - (UniqueViolation('duplicate key value violates unique constraint "usuarios_usuario_key"\nDETAIL:  Key (usuario)=(zartha) already exists.\n'),)
08:35:52 - ERR - post - (<BadRequest '400: Bad Request'>,)
08:36:06 - ERR - post - ("Error al validar el request -> {'nombre_grupo': ['Missing data for required field.'], 'descripcion': ['Missing data for required field.'], 'id_usuario': ['Missing data for required field.'], 'login_password': ['Unknown field.'], 'login_user': ['Unknown field.']}",)
08:37:07 - ERR - ExecuteNonQuery - (UndefinedTable('relation "grupos" does not exist\nLINE 2:                 INSERT INTO Grupos (nombre_grupo, descripcio...\n                                    ^\n'),)
08:38:36 - ERR - crear_grupo - (TypeError("'int' object is not subscriptable"),)
08:38:55 - ERR - post - ("Error al validar el request -> {'id_usuario': ['Missing data for required field.']}",)
08:46:24 - ERR - post - ("Error al validar el request -> {'id_usuario': ['Missing data for required field.']}",)
08:46:41 - ERR - crear_grupo - (TypeError("'int' object is not subscriptable"),)
08:53:59 - ERR - ExecuteNonQuery - (ObjectNotInPrerequisiteState('lastval is not yet defined in this session\n'),)
08:56:31 - ERR - ExecuteNonQuery - (ObjectNotInPrerequisiteState('lastval is not yet defined in this session\n'),)
09:18:12 - ERR - ExecuteNonQuery - (ObjectNotInPrerequisiteState('lastval is not yet defined in this session\n'),)
09:21:31 - ERR - ExecuteNonQuery - (ObjectNotInPrerequisiteState('lastval is not yet defined in this session\n'),)
09:25:53 - ERR - Login - (TypeError("string indices must be integers, not 'str'"),)
09:26:10 - ERR - Login - (TypeError("string indices must be integers, not 'str'"),)
09:26:54 - ERR - Login - (TypeError("string indices must be integers, not 'str'"),)
09:29:11 - ERR - Login - (TypeError("string indices must be integers, not 'str'"),)
09:31:26 - ERR - Login - (KeyError(0),)
09:31:32 - ERR - Login - (KeyError(0),)
09:32:31 - ERR - Login - (KeyError(0),)
09:34:05 - ERR - Login - (KeyError(0),)
09:36:38 - ERR - Login - (KeyError(0),)
09:36:45 - ERR - Login - (KeyError(0),)
09:37:02 - ERR - Login - (KeyError(0),)
09:37:06 - ERR - Login - (KeyError(0),)
09:37:13 - ERR - Login - (KeyError(0),)
09:39:28 - ERR - Login - (KeyError(0),)
09:40:38 - ERR - Login - (KeyError(0),)
09:40:59 - ERR - Login - (KeyError(0),)
09:41:09 - ERR - Login - (KeyError(0),)
09:41:51 - ERR - post - (NameError("name 'internal_response' is not defined"),)
09:41:55 - ERR - post - (NameError("name 'internal_response' is not defined"),)
09:42:09 - ERR - Login - (KeyError(0),)
09:42:48 - ERR - Login - (KeyError(0),)
09:43:23 - ERR - Login - (KeyError(0),)
09:44:29 - ERR - Login - (KeyError(0),)
09:45:36 - ERR - Login - (TypeError("string indices must be integers, not 'str'"),)
10:02:50 - ERR - get - (AttributeError("type object 'ListarGComponent' has no attribute 'obtener_grupos_por_usuario'"),)
10:10:00 - ERR - put - ("Error al validar el request -> {'contrasena_actual': ['Missing data for required field.'], 'id_usuario': ['Missing data for required field.'], 'user_login_id': ['Unknown field.']}",)
10:12:34 - ERR - ExecuteNonQuery - (UndefinedTable('relation "usuarios" does not exist\nLINE 2:                 SELECT contrasena FROM Usuarios\n                                               ^\n'),)
10:14:11 - ERR - update_user - (TypeError("'int' object is not subscriptable"),)
10:16:58 - ERR - update_user - (KeyError(0),)
14:09:53 - ERR - get - (AttributeError("type object 'GruposComponent' has no attribute 'listar_grupos'"),)
14:12:33 - ERR - listar_grupos - (TypeError("DataBaseHandle.getRecords() missing 1 required positional argument: 'tamanio'"),)
14:12:33 - ERR - get - (TypeError('response_not_found() takes 0 positional arguments but 1 was given'),)
14:12:40 - ERR - listar_grupos - (TypeError("DataBaseHandle.getRecords() missing 1 required positional argument: 'tamanio'"),)
14:12:40 - ERR - get - (TypeError('response_not_found() takes 0 positional arguments but 1 was given'),)
14:14:35 - ERR - listar_grupos - (TypeError("DataBaseHandle.getRecords() missing 1 required positional argument: 'tamanio'"),)
14:14:35 - ERR - get - (TypeError('response_not_found() takes 0 positional arguments but 1 was given'),)
14:14:36 - ERR - listar_grupos - (TypeError("DataBaseHandle.getRecords() missing 1 required positional argument: 'tamanio'"),)
14:14:36 - ERR - get - (TypeError('response_not_found() takes 0 positional arguments but 1 was given'),)
14:19:32 - ERR - listar_grupos - (TypeError("DataBaseHandle.getRecords() missing 1 required positional argument: 'tamanio'"),)
14:19:32 - ERR - get - (TypeError('response_not_found() takes 0 positional arguments but 1 was given'),)
17:14:19 - ERR - post - (<BadRequest '400: Bad Request'>,)
17:14:32 - ERR - post - (<BadRequest '400: Bad Request'>,)
17:14:42 - ERR - post - (<BadRequest '400: Bad Request'>,)
17:15:10 - ERR - post - ("Error al validar el request -> {'id_usuario': ['Missing data for required field.'], 'descripcion': ['Missing data for required field.'], 'nombre_grupo': ['Missing data for required field.'], 'id_usuaro': ['Unknown field.']}",)
17:15:34 - ERR - post - ("Error al validar el request -> {'descripcion': ['Missing data for required field.']}",)
17:15:43 - ERR - post - ("Error al validar el request -> {'descripcion': ['Missing data for required field.']}",)
17:17:19 - ERR - post - ("Error al validar el request -> {'descripcion': ['Missing data for required field.']}",)
17:19:15 - ERR - post - (AttributeError("type object 'GrupoComponent' has no attribute 'unir_usuario'"),)
17:20:32 - ERR - post - (TypeError('response_success() takes 1 positional argument but 2 were given'),)
17:20:46 - ERR - post - (TypeError('response_success() takes 1 positional argument but 2 were given'),)
17:26:51 - ERR - post - (TypeError('response_success() takes 1 positional argument but 2 were given'),)
