13:20:23 - ERR - ExecuteNonQuery - (OperationalError('could not translate host name "projectdawa.cxmio0amun51.us-east-2.rds.amazonaws.com" to address: Name or service not known\n'),)
13:20:23 - ERR - ExecuteNonQuery - (OperationalError('could not translate host name "projectdawa.cxmio0amun51.us-east-2.rds.amazonaws.com" to address: Name or service not known\n'),)
13:20:23 - ERR - Register - (UnboundLocalError("cannot access local variable 'cursor' where it is not associated with a value"),)
13:20:23 - ERR - Register - (UnboundLocalError("cannot access local variable 'cursor' where it is not associated with a value"),)
13:23:06 - ERR - ExecuteNonQuery - (OperationalError('could not translate host name "projectdawa.cxmio0amun51.us-east-2.rds.amazonaws.com" to address: Name or service not known\n'),)
13:23:06 - ERR - Register - (UnboundLocalError("cannot access local variable 'cursor' where it is not associated with a value"),)
13:23:36 - ERR - ExecuteNonQuery - (OperationalError('connection to server at "192.168.100.43", port 5432 failed: Connection refused\n\tIs the server running on that host and accepting TCP/IP connections?\n'),)
13:23:36 - ERR - Register - (UnboundLocalError("cannot access local variable 'cursor' where it is not associated with a value"),)
13:23:53 - ERR - ExecuteNonQuery - (OperationalError('connection to server at "192.168.100.43", port 5432 failed: Connection refused\n\tIs the server running on that host and accepting TCP/IP connections?\n'),)
13:23:53 - ERR - Register - (UnboundLocalError("cannot access local variable 'cursor' where it is not associated with a value"),)
13:24:19 - ERR - getRecords - (OperationalError('connection to server at "192.168.100.43", port 5432 failed: Connection refused\n\tIs the server running on that host and accepting TCP/IP connections?\n'),)
13:24:19 - ERR - Login - (UnboundLocalError("cannot access local variable 'cursor' where it is not associated with a value"),)
08:32:26 - ERR - getRecords - (OperationalError('could not translate host name "projectdawa.cxmio0amun51.us-east-2.rds.amazonaws.com" to address: Host desconocido. \n'),)
08:32:26 - ERR - Login - (UnboundLocalError("cannot access local variable 'cursor' where it is not associated with a value"),)
08:35:33 - ERR - getRecords - (OperationalError('could not translate host name ""projectdawa.cxmio0amun51.us-east-2.rds.amazonaws.com"" to address: Host desconocido. \n'),)
08:35:34 - ERR - Login - (UnboundLocalError("cannot access local variable 'cursor' where it is not associated with a value"),)
08:35:37 - ERR - getRecords - (OperationalError('could not translate host name ""projectdawa.cxmio0amun51.us-east-2.rds.amazonaws.com"" to address: Host desconocido. \n'),)
08:35:37 - ERR - Login - (UnboundLocalError("cannot access local variable 'cursor' where it is not associated with a value"),)
08:40:16 - ERR - getRecords - (UndefinedTable('relation "usuarios" does not exist\nLINE 3:                 FROM Usuarios \n                             ^\n'),)
08:41:49 - ERR - post - ("Error al validar el request -> {'correo_electronico': ['Missing data for required field.'], 'contrasena': ['Missing data for required field.'], 'apellidos': ['Missing data for required field.'], 'nombres': ['Missing data for required field.'], 'id_usuario': ['Unknown field.'], 'contrasena_actual': ['Unknown field.']}",)
08:45:05 - ERR - getRecords - (UndefinedTable('relation "grupos" does not exist\nLINE 4:                 JOIN Grupos G ON UG.id_grupo = G.id_grupo\n                             ^\n'),)
