05:28:15 - ERR - post - ("Error al validar el request -> {'user_names': ['Missing data for required field.'], 'user_mail': ['Missing data for required field.'], 'user_login_id': ['Missing data for required field.'], 'user_password': ['Missing data for required field.'], 'user_lastnames': ['Missing data for required field.'], 'first_name': ['Unknown field.'], 'password': ['Unknown field.'], 'university': ['Unknown field.'], 'last_name': ['Unknown field.'], 'email': ['Unknown field.'], 'username': ['Unknown field.'], 'phone': ['Unknown field.']}",)
05:28:47 - ERR - post - ("Error al validar el request -> {'user_names': ['Missing data for required field.'], 'user_mail': ['Missing data for required field.'], 'user_login_id': ['Missing data for required field.'], 'user_password': ['Missing data for required field.'], 'user_lastnames': ['Missing data for required field.'], 'first_name': ['Unknown field.'], 'password': ['Unknown field.'], 'university': ['Unknown field.'], 'last_name': ['Unknown field.'], 'email': ['Unknown field.'], 'username': ['Unknown field.'], 'phone': ['Unknown field.']}",)
05:29:38 - ERR - post - ("Error al validar el request -> {'user_names': ['Missing data for required field.'], 'user_mail': ['Missing data for required field.'], 'user_login_id': ['Missing data for required field.'], 'user_password': ['Missing data for required field.'], 'user_lastnames': ['Missing data for required field.'], 'first_name': ['Unknown field.'], 'password': ['Unknown field.'], 'university': ['Unknown field.'], 'last_name': ['Unknown field.'], 'email': ['Unknown field.'], 'username': ['Unknown field.'], 'phone': ['Unknown field.']}",)
05:29:44 - ERR - post - ("Error al validar el request -> {'user_names': ['Missing data for required field.'], 'user_mail': ['Missing data for required field.'], 'user_login_id': ['Missing data for required field.'], 'user_password': ['Missing data for required field.'], 'user_lastnames': ['Missing data for required field.'], 'first_name': ['Unknown field.'], 'password': ['Unknown field.'], 'university': ['Unknown field.'], 'last_name': ['Unknown field.'], 'email': ['Unknown field.'], 'username': ['Unknown field.'], 'phone': ['Unknown field.']}",)
05:34:16 - ERR - Register - (KeyError('usuario'),)
05:34:41 - ERR - Register - (KeyError('usuario'),)
05:35:47 - ERR - post - ("Error al validar el request -> {'user_mail': ['Missing data for required field.'], 'user_login_id': ['Missing data for required field.'], 'user_names': ['Missing data for required field.'], 'user_password': ['Missing data for required field.'], 'user_lastnames': ['Missing data for required field.'], 'email': ['Unknown field.'], 'username': ['Unknown field.'], 'last_name': ['Unknown field.'], 'password': ['Unknown field.'], 'university': ['Unknown field.'], 'phone': ['Unknown field.'], 'first_name': ['Unknown field.']}",)
05:38:15 - ERR - post - ("Error al validar el request -> {'apellidos': ['Missing data for required field.'], 'correo_electronico': ['Missing data for required field.'], 'nombres': ['Missing data for required field.'], 'usuario': ['Missing data for required field.'], 'contrasena': ['Missing data for required field.'], 'university': ['Unknown field.'], 'email': ['Unknown field.'], 'password': ['Unknown field.'], 'first_name': ['Unknown field.'], 'phone': ['Unknown field.'], 'username': ['Unknown field.'], 'last_name': ['Unknown field.']}",)
05:46:25 - ERR - post - ("Error al validar el request -> {'usuario': ['Missing data for required field.'], 'nombres': ['Missing data for required field.'], 'contrasena': ['Missing data for required field.'], 'correo_electronico': ['Missing data for required field.'], 'apellidos': ['Missing data for required field.'], 'university': ['Unknown field.'], 'username': ['Unknown field.'], 'last_name': ['Unknown field.'], 'password': ['Unknown field.'], 'phone': ['Unknown field.'], 'email': ['Unknown field.'], 'first_name': ['Unknown field.']}",)
05:46:25 - ERR - post - ("Error al validar el request -> {'usuario': ['Missing data for required field.'], 'nombres': ['Missing data for required field.'], 'contrasena': ['Missing data for required field.'], 'correo_electronico': ['Missing data for required field.'], 'apellidos': ['Missing data for required field.'], 'university': ['Unknown field.'], 'username': ['Unknown field.'], 'last_name': ['Unknown field.'], 'password': ['Unknown field.'], 'phone': ['Unknown field.'], 'email': ['Unknown field.'], 'first_name': ['Unknown field.']}",)
05:46:29 - ERR - post - ("Error al validar el request -> {'usuario': ['Missing data for required field.'], 'nombres': ['Missing data for required field.'], 'contrasena': ['Missing data for required field.'], 'correo_electronico': ['Missing data for required field.'], 'apellidos': ['Missing data for required field.'], 'university': ['Unknown field.'], 'username': ['Unknown field.'], 'last_name': ['Unknown field.'], 'password': ['Unknown field.'], 'phone': ['Unknown field.'], 'email': ['Unknown field.'], 'first_name': ['Unknown field.']}",)
05:58:04 - ERR - Login - (TypeError("'NoneType' object is not iterable"),)
05:59:39 - ERR - Login - (TypeError("'NoneType' object is not iterable"),)
06:00:00 - ERR - Login - (TypeError("'NoneType' object is not iterable"),)
06:00:30 - ERR - Login - (TypeError("'NoneType' object is not iterable"),)
06:00:30 - ERR - Login - (TypeError("'NoneType' object is not iterable"),)
06:03:53 - ERR - Login - (TypeError("'NoneType' object is not iterable"),)
17:22:13 - ERR - post - (AttributeError("'Request' object has no attribute 'user_id'"),)
17:23:19 - ERR - post - (AttributeError("'Request' object has no attribute 'user_id'"),)
18:24:42 - ERR - post - (AttributeError("'Request' object has no attribute 'user_id'"),)
18:24:42 - ERR - post - (AttributeError("'Request' object has no attribute 'user_id'"),)
18:58:24 - ERR - post - (AttributeError("'Request' object has no attribute 'user_id'"),)
19:01:29 - ERR - post - ("Error al validar el request -> {'nombre_grupo': ['Missing data for required field.'], 'estado': ['Unknown field.'], 'rama_general': ['Unknown field.'], 'nombre_materia': ['Unknown field.'], 'num_creditos': ['Unknown field.']}",)
19:02:08 - ERR - post - ("Error al validar el request -> {'descripcion': ['Missing data for required field.']}",)
19:02:30 - ERR - post - (AttributeError("'Request' object has no attribute 'user_id'"),)
19:08:02 - ERR - post - ("Error al validar el request -> {'user_id': ['Missing data for required field.']}",)
19:08:31 - ERR - post - (AttributeError("'Request' object has no attribute 'user_id'"),)
19:08:56 - ERR - post - (AttributeError("'Request' object has no attribute 'user_id'"),)
19:09:24 - ERR - post - ("Error al validar el request -> {'user_id': ['Missing data for required field.']}",)
19:09:50 - ERR - post - ("Error al validar el request -> {'user_id': ['Missing data for required field.']}",)
19:10:14 - ERR - post - (AttributeError("'Request' object has no attribute 'user_id'"),)
19:10:35 - ERR - post - (<BadRequest '400: Bad Request'>,)
19:10:37 - ERR - post - ("Error al validar el request -> {'user_id': ['Missing data for required field.']}",)
19:10:46 - ERR - post - (AttributeError("'Request' object has no attribute 'user_id'"),)
19:22:25 - ERR - post - (AttributeError("'Request' object has no attribute 'user_id'"),)
19:32:01 - ERR - post - ("Error al validar el request -> {'id_usuario': ['Missing data for required field.']}",)
19:32:32 - ERR - crear_grupo - (AttributeError("type object 'DataBaseHandle' has no attribute 'ExecuteQuery'"),)
19:33:55 - ERR - crear_grupo - (TypeError("'int' object is not subscriptable"),)
19:36:36 - ERR - crear_grupo - (TypeError("'int' object is not subscriptable"),)
19:38:29 - ERR - crear_grupo - (TypeError("'int' object is not subscriptable"),)
19:39:36 - ERR - crear_grupo - (TypeError("'int' object is not subscriptable"),)
