18:19:38 - ERR - put - ("Error al validar el request -> {'contrasena_actual': ['Missing data for required field.'], 'descripcion': ['Unknown field.'], 'nombre_grupo': ['Unknown field.']}",)
18:20:33 - ERR - put - (<BadRequest '400: Bad Request'>,)
18:20:41 - ERR - put - ("Error al validar el request -> {'id_usuario': ['Missing data for required field.']}",)
18:21:24 - ERR - update_user - (AttributeError("type object 'DataBaseHandle' has no attribute 'ExecuteQuery'"),)
18:21:55 - ERR - update_user - (TypeError("'int' object is not subscriptable"),)
18:23:43 - ERR - update_user - (AttributeError("type object 'DataBaseHandle' has no attribute 'ExecuteQuery'"),)
18:24:06 - ERR - update_user - (TypeError("'int' object is not subscriptable"),)
18:25:08 - ERR - update_user - (TypeError("'int' object is not subscriptable"),)
18:25:16 - ERR - update_user - (TypeError("'int' object is not subscriptable"),)
18:26:06 - ERR - update_user - (TypeError("'int' object is not subscriptable"),)
18:26:43 - ERR - update_user - (AttributeError("type object 'DataBaseHandle' has no attribute 'ExecuteQuery'"),)
18:27:06 - ERR - update_user - (TypeError("'int' object is not subscriptable"),)
18:27:18 - ERR - update_user - (TypeError("'int' object is not subscriptable"),)
18:27:32 - ERR - update_user - (TypeError("'int' object is not subscriptable"),)
18:28:13 - ERR - put - ("Error al validar el request -> {'id_usuario': ['Not a valid string.']}",)
18:28:20 - ERR - update_user - (TypeError("'int' object is not subscriptable"),)
18:39:00 - ERR - update_user - (TypeError("'int' object is not subscriptable"),)
18:39:59 - ERR - update_user - (TypeError("'int' object is not subscriptable"),)
18:43:41 - ERR - update_user - (TypeError("'int' object is not subscriptable"),)
18:46:53 - ERR - update_user - (TypeError("'int' object is not subscriptable"),)
18:50:10 - ERR - update_user - (TypeError("'int' object is not subscriptable"),)
18:50:13 - ERR - update_user - (TypeError("'int' object is not subscriptable"),)
18:50:32 - ERR - update_user - (TypeError("'int' object is not subscriptable"),)
