21:01:14 - ERR - Login - (KeyError('valor'),)
21:02:42 - ERR - Login - (KeyError('valor'),)
21:02:56 - ERR - Login - (TypeError("'NoneType' object is not subscriptable"),)
21:03:14 - ERR - Login - (KeyError('valor'),)
21:03:45 - ERR - Login - (KeyError('valor'),)
21:05:40 - ERR - Login - (KeyError(0),)
21:06:59 - ERR - Login - (KeyError(0),)
21:07:53 - ERR - Login - (KeyError(0),)
21:07:55 - ERR - Login - (KeyError(0),)
21:08:00 - ERR - Login - (KeyError(0),)
21:09:50 - ERR - Login - (KeyError(0),)
21:09:53 - ERR - Login - (KeyError(0),)
21:10:03 - ERR - Login - (TypeError("object of type 'NoneType' has no len()"),)
21:10:18 - ERR - Login - (KeyError(0),)
21:15:36 - ERR - Login - (KeyError(0),)
21:15:37 - ERR - Login - (KeyError(0),)
21:15:45 - ERR - Login - (KeyError(0),)
21:15:48 - ERR - Login - (KeyError(0),)
21:52:57 - ERR - Login - (KeyError(0),)
21:55:24 - ERR - Login - (KeyError(0),)
22:13:21 - ERR - getRecords - (SyntaxError('error de sintaxis en o cerca de «From»\nLINE 1: ... rol_name, rol_description, menu_name, menu_icon, From menu_...\n                                                             ^\n'),)
22:13:23 - ERR - getRecords - (SyntaxError('error de sintaxis en o cerca de «From»\nLINE 1: ... rol_name, rol_description, menu_name, menu_icon, From menu_...\n                                                             ^\n'),)
22:13:44 - ERR - getRecords - (SyntaxError('error de sintaxis en o cerca de «From»\nLINE 1: ... rol_name, rol_description, menu_name, menu_icon, From menu_...\n                                                             ^\n'),)
22:36:25 - ERR - getRecords - (UndefinedTable('no existe la relación «tb_user»\nLINE 1: SELECT * FROM tb_user WHERE user_state = true\n                      ^\n'),)
22:59:22 - ERR - getRecords - (UndefinedColumn('no existe la columna smr.smr_rol_id\nLINE 9: ...       LEFT JOIN segu_menu_rol smr ON sr.rol_id = smr.smr_ro...\n                                                             ^\nHINT:  Probablemente quiera hacer referencia a la columna «smr.mr_rol_id».\n'),)
