05:26:06 - INF - <module> - ('Servicio Iniciado',)
05:26:13 - INF - <module> - ('Servicio Iniciado',)
05:28:15 - INF - post - ('Ejecutando servicio de Registro',)
05:28:47 - INF - post - ('Ejecutando servicio de Registro',)
05:29:38 - INF - post - ('Ejecutando servicio de Registro',)
05:29:44 - INF - post - ('Ejecutando servicio de Registro',)
05:33:57 - INF - <module> - ('Servicio Finalizado',)
05:34:08 - INF - <module> - ('Servicio Iniciado',)
05:34:16 - INF - post - ('Ejecutando servicio de Registro',)
05:34:41 - INF - post - ('Ejecutando servicio de Registro',)
05:35:35 - INF - <module> - ('Servicio Finalizado',)
05:35:47 - INF - <module> - ('Servicio Iniciado',)
05:35:47 - INF - post - ('Ejecutando servicio de Registro',)
05:37:43 - INF - <module> - ('Servicio Finalizado',)
05:37:50 - INF - <module> - ('Servicio Iniciado',)
05:37:55 - INF - <module> - ('Servicio Finalizado',)
05:37:56 - INF - <module> - ('Servicio Iniciado',)
05:38:08 - INF - <module> - ('Servicio Finalizado',)
05:38:10 - INF - <module> - ('Servicio Iniciado',)
05:38:15 - INF - post - ('Ejecutando servicio de Registro',)
05:40:50 - INF - <module> - ('Servicio Finalizado',)
05:41:02 - INF - <module> - ('Servicio Iniciado',)
05:41:06 - INF - <module> - ('Servicio Finalizado',)
05:41:06 - INF - <module> - ('Servicio Finalizado',)
05:41:22 - INF - <module> - ('Servicio Iniciado',)
05:41:27 - INF - <module> - ('Servicio Iniciado',)
05:46:25 - INF - post - ('Ejecutando servicio de Registro',)
05:46:25 - INF - post - ('Ejecutando servicio de Registro',)
05:46:29 - INF - post - ('Ejecutando servicio de Registro',)
05:48:50 - INF - post - ('Ejecutando servicio de Registro',)
05:49:09 - INF - post - ('Ejecutando servicio de Login',)
05:57:24 - INF - <module> - ('Servicio Finalizado',)
05:57:34 - INF - <module> - ('Servicio Iniciado',)
05:58:04 - INF - post - ('Ejecutando servicio de Login',)
05:59:09 - INF - <module> - ('Servicio Finalizado',)
05:59:19 - INF - <module> - ('Servicio Iniciado',)
05:59:28 - INF - post - ('Ejecutando servicio de Login',)
05:59:28 - INF - post - ('Ejecutando servicio de Login',)
05:59:39 - INF - post - ('Ejecutando servicio de Login',)
05:59:58 - INF - post - ('Ejecutando servicio de Login',)
06:00:21 - INF - <module> - ('Servicio Finalizado',)
06:00:29 - INF - <module> - ('Servicio Iniciado',)
06:00:29 - INF - post - ('Ejecutando servicio de Login',)
06:00:29 - INF - post - ('Ejecutando servicio de Login',)
06:00:42 - INF - <module> - ('Servicio Finalizado',)
06:00:44 - INF - <module> - ('Servicio Iniciado',)
06:01:56 - INF - <module> - ('Servicio Finalizado',)
06:02:03 - INF - <module> - ('Servicio Iniciado',)
06:03:33 - INF - post - ('Ejecutando servicio de Login',)
06:03:52 - INF - post - ('Ejecutando servicio de Login',)
06:05:01 - INF - <module> - ('Servicio Finalizado',)
06:05:05 - INF - <module> - ('Servicio Iniciado',)
06:05:12 - INF - post - ('Ejecutando servicio de Login',)
06:06:27 - INF - post - ('Ejecutando servicio de Login',)
06:17:18 - INF - post - ('Ejecutando servicio de Login',)
06:26:56 - INF - post - ('Ejecutando servicio de Login',)
06:52:12 - INF - post - ('Ejecutando servicio de Login',)
07:13:14 - INF - <module> - ('Servicio Finalizado',)
15:38:41 - INF - <module> - ('Servicio Iniciado',)
15:38:43 - INF - <module> - ('Servicio Iniciado',)
15:44:32 - INF - post - ('Ejecutando servicio de Login',)
15:56:41 - INF - <module> - ('Servicio Finalizado',)
15:57:03 - INF - <module> - ('Servicio Finalizado',)
16:01:46 - INF - <module> - ('Servicio Iniciado',)
16:01:48 - INF - <module> - ('Servicio Iniciado',)
16:32:05 - INF - post - ('Ejecutando servicio de Login',)
16:35:31 - INF - post - ('Ejecutando servicio de Login',)
16:43:51 - INF - post - ('Ejecutando servicio de Login',)
16:50:17 - INF - post - ('Ejecutando servicio de Login',)
16:57:41 - INF - post - ('Ejecutando servicio de Login',)
16:57:48 - INF - post - ('Ejecutando servicio de Login',)
16:58:40 - INF - post - ('Ejecutando servicio de Login',)
17:02:07 - INF - post - ('Ejecutando servicio de Login',)
17:03:14 - INF - post - ('Ejecutando servicio de Login',)
17:05:33 - INF - post - ('Ejecutando servicio de Login',)
17:06:24 - INF - post - ('Ejecutando servicio de Login',)
17:08:09 - INF - post - ('Ejecutando servicio de Login',)
17:17:13 - INF - post - ('Ejecutando servicio de Login',)
17:22:13 - INF - post - ('Ejecutando servicio para crear grupo',)
17:23:00 - INF - post - ('Ejecutando servicio de Login',)
17:23:19 - INF - post - ('Ejecutando servicio para crear grupo',)
17:40:21 - INF - post - ('Ejecutando servicio de Login',)
17:51:56 - INF - post - ('Ejecutando servicio de Login',)
17:55:03 - INF - post - ('Ejecutando servicio de Login',)
18:00:25 - INF - post - ('Ejecutando servicio de Login',)
18:01:34 - INF - post - ('Ejecutando servicio de Login',)
18:11:45 - INF - post - ('Ejecutando servicio de Login',)
18:13:36 - INF - post - ('Ejecutando servicio de Login',)
18:21:22 - INF - post - ('Ejecutando servicio de Login',)
18:21:29 - INF - post - ('Ejecutando servicio de Login',)
18:22:42 - INF - post - ('Ejecutando servicio de Login',)
18:22:52 - INF - post - ('Ejecutando servicio de Login',)
18:23:51 - INF - post - ('Ejecutando servicio de Login',)
18:24:19 - INF - post - ('Ejecutando servicio de Login',)
18:24:19 - INF - post - ('Ejecutando servicio de Login',)
18:24:42 - INF - post - ('Ejecutando servicio para crear grupo',)
18:24:42 - INF - post - ('Ejecutando servicio para crear grupo',)
18:27:39 - INF - post - ('Ejecutando servicio de Login',)
18:32:18 - INF - post - ('Ejecutando servicio de Login',)
18:35:26 - INF - post - ('Ejecutando servicio de Login',)
18:37:58 - INF - post - ('Ejecutando servicio de Login',)
18:45:58 - INF - post - ('Ejecutando servicio de Login',)
18:46:05 - INF - post - ('Ejecutando servicio de Login',)
18:47:13 - INF - post - ('Ejecutando servicio de Login',)
18:57:47 - INF - post - ('Ejecutando servicio de Login',)
18:58:24 - INF - post - ('Ejecutando servicio para crear grupo',)
19:01:29 - INF - post - ('Ejecutando servicio para crear grupo',)
19:02:08 - INF - post - ('Ejecutando servicio para crear grupo',)
19:02:30 - INF - post - ('Ejecutando servicio para crear grupo',)
19:07:57 - INF - <module> - ('Servicio Finalizado',)
19:08:02 - INF - <module> - ('Servicio Iniciado',)
19:08:02 - INF - post - ('Ejecutando servicio para crear grupo',)
19:08:31 - INF - post - ('Ejecutando servicio para crear grupo',)
19:08:50 - INF - <module> - ('Servicio Finalizado',)
19:08:53 - INF - <module> - ('Servicio Iniciado',)
19:08:56 - INF - post - ('Ejecutando servicio para crear grupo',)
19:09:24 - INF - post - ('Ejecutando servicio para crear grupo',)
19:09:31 - INF - <module> - ('Servicio Finalizado',)
19:09:32 - INF - <module> - ('Servicio Iniciado',)
19:09:47 - INF - <module> - ('Servicio Finalizado',)
19:09:50 - INF - <module> - ('Servicio Iniciado',)
19:09:50 - INF - post - ('Ejecutando servicio para crear grupo',)
19:10:14 - INF - post - ('Ejecutando servicio para crear grupo',)
19:10:35 - INF - post - ('Ejecutando servicio para crear grupo',)
19:10:37 - INF - post - ('Ejecutando servicio para crear grupo',)
19:10:43 - INF - <module> - ('Servicio Finalizado',)
19:10:45 - INF - <module> - ('Servicio Iniciado',)
19:10:46 - INF - post - ('Ejecutando servicio para crear grupo',)
19:22:00 - INF - <module> - ('Servicio Finalizado',)
19:22:16 - INF - <module> - ('Servicio Iniciado',)
19:22:24 - INF - post - ('Ejecutando servicio para crear grupo',)
19:24:19 - INF - <module> - ('Servicio Finalizado',)
19:24:22 - INF - <module> - ('Servicio Iniciado',)
19:24:30 - INF - <module> - ('Servicio Finalizado',)
19:24:31 - INF - <module> - ('Servicio Iniciado',)
19:32:01 - INF - post - ('Ejecutando servicio para crear grupo',)
19:32:32 - INF - post - ('Ejecutando servicio para crear grupo',)
19:33:39 - INF - <module> - ('Servicio Finalizado',)
19:33:53 - INF - <module> - ('Servicio Iniciado',)
19:33:54 - INF - post - ('Ejecutando servicio para crear grupo',)
19:36:36 - INF - post - ('Ejecutando servicio para crear grupo',)
19:37:50 - INF - <module> - ('Servicio Finalizado',)
19:37:52 - INF - <module> - ('Servicio Finalizado',)
19:38:24 - INF - <module> - ('Servicio Iniciado',)
19:38:25 - INF - <module> - ('Servicio Iniciado',)
19:38:28 - INF - post - ('Ejecutando servicio para crear grupo',)
19:39:27 - INF - <module> - ('Servicio Finalizado',)
19:39:31 - INF - <module> - ('Servicio Iniciado',)
19:39:35 - INF - post - ('Ejecutando servicio para crear grupo',)
