00:00:19 - INF - post - ('Ejecutando servicio de Creacion de publicidad',)
00:01:06 - INF - post - ('Ejecutando servicio de Creacion de publicidad',)
00:11:22 - INF - get - ('Ejecutando servicio para obtener grupos por usuario',)
00:11:24 - INF - get - ('Ejecutando servicio para obtener grupos por usuario',)
00:11:25 - INF - get - ('Ejecutando servicio para obtener grupos por usuario',)
00:11:42 - INF - get - ('Ejecutando servicio para obtener grupos por usuario',)
00:11:43 - INF - get - ('Ejecutando servicio para obtener grupos por usuario',)
00:11:45 - INF - get - ('Ejecutando servicio para obtener grupos por usuario',)
00:11:46 - INF - get - ('Ejecutando servicio para obtener grupos por usuario',)
00:11:54 - INF - get - ('Ejecutando servicio para obtener grupos por usuario',)
00:11:55 - INF - get - ('Ejecutando servicio para obtener grupos por usuario',)
00:12:17 - INF - get - ('Ejecutando servicio para obtener grupos por usuario',)
00:12:18 - INF - get - ('Ejecutando servicio para obtener grupos por usuario',)
00:12:21 - INF - get - ('Ejecutando servicio para obtener grupos por usuario',)
00:12:22 - INF - get - ('Ejecutando servicio para obtener grupos por usuario',)
00:13:29 - INF - get - ('Ejecutando servicio para obtener todos los grupos',)
00:13:30 - INF - get - ('Ejecutando servicio para obtener todos los grupos',)
00:13:32 - INF - get - ('Ejecutando servicio para obtener todos los grupos',)
00:13:33 - INF - get - ('Ejecutando servicio para obtener todos los grupos',)
00:13:35 - INF - get - ('Ejecutando servicio para obtener grupos por usuario',)
00:13:36 - INF - get - ('Ejecutando servicio para obtener grupos por usuario',)
00:15:23 - INF - get - ('Ejecutando servicio para obtener grupos por usuario',)
00:15:24 - INF - get - ('Ejecutando servicio para obtener grupos por usuario',)
00:18:15 - INF - get - ('Ejecutando servicio para obtener grupos por usuario',)
00:18:35 - INF - post - ('Ejecutando servicio de Creacion de publicidad',)
00:18:47 - INF - post - ('Ejecutando servicio de Creacion de publicidad',)
00:19:29 - INF - post - ('Ejecutando servicio de Creacion de publicidad',)
00:20:27 - INF - post - ('Ejecutando servicio de Creacion de publicidad',)
00:22:49 - INF - post - ('Ejecutando servicio de Creacion de publicidad',)
00:23:45 - INF - get - ('Ejecutando servicio para obtener grupos por usuario',)
00:28:50 - INF - get - ('Ejecutando servicio para obtener grupos por usuario',)
00:28:51 - INF - get - ('Ejecutando servicio para obtener grupos por usuario',)
00:29:22 - INF - get - ('Ejecutando servicio para obtener todos los grupos',)
00:29:23 - INF - get - ('Ejecutando servicio para obtener todos los grupos',)
00:30:05 - INF - get - ('Ejecutando servicio para obtener todos los grupos',)
00:32:32 - INF - get - ('Ejecutando servicio para obtener grupos por usuario',)
00:32:47 - INF - get - ('Ejecutando servicio para obtener grupos por usuario',)
00:32:48 - INF - get - ('Ejecutando servicio para obtener grupos por usuario',)
00:32:53 - INF - get - ('Ejecutando servicio para obtener todos los grupos',)
00:32:55 - INF - get - ('Ejecutando servicio para obtener todos los grupos',)
00:32:56 - INF - get - ('Ejecutando servicio para obtener todos los grupos',)
00:33:52 - INF - get - ('Ejecutando servicio para obtener grupos por usuario',)
00:33:56 - INF - get - ('Ejecutando servicio para obtener grupos por usuario',)
00:33:57 - INF - get - ('Ejecutando servicio para obtener grupos por usuario',)
00:55:34 - INF - <module> - ('Servicio Finalizado',)
00:55:59 - INF - <module> - ('Servicio Iniciado',)
01:01:56 - INF - get - ('Ejecutando servicio para obtener grupos por usuario',)
01:01:58 - INF - get - ('Ejecutando servicio para obtener grupos por usuario',)
01:02:01 - INF - post - ('Ejecutando servicio de Creacion de publicidad',)
01:02:13 - INF - post - ('Ejecutando servicio de Creacion de publicidad',)
01:05:45 - INF - <module> - ('Servicio Finalizado',)
01:05:59 - INF - <module> - ('Servicio Iniciado',)
01:06:02 - INF - <module> - ('Servicio Finalizado',)
01:06:04 - INF - <module> - ('Servicio Iniciado',)
01:06:19 - INF - post - ('Ejecutando servicio de Creacion de publicidad',)
01:07:03 - INF - get - ('Ejecutando servicio para obtener grupos por usuario',)
01:07:05 - INF - post - ('Ejecutando servicio de Creacion de publicidad',)
01:07:55 - INF - get - ('Ejecutando servicio para obtener grupos por usuario',)
01:07:58 - INF - post - ('Ejecutando servicio de Creacion de publicidad',)
01:08:57 - INF - <module> - ('Servicio Finalizado',)
01:08:59 - INF - <module> - ('Servicio Iniciado',)
01:09:22 - INF - <module> - ('Servicio Finalizado',)
01:09:24 - INF - <module> - ('Servicio Iniciado',)
01:09:28 - INF - <module> - ('Servicio Finalizado',)
01:09:32 - INF - <module> - ('Servicio Iniciado',)
01:11:50 - INF - get - ('Ejecutando servicio para obtener grupos por usuario',)
01:16:22 - INF - get - ('Ejecutando servicio para obtener grupos por usuario',)
01:16:29 - INF - post - ('Ejecutando servicio de Creacion de publicidad',)
01:16:36 - INF - get - ('Ejecutando servicio de Publicaciones',)
01:17:02 - INF - post - ('Ejecutando servicio de Creacion de publicidad',)
01:17:28 - INF - post - ('Ejecutando servicio de Creacion de publicidad',)
01:20:07 - INF - post - ('Ejecutando servicio de Login',)
01:20:10 - INF - post - ("Resultado del Login: {'result': True, 'data': {'id_usuario': 5, 'usuario': 'Zartharion', 'nombres': 'Ignacio Valencia', 'apellidos': 'Valencia Moyano', 'correo_electronico': 'zarthitas@ug.edu.ec', 'rol': 'administrador', 'universidad': 'Facultad de Ciencias Fisicas y Matemátivas', 'ultima_hora_acceso': None, 'token': 'eyJhbGciOiJIUzI1NiIsInR5cCI6IkpXVCJ9.eyJpYXQiOjE3MjIzMjA0MTAsImV4cCI6MTcyMjMyMzExMCwidXNlcm5hbWUiOiJaYXJ0aGFyaW9uIn0.2LHIuEBp9CkmaGk6WkDoHQSp2UkJ2Iy2P9-WP-HyROo'}, 'message': 'Login Exitoso'}",)
01:20:10 - INF - get - ('Ejecutando servicio para obtener grupos por usuario',)
01:20:11 - INF - get - ('Ejecutando servicio para obtener grupos por usuario',)
01:20:13 - INF - get - ('Ejecutando servicio para obtener grupos por usuario',)
01:20:14 - INF - get - ('Ejecutando servicio para obtener grupos por usuario',)
01:42:38 - INF - <module> - ('Servicio Finalizado',)
01:42:59 - INF - <module> - ('Servicio Iniciado',)
01:49:57 - INF - <module> - ('Servicio Finalizado',)
01:50:00 - INF - <module> - ('Servicio Iniciado',)
01:59:39 - INF - <module> - ('Servicio Finalizado',)
02:00:04 - INF - <module> - ('Servicio Iniciado',)
02:00:38 - INF - get - ('Ejecutando servicio para obtener publicaciones por grupo',)
02:00:53 - INF - get - ('Ejecutando servicio para obtener publicaciones por grupo',)
02:01:32 - INF - get - ('Ejecutando servicio para obtener publicaciones por grupo',)
02:02:45 - INF - get - ('Ejecutando servicio para obtener publicaciones por grupo',)
02:02:51 - INF - get - ('Ejecutando servicio para obtener publicaciones por grupo',)
02:06:27 - INF - <module> - ('Servicio Finalizado',)
02:06:37 - INF - <module> - ('Servicio Iniciado',)
02:06:49 - INF - <module> - ('Servicio Finalizado',)
02:06:51 - INF - <module> - ('Servicio Iniciado',)
02:06:56 - INF - get - ('Ejecutando servicio para obtener publicaciones por grupo',)
02:12:46 - INF - get - ('Ejecutando servicio para obtener publicaciones por grupo',)
02:13:08 - INF - get - ('Ejecutando servicio para obtener publicaciones por grupo',)
02:28:24 - INF - get - ('Ejecutando servicio para obtener grupos por usuario',)
02:28:25 - INF - get - ('Ejecutando servicio para obtener grupos por usuario',)
02:28:28 - INF - get - ('Ejecutando servicio para obtener publicaciones por grupo',)
02:28:31 - INF - get - ('Ejecutando servicio para obtener publicaciones por grupo',)
02:28:32 - INF - get - ('Ejecutando servicio para obtener publicaciones por grupo',)
02:28:33 - INF - get - ('Ejecutando servicio para obtener publicaciones por grupo',)
02:28:34 - INF - get - ('Ejecutando servicio para obtener publicaciones por grupo',)
02:28:38 - INF - get - ('Ejecutando servicio para obtener publicaciones por grupo',)
02:28:40 - INF - get - ('Ejecutando servicio para obtener publicaciones por grupo',)
02:29:10 - INF - get - ('Ejecutando servicio para obtener publicaciones por grupo',)
02:31:05 - INF - get - ('Ejecutando servicio para obtener grupos por usuario',)
02:31:06 - INF - get - ('Ejecutando servicio para obtener grupos por usuario',)
02:31:11 - INF - get - ('Ejecutando servicio para obtener publicaciones por grupo',)
02:31:12 - INF - get - ('Ejecutando servicio para obtener publicaciones por grupo',)
02:34:04 - INF - get - ('Ejecutando servicio para obtener grupos por usuario',)
02:34:04 - INF - get - ('Ejecutando servicio para obtener publicaciones por grupo',)
02:34:08 - INF - get - ('Ejecutando servicio para obtener publicaciones por grupo',)
02:34:09 - INF - get - ('Ejecutando servicio para obtener publicaciones por grupo',)
02:34:09 - INF - get - ('Ejecutando servicio para obtener publicaciones por grupo',)
02:34:09 - INF - get - ('Ejecutando servicio para obtener publicaciones por grupo',)
02:34:10 - INF - get - ('Ejecutando servicio para obtener publicaciones por grupo',)
02:34:11 - INF - get - ('Ejecutando servicio para obtener publicaciones por grupo',)
02:34:11 - INF - get - ('Ejecutando servicio para obtener publicaciones por grupo',)
02:40:55 - INF - get - ('Ejecutando servicio para obtener grupos por usuario',)
02:40:56 - INF - get - ('Ejecutando servicio para obtener grupos por usuario',)
02:40:58 - INF - get - ('Ejecutando servicio para obtener publicaciones por grupo',)
02:40:59 - INF - get - ('Ejecutando servicio para obtener publicaciones por grupo',)
02:41:02 - INF - get - ('Ejecutando servicio para obtener publicaciones por grupo',)
02:41:03 - INF - get - ('Ejecutando servicio para obtener publicaciones por grupo',)
02:41:04 - INF - get - ('Ejecutando servicio para obtener publicaciones por grupo',)
02:41:04 - INF - get - ('Ejecutando servicio para obtener publicaciones por grupo',)
02:41:04 - INF - get - ('Ejecutando servicio para obtener publicaciones por grupo',)
02:41:05 - INF - get - ('Ejecutando servicio para obtener publicaciones por grupo',)
02:41:05 - INF - get - ('Ejecutando servicio para obtener publicaciones por grupo',)
02:41:39 - INF - get - ('Ejecutando servicio para obtener grupos por usuario',)
02:41:40 - INF - get - ('Ejecutando servicio para obtener grupos por usuario',)
02:41:42 - INF - get - ('Ejecutando servicio para obtener publicaciones por grupo',)
02:41:43 - INF - get - ('Ejecutando servicio para obtener publicaciones por grupo',)
02:41:52 - INF - get - ('Ejecutando servicio para obtener publicaciones por grupo',)
02:42:59 - INF - get - ('Ejecutando servicio para obtener publicaciones por grupo',)
02:43:00 - INF - get - ('Ejecutando servicio para obtener publicaciones por grupo',)
02:43:05 - INF - get - ('Ejecutando servicio para obtener publicaciones por grupo',)
02:43:06 - INF - get - ('Ejecutando servicio para obtener publicaciones por grupo',)
02:43:06 - INF - get - ('Ejecutando servicio para obtener publicaciones por grupo',)
02:43:07 - INF - get - ('Ejecutando servicio para obtener publicaciones por grupo',)
02:44:13 - INF - get - ('Ejecutando servicio para obtener publicaciones por grupo',)
02:49:07 - INF - <module> - ('Servicio Finalizado',)
02:49:35 - INF - <module> - ('Servicio Iniciado',)
02:51:38 - INF - get - ('Ejecutando servicio para obtener grupos por usuario',)
02:51:40 - INF - get - ('Ejecutando servicio para obtener grupos por usuario',)
02:51:45 - INF - get - ('Ejecutando servicio para obtener grupos por usuario',)
02:51:47 - INF - get - ('Ejecutando servicio para obtener publicaciones por grupo',)
02:51:48 - INF - get - ('Ejecutando servicio para obtener publicaciones por grupo',)
02:52:05 - INF - get - ('Ejecutando servicio para obtener publicaciones por grupo',)
02:52:06 - INF - get - ('Ejecutando servicio para obtener publicaciones por grupo',)
02:52:10 - INF - get - ('Ejecutando servicio para obtener publicaciones por grupo',)
02:52:11 - INF - get - ('Ejecutando servicio para obtener publicaciones por grupo',)
02:52:25 - INF - get - ('Ejecutando servicio para obtener publicaciones por grupo',)
02:52:26 - INF - get - ('Ejecutando servicio para obtener publicaciones por grupo',)
02:52:32 - INF - get - ('Ejecutando servicio para obtener grupos por usuario',)
02:52:33 - INF - get - ('Ejecutando servicio para obtener grupos por usuario',)
02:52:35 - INF - get - ('Ejecutando servicio para obtener publicaciones por grupo',)
02:52:36 - INF - get - ('Ejecutando servicio para obtener publicaciones por grupo',)
02:53:15 - INF - <module> - ('Servicio Finalizado',)
02:53:29 - INF - <module> - ('Servicio Iniciado',)
02:53:29 - INF - get - ('Ejecutando servicio para obtener publicaciones por grupo',)
02:53:30 - INF - get - ('Ejecutando servicio para obtener publicaciones por grupo',)
02:53:39 - INF - get - ('Ejecutando servicio para obtener publicaciones por grupo',)
02:53:40 - INF - get - ('Ejecutando servicio para obtener publicaciones por grupo',)
02:53:58 - INF - <module> - ('Servicio Finalizado',)
02:54:00 - INF - <module> - ('Servicio Iniciado',)
02:54:00 - INF - get - ('Ejecutando servicio para obtener publicaciones por grupo',)
02:54:01 - INF - get - ('Ejecutando servicio para obtener publicaciones por grupo',)
02:54:11 - INF - get - ('Ejecutando servicio para obtener publicaciones por grupo',)
02:54:12 - INF - get - ('Ejecutando servicio para obtener publicaciones por grupo',)
02:54:22 - INF - <module> - ('Servicio Finalizado',)
02:54:25 - INF - <module> - ('Servicio Iniciado',)
02:54:25 - INF - get - ('Ejecutando servicio para obtener publicaciones por grupo',)
02:54:26 - INF - get - ('Ejecutando servicio para obtener publicaciones por grupo',)
02:54:27 - INF - get - ('Ejecutando servicio para obtener publicaciones por grupo',)
03:01:14 - INF - get - ('Ejecutando servicio para obtener grupos por usuario',)
03:01:15 - INF - get - ('Ejecutando servicio para obtener grupos por usuario',)
03:01:17 - INF - get - ('Ejecutando servicio para obtener publicaciones por grupo',)
03:01:18 - INF - get - ('Ejecutando servicio para obtener publicaciones por grupo',)
03:03:12 - INF - get - ('Ejecutando servicio para obtener grupos por usuario',)
03:03:13 - INF - get - ('Ejecutando servicio para obtener grupos por usuario',)
03:03:37 - INF - get - ('Ejecutando servicio para obtener grupos por usuario',)
03:03:43 - INF - get - ('Ejecutando servicio para obtener publicaciones por grupo',)
03:03:44 - INF - get - ('Ejecutando servicio para obtener publicaciones por grupo',)
03:03:53 - INF - get - ('Ejecutando servicio para obtener publicaciones por grupo',)
03:03:54 - INF - get - ('Ejecutando servicio para obtener publicaciones por grupo',)
03:04:05 - INF - get - ('Ejecutando servicio para obtener publicaciones por grupo',)
03:04:06 - INF - get - ('Ejecutando servicio para obtener publicaciones por grupo',)
03:04:40 - INF - post - ('Ejecutando servicio de Creacion de publicidad',)
03:04:51 - INF - get - ('Ejecutando servicio para obtener publicaciones por grupo',)
03:04:52 - INF - post - ('Ejecutando servicio de Creacion de publicidad',)
03:04:52 - INF - get - ('Ejecutando servicio para obtener publicaciones por grupo',)
03:05:39 - INF - get - ('Ejecutando servicio para obtener publicaciones por grupo',)
03:05:39 - INF - get - ('Ejecutando servicio para obtener publicaciones por grupo',)
03:05:40 - INF - post - ('Ejecutando servicio de Creacion de publicidad',)
03:05:40 - INF - get - ('Ejecutando servicio para obtener publicaciones por grupo',)
03:05:45 - INF - post - ('Ejecutando servicio de Creacion de publicidad',)
03:18:21 - INF - get - ('Ejecutando servicio para obtener todos los grupos',)
03:18:36 - INF - get - ('Ejecutando servicio para obtener grupos por usuario',)
03:18:37 - INF - get - ('Ejecutando servicio para obtener grupos por usuario',)
03:18:58 - INF - get - ('Ejecutando servicio para obtener grupos por usuario',)
03:19:01 - INF - get - ('Ejecutando servicio para obtener publicaciones por grupo',)
03:19:02 - INF - get - ('Ejecutando servicio para obtener publicaciones por grupo',)
03:19:03 - INF - get - ('Ejecutando servicio para obtener publicaciones por grupo',)
03:19:45 - INF - get - ('Ejecutando servicio para obtener publicaciones por grupo',)
03:19:46 - INF - get - ('Ejecutando servicio para obtener publicaciones por grupo',)
03:19:47 - INF - get - ('Ejecutando servicio para obtener publicaciones por grupo',)
03:19:48 - INF - get - ('Ejecutando servicio para obtener publicaciones por grupo',)
03:19:49 - INF - get - ('Ejecutando servicio para obtener publicaciones por grupo',)
03:19:49 - INF - get - ('Ejecutando servicio para obtener publicaciones por grupo',)
03:19:51 - INF - get - ('Ejecutando servicio para obtener publicaciones por grupo',)
03:19:53 - INF - get - ('Ejecutando servicio para obtener publicaciones por grupo',)
03:19:55 - INF - get - ('Ejecutando servicio para obtener publicaciones por grupo',)
03:19:56 - INF - get - ('Ejecutando servicio para obtener publicaciones por grupo',)
03:19:57 - INF - get - ('Ejecutando servicio para obtener publicaciones por grupo',)
03:19:58 - INF - get - ('Ejecutando servicio para obtener publicaciones por grupo',)
03:20:01 - INF - post - ('Ejecutando servicio de Creacion de publicidad',)
03:20:25 - INF - post - ('Ejecutando servicio de Creacion de publicidad',)
03:21:34 - INF - get - ('Ejecutando servicio para obtener publicaciones por grupo',)
03:21:35 - INF - get - ('Ejecutando servicio para obtener publicaciones por grupo',)
03:22:04 - INF - get - ('Ejecutando servicio para obtener publicaciones por grupo',)
03:22:05 - INF - get - ('Ejecutando servicio para obtener publicaciones por grupo',)
03:22:07 - INF - get - ('Ejecutando servicio para obtener publicaciones por grupo',)
03:22:08 - INF - get - ('Ejecutando servicio para obtener publicaciones por grupo',)
03:22:09 - INF - get - ('Ejecutando servicio para obtener publicaciones por grupo',)
03:22:10 - INF - get - ('Ejecutando servicio para obtener publicaciones por grupo',)
03:24:56 - INF - post - ('Ejecutando servicio de Creacion de publicidad',)
03:30:22 - INF - post - ('Ejecutando servicio de Creacion de publicidad',)
03:30:24 - INF - get - ('Ejecutando servicio para obtener grupos por usuario',)
03:30:24 - INF - get - ('Ejecutando servicio para obtener publicaciones por grupo',)
03:30:27 - INF - post - ('Ejecutando servicio de Creacion de publicidad',)
03:30:37 - INF - post - ('Ejecutando servicio de Creacion de publicidad',)
03:30:44 - INF - get - ('Ejecutando servicio para obtener publicaciones por grupo',)
03:30:45 - INF - get - ('Ejecutando servicio para obtener publicaciones por grupo',)
03:30:46 - INF - get - ('Ejecutando servicio para obtener publicaciones por grupo',)
03:30:47 - INF - get - ('Ejecutando servicio para obtener publicaciones por grupo',)
03:30:48 - INF - get - ('Ejecutando servicio para obtener publicaciones por grupo',)
03:30:49 - INF - get - ('Ejecutando servicio para obtener publicaciones por grupo',)
03:31:52 - INF - get - ('Ejecutando servicio para obtener grupos por usuario',)
03:31:52 - INF - get - ('Ejecutando servicio para obtener publicaciones por grupo',)
03:31:56 - INF - get - ('Ejecutando servicio para obtener grupos por usuario',)
03:31:56 - INF - get - ('Ejecutando servicio para obtener publicaciones por grupo',)
03:32:04 - INF - get - ('Ejecutando servicio para obtener grupos por usuario',)
03:32:04 - INF - get - ('Ejecutando servicio para obtener publicaciones por grupo',)
03:32:13 - INF - get - ('Ejecutando servicio para obtener grupos por usuario',)
03:32:13 - INF - get - ('Ejecutando servicio para obtener publicaciones por grupo',)
03:32:29 - INF - get - ('Ejecutando servicio para obtener publicaciones por grupo',)
03:32:29 - INF - get - ('Ejecutando servicio para obtener grupos por usuario',)
03:32:40 - INF - get - ('Ejecutando servicio para obtener grupos por usuario',)
03:32:40 - INF - get - ('Ejecutando servicio para obtener publicaciones por grupo',)
03:32:46 - INF - get - ('Ejecutando servicio para obtener grupos por usuario',)
03:32:46 - INF - get - ('Ejecutando servicio para obtener publicaciones por grupo',)
03:32:54 - INF - get - ('Ejecutando servicio para obtener grupos por usuario',)
03:32:54 - INF - get - ('Ejecutando servicio para obtener publicaciones por grupo',)
03:33:07 - INF - get - ('Ejecutando servicio para obtener grupos por usuario',)
03:33:07 - INF - get - ('Ejecutando servicio para obtener publicaciones por grupo',)
03:33:16 - INF - get - ('Ejecutando servicio para obtener grupos por usuario',)
03:33:16 - INF - get - ('Ejecutando servicio para obtener publicaciones por grupo',)
03:33:25 - INF - get - ('Ejecutando servicio para obtener grupos por usuario',)
03:33:25 - INF - get - ('Ejecutando servicio para obtener publicaciones por grupo',)
03:33:27 - INF - get - ('Ejecutando servicio para obtener grupos por usuario',)
03:33:27 - INF - get - ('Ejecutando servicio para obtener publicaciones por grupo',)
03:33:33 - INF - get - ('Ejecutando servicio para obtener grupos por usuario',)
03:33:33 - INF - get - ('Ejecutando servicio para obtener publicaciones por grupo',)
03:33:40 - INF - get - ('Ejecutando servicio para obtener grupos por usuario',)
03:33:40 - INF - get - ('Ejecutando servicio para obtener publicaciones por grupo',)
03:33:46 - INF - get - ('Ejecutando servicio para obtener grupos por usuario',)
03:33:46 - INF - get - ('Ejecutando servicio para obtener publicaciones por grupo',)
03:33:53 - INF - get - ('Ejecutando servicio para obtener grupos por usuario',)
03:33:53 - INF - get - ('Ejecutando servicio para obtener publicaciones por grupo',)
03:34:10 - INF - get - ('Ejecutando servicio para obtener grupos por usuario',)
03:34:10 - INF - get - ('Ejecutando servicio para obtener publicaciones por grupo',)
03:34:16 - INF - get - ('Ejecutando servicio para obtener grupos por usuario',)
03:34:16 - INF - get - ('Ejecutando servicio para obtener publicaciones por grupo',)
03:34:37 - INF - get - ('Ejecutando servicio para obtener grupos por usuario',)
03:34:37 - INF - get - ('Ejecutando servicio para obtener publicaciones por grupo',)
03:34:38 - INF - get - ('Ejecutando servicio para obtener publicaciones por grupo',)
03:34:38 - INF - get - ('Ejecutando servicio para obtener grupos por usuario',)
03:34:45 - INF - get - ('Ejecutando servicio para obtener grupos por usuario',)
03:34:45 - INF - get - ('Ejecutando servicio para obtener publicaciones por grupo',)
03:35:09 - INF - get - ('Ejecutando servicio para obtener grupos por usuario',)
03:35:09 - INF - get - ('Ejecutando servicio para obtener publicaciones por grupo',)
03:35:11 - INF - get - ('Ejecutando servicio para obtener grupos por usuario',)
03:35:11 - INF - get - ('Ejecutando servicio para obtener publicaciones por grupo',)
03:35:14 - INF - get - ('Ejecutando servicio para obtener grupos por usuario',)
03:35:14 - INF - get - ('Ejecutando servicio para obtener publicaciones por grupo',)
03:35:21 - INF - get - ('Ejecutando servicio para obtener grupos por usuario',)
03:35:21 - INF - get - ('Ejecutando servicio para obtener publicaciones por grupo',)
03:35:45 - INF - get - ('Ejecutando servicio para obtener grupos por usuario',)
03:35:45 - INF - get - ('Ejecutando servicio para obtener publicaciones por grupo',)
03:35:52 - INF - get - ('Ejecutando servicio para obtener publicaciones por grupo',)
03:35:53 - INF - get - ('Ejecutando servicio para obtener publicaciones por grupo',)
03:36:27 - INF - get - ('Ejecutando servicio para obtener grupos por usuario',)
03:36:27 - INF - get - ('Ejecutando servicio para obtener publicaciones por grupo',)
03:36:29 - INF - get - ('Ejecutando servicio para obtener publicaciones por grupo',)
03:36:36 - INF - get - ('Ejecutando servicio para obtener grupos por usuario',)
03:36:36 - INF - get - ('Ejecutando servicio para obtener publicaciones por grupo',)
03:37:04 - INF - get - ('Ejecutando servicio para obtener grupos por usuario',)
03:37:04 - INF - get - ('Ejecutando servicio para obtener publicaciones por grupo',)
03:37:09 - INF - get - ('Ejecutando servicio para obtener grupos por usuario',)
03:37:09 - INF - get - ('Ejecutando servicio para obtener publicaciones por grupo',)
03:37:39 - INF - get - ('Ejecutando servicio para obtener grupos por usuario',)
03:37:39 - INF - get - ('Ejecutando servicio para obtener publicaciones por grupo',)
03:37:41 - INF - get - ('Ejecutando servicio para obtener grupos por usuario',)
03:37:41 - INF - get - ('Ejecutando servicio para obtener publicaciones por grupo',)
03:38:12 - INF - get - ('Ejecutando servicio para obtener grupos por usuario',)
03:38:12 - INF - get - ('Ejecutando servicio para obtener publicaciones por grupo',)
03:38:16 - INF - get - ('Ejecutando servicio para obtener grupos por usuario',)
03:38:16 - INF - get - ('Ejecutando servicio para obtener publicaciones por grupo',)
03:38:20 - INF - get - ('Ejecutando servicio para obtener grupos por usuario',)
03:38:20 - INF - get - ('Ejecutando servicio para obtener publicaciones por grupo',)
03:38:29 - INF - get - ('Ejecutando servicio para obtener grupos por usuario',)
03:38:29 - INF - get - ('Ejecutando servicio para obtener publicaciones por grupo',)
03:38:36 - INF - get - ('Ejecutando servicio para obtener grupos por usuario',)
03:38:36 - INF - get - ('Ejecutando servicio para obtener publicaciones por grupo',)
03:38:48 - INF - get - ('Ejecutando servicio para obtener grupos por usuario',)
03:38:48 - INF - get - ('Ejecutando servicio para obtener publicaciones por grupo',)
03:38:55 - INF - get - ('Ejecutando servicio para obtener grupos por usuario',)
03:38:55 - INF - get - ('Ejecutando servicio para obtener publicaciones por grupo',)
03:39:37 - INF - get - ('Ejecutando servicio para obtener grupos por usuario',)
03:39:37 - INF - get - ('Ejecutando servicio para obtener publicaciones por grupo',)
03:39:50 - INF - get - ('Ejecutando servicio para obtener grupos por usuario',)
03:39:50 - INF - get - ('Ejecutando servicio para obtener publicaciones por grupo',)
03:39:57 - INF - get - ('Ejecutando servicio para obtener grupos por usuario',)
03:39:57 - INF - get - ('Ejecutando servicio para obtener publicaciones por grupo',)
03:40:01 - INF - get - ('Ejecutando servicio para obtener grupos por usuario',)
03:40:01 - INF - get - ('Ejecutando servicio para obtener publicaciones por grupo',)
03:40:10 - INF - get - ('Ejecutando servicio para obtener grupos por usuario',)
03:40:10 - INF - get - ('Ejecutando servicio para obtener publicaciones por grupo',)
03:40:14 - INF - get - ('Ejecutando servicio para obtener publicaciones por grupo',)
03:40:14 - INF - get - ('Ejecutando servicio para obtener grupos por usuario',)
03:40:23 - INF - get - ('Ejecutando servicio para obtener grupos por usuario',)
03:40:23 - INF - get - ('Ejecutando servicio para obtener publicaciones por grupo',)
03:40:25 - INF - get - ('Ejecutando servicio para obtener grupos por usuario',)
03:40:25 - INF - get - ('Ejecutando servicio para obtener publicaciones por grupo',)
03:40:37 - INF - get - ('Ejecutando servicio para obtener grupos por usuario',)
03:40:37 - INF - get - ('Ejecutando servicio para obtener publicaciones por grupo',)
03:40:48 - INF - get - ('Ejecutando servicio para obtener grupos por usuario',)
03:40:48 - INF - get - ('Ejecutando servicio para obtener publicaciones por grupo',)
03:41:22 - INF - get - ('Ejecutando servicio para obtener publicaciones por grupo',)
03:41:23 - INF - get - ('Ejecutando servicio para obtener publicaciones por grupo',)
03:42:08 - INF - post - ('Ejecutando servicio para crear grupo',)
03:42:08 - INF - post - ('Ejecutando servicio para crear grupo',)
03:42:15 - INF - get - ('Ejecutando servicio para obtener publicaciones por grupo',)
03:42:16 - INF - get - ('Ejecutando servicio para obtener publicaciones por grupo',)
03:42:20 - INF - get - ('Ejecutando servicio para obtener publicaciones por grupo',)
03:42:21 - INF - get - ('Ejecutando servicio para obtener publicaciones por grupo',)
03:42:22 - INF - get - ('Ejecutando servicio para obtener publicaciones por grupo',)
03:42:22 - INF - get - ('Ejecutando servicio para obtener publicaciones por grupo',)
03:42:23 - INF - get - ('Ejecutando servicio para obtener publicaciones por grupo',)
03:42:23 - INF - get - ('Ejecutando servicio para obtener publicaciones por grupo',)
03:42:24 - INF - get - ('Ejecutando servicio para obtener publicaciones por grupo',)
03:42:24 - INF - get - ('Ejecutando servicio para obtener publicaciones por grupo',)
03:42:24 - INF - get - ('Ejecutando servicio para obtener publicaciones por grupo',)
03:42:25 - INF - get - ('Ejecutando servicio para obtener publicaciones por grupo',)
03:42:25 - INF - get - ('Ejecutando servicio para obtener publicaciones por grupo',)
03:42:26 - INF - get - ('Ejecutando servicio para obtener publicaciones por grupo',)
03:42:26 - INF - get - ('Ejecutando servicio para obtener publicaciones por grupo',)
03:42:27 - INF - get - ('Ejecutando servicio para obtener publicaciones por grupo',)
03:42:27 - INF - get - ('Ejecutando servicio para obtener publicaciones por grupo',)
03:42:28 - INF - get - ('Ejecutando servicio para obtener publicaciones por grupo',)
03:42:28 - INF - get - ('Ejecutando servicio para obtener publicaciones por grupo',)
03:42:28 - INF - get - ('Ejecutando servicio para obtener publicaciones por grupo',)
03:42:29 - INF - get - ('Ejecutando servicio para obtener publicaciones por grupo',)
03:42:29 - INF - get - ('Ejecutando servicio para obtener publicaciones por grupo',)
03:42:30 - INF - get - ('Ejecutando servicio para obtener publicaciones por grupo',)
03:42:30 - INF - get - ('Ejecutando servicio para obtener publicaciones por grupo',)
03:42:31 - INF - get - ('Ejecutando servicio para obtener publicaciones por grupo',)
03:42:33 - INF - get - ('Ejecutando servicio para obtener publicaciones por grupo',)
03:42:33 - INF - get - ('Ejecutando servicio para obtener publicaciones por grupo',)
03:42:34 - INF - get - ('Ejecutando servicio para obtener publicaciones por grupo',)
03:42:35 - INF - get - ('Ejecutando servicio para obtener publicaciones por grupo',)
03:42:38 - INF - get - ('Ejecutando servicio para obtener publicaciones por grupo',)
03:42:39 - INF - get - ('Ejecutando servicio para obtener publicaciones por grupo',)
03:42:42 - INF - post - ('Ejecutando servicio de Creacion de publicidad',)
03:42:42 - INF - post - ('Ejecutando servicio de Creacion de publicidad',)
03:42:50 - INF - get - ('Ejecutando servicio para obtener publicaciones por grupo',)
03:43:03 - INF - get - ('Ejecutando servicio para obtener grupos por usuario',)
03:43:03 - INF - get - ('Ejecutando servicio para obtener publicaciones por grupo',)
03:43:08 - INF - get - ('Ejecutando servicio para obtener publicaciones por grupo',)
03:43:09 - INF - get - ('Ejecutando servicio para obtener publicaciones por grupo',)
03:43:10 - INF - get - ('Ejecutando servicio para obtener publicaciones por grupo',)
03:43:11 - INF - get - ('Ejecutando servicio para obtener publicaciones por grupo',)
03:43:13 - INF - get - ('Ejecutando servicio para obtener publicaciones por grupo',)
03:43:15 - INF - get - ('Ejecutando servicio para obtener publicaciones por grupo',)
03:43:17 - INF - get - ('Ejecutando servicio para obtener publicaciones por grupo',)
03:43:18 - INF - get - ('Ejecutando servicio para obtener publicaciones por grupo',)
03:43:26 - INF - get - ('Ejecutando servicio para obtener publicaciones por grupo',)
03:43:27 - INF - get - ('Ejecutando servicio para obtener publicaciones por grupo',)
03:45:36 - INF - get - ('Ejecutando servicio para obtener grupos por usuario',)
03:45:37 - INF - get - ('Ejecutando servicio para obtener grupos por usuario',)
03:45:39 - INF - get - ('Ejecutando servicio para obtener grupos por usuario',)
03:45:40 - INF - get - ('Ejecutando servicio para obtener grupos por usuario',)
03:45:42 - INF - get - ('Ejecutando servicio para obtener publicaciones por grupo',)
03:45:43 - INF - get - ('Ejecutando servicio para obtener publicaciones por grupo',)
03:45:48 - INF - get - ('Ejecutando servicio para obtener publicaciones por grupo',)
03:45:49 - INF - get - ('Ejecutando servicio para obtener publicaciones por grupo',)
03:45:57 - INF - get - ('Ejecutando servicio para obtener todos los grupos',)
03:46:25 - INF - get - ('Ejecutando servicio para obtener grupos por usuario',)
03:46:26 - INF - get - ('Ejecutando servicio para obtener grupos por usuario',)
03:46:39 - INF - get - ('Ejecutando servicio para obtener todos los grupos',)
03:53:10 - INF - <module> - ('Servicio Finalizado',)
03:53:38 - INF - <module> - ('Servicio Iniciado',)
03:54:00 - INF - <module> - ('Servicio Finalizado',)
03:54:02 - INF - <module> - ('Servicio Iniciado',)
03:54:13 - INF - <module> - ('Servicio Finalizado',)
03:54:14 - INF - <module> - ('Servicio Iniciado',)
03:58:00 - INF - <module> - ('Servicio Finalizado',)
03:58:02 - INF - <module> - ('Servicio Finalizado',)
04:01:59 - INF - <module> - ('Servicio Iniciado',)
04:02:01 - INF - <module> - ('Servicio Iniciado',)
04:04:06 - INF - <module> - ('Servicio Finalizado',)
04:04:08 - INF - <module> - ('Servicio Iniciado',)
04:05:09 - INF - <module> - ('Servicio Finalizado',)
04:05:11 - INF - <module> - ('Servicio Iniciado',)
04:05:39 - INF - get - ('Ejecutando servicio de publicaciones por usuario',)
04:05:58 - INF - get - ('Ejecutando servicio de publicaciones por usuario',)
04:07:22 - INF - <module> - ('Servicio Finalizado',)
04:07:24 - INF - <module> - ('Servicio Iniciado',)
04:07:36 - INF - get - ('Ejecutando servicio de publicaciones por usuario',)
04:08:29 - INF - get - ('Ejecutando servicio de publicaciones por usuario',)
04:10:08 - INF - <module> - ('Servicio Finalizado',)
04:10:11 - INF - <module> - ('Servicio Iniciado',)
04:10:17 - INF - get - ('Ejecutando servicio de publicaciones por usuario',)
04:12:09 - INF - <module> - ('Servicio Finalizado',)
04:12:11 - INF - <module> - ('Servicio Iniciado',)
04:12:17 - INF - get - ('Ejecutando servicio de publicaciones por usuario',)
04:14:04 - INF - <module> - ('Servicio Finalizado',)
04:14:11 - INF - <module> - ('Servicio Iniciado',)
04:14:11 - INF - get - ('Ejecutando servicio de publicaciones por usuario',)
04:14:30 - INF - <module> - ('Servicio Finalizado',)
04:14:31 - INF - <module> - ('Servicio Iniciado',)
04:14:32 - INF - get - ('Ejecutando servicio de publicaciones por usuario',)
04:18:03 - INF - get - ('Ejecutando servicio para obtener grupos por usuario',)
04:18:04 - INF - get - ('Ejecutando servicio para obtener grupos por usuario',)
04:18:12 - INF - get - ('Ejecutando servicio para obtener publicaciones por grupo',)
04:18:13 - INF - get - ('Ejecutando servicio para obtener publicaciones por grupo',)
04:18:17 - INF - get - ('Ejecutando servicio para obtener grupos por usuario',)
04:18:17 - INF - get - ('Ejecutando servicio de publicaciones por usuario',)
04:18:18 - INF - get - ('Ejecutando servicio para obtener grupos por usuario',)
04:18:18 - INF - get - ('Ejecutando servicio de publicaciones por usuario',)
04:19:11 - INF - get - ('Ejecutando servicio para obtener grupos por usuario',)
04:19:11 - INF - get - ('Ejecutando servicio de publicaciones por usuario',)
04:19:20 - INF - get - ('Ejecutando servicio para obtener grupos por usuario',)
04:19:20 - INF - get - ('Ejecutando servicio de publicaciones por usuario',)
04:19:42 - INF - get - ('Ejecutando servicio para obtener grupos por usuario',)
04:19:42 - INF - get - ('Ejecutando servicio de publicaciones por usuario',)
04:19:43 - INF - get - ('Ejecutando servicio para obtener grupos por usuario',)
04:19:43 - INF - get - ('Ejecutando servicio de publicaciones por usuario',)
04:19:49 - INF - get - ('Ejecutando servicio para obtener grupos por usuario',)
04:19:49 - INF - get - ('Ejecutando servicio de publicaciones por usuario',)
04:20:02 - INF - get - ('Ejecutando servicio para obtener grupos por usuario',)
04:20:02 - INF - get - ('Ejecutando servicio de publicaciones por usuario',)
04:20:06 - INF - get - ('Ejecutando servicio para obtener grupos por usuario',)
04:20:06 - INF - get - ('Ejecutando servicio de publicaciones por usuario',)
04:20:11 - INF - get - ('Ejecutando servicio para obtener grupos por usuario',)
04:20:11 - INF - get - ('Ejecutando servicio de publicaciones por usuario',)
04:20:28 - INF - get - ('Ejecutando servicio para obtener grupos por usuario',)
04:20:29 - INF - get - ('Ejecutando servicio de publicaciones por usuario',)
04:20:31 - INF - get - ('Ejecutando servicio para obtener grupos por usuario',)
04:20:31 - INF - get - ('Ejecutando servicio de publicaciones por usuario',)
04:20:43 - INF - get - ('Ejecutando servicio para obtener grupos por usuario',)
04:20:43 - INF - get - ('Ejecutando servicio de publicaciones por usuario',)
04:21:10 - INF - get - ('Ejecutando servicio para obtener grupos por usuario',)
04:21:10 - INF - get - ('Ejecutando servicio de publicaciones por usuario',)
04:21:33 - INF - get - ('Ejecutando servicio para obtener grupos por usuario',)
04:21:33 - INF - get - ('Ejecutando servicio de publicaciones por usuario',)
04:22:08 - INF - get - ('Ejecutando servicio para obtener grupos por usuario',)
04:22:09 - INF - get - ('Ejecutando servicio para obtener grupos por usuario',)
04:22:11 - INF - get - ('Ejecutando servicio para obtener publicaciones por grupo',)
04:22:12 - INF - get - ('Ejecutando servicio para obtener publicaciones por grupo',)
04:22:15 - INF - get - ('Ejecutando servicio para obtener grupos por usuario',)
04:22:15 - INF - get - ('Ejecutando servicio de publicaciones por usuario',)
04:22:16 - INF - get - ('Ejecutando servicio de publicaciones por usuario',)
04:22:16 - INF - get - ('Ejecutando servicio para obtener grupos por usuario',)
04:22:34 - INF - get - ('Ejecutando servicio para obtener todos los grupos',)
04:22:35 - INF - get - ('Ejecutando servicio para obtener todos los grupos',)
04:22:49 - INF - post - ('Ejecutando servicio para unir usuario a grupo',)
04:22:49 - INF - post - ('Ejecutando servicio para unir usuario a grupo',)
04:24:18 - INF - get - ('Ejecutando servicio para obtener grupos por usuario',)
04:24:19 - INF - get - ('Ejecutando servicio para obtener grupos por usuario',)
04:24:24 - INF - get - ('Ejecutando servicio para obtener publicaciones por grupo',)
04:24:25 - INF - get - ('Ejecutando servicio para obtener publicaciones por grupo',)
04:25:00 - INF - get - ('Ejecutando servicio para obtener todos los grupos',)
04:26:38 - INF - get - ('Ejecutando servicio para obtener grupos por usuario',)
04:26:39 - INF - get - ('Ejecutando servicio para obtener grupos por usuario',)
04:26:41 - INF - get - ('Ejecutando servicio para obtener publicaciones por grupo',)
04:26:42 - INF - get - ('Ejecutando servicio para obtener publicaciones por grupo',)
04:27:45 - INF - get - ('Ejecutando servicio para obtener grupos por usuario',)
04:27:45 - INF - get - ('Ejecutando servicio para obtener publicaciones por grupo',)
04:27:50 - INF - get - ('Ejecutando servicio para obtener todos los grupos',)
04:28:25 - INF - get - ('Ejecutando servicio para obtener grupos por usuario',)
04:28:26 - INF - get - ('Ejecutando servicio para obtener grupos por usuario',)
04:28:31 - INF - get - ('Ejecutando servicio para obtener todos los grupos',)
04:28:34 - INF - get - ('Ejecutando servicio para obtener publicaciones por grupo',)
04:28:36 - INF - get - ('Ejecutando servicio para obtener publicaciones por grupo',)
04:28:37 - INF - get - ('Ejecutando servicio para obtener todos los grupos',)
04:28:37 - INF - get - ('Ejecutando servicio para obtener publicaciones por grupo',)
04:28:38 - INF - get - ('Ejecutando servicio para obtener todos los grupos',)
04:28:39 - INF - get - ('Ejecutando servicio para obtener todos los grupos',)
04:28:40 - INF - get - ('Ejecutando servicio para obtener todos los grupos',)
04:28:40 - INF - get - ('Ejecutando servicio para obtener publicaciones por grupo',)
04:28:41 - INF - get - ('Ejecutando servicio para obtener publicaciones por grupo',)
04:28:43 - INF - get - ('Ejecutando servicio para obtener publicaciones por grupo',)
04:28:44 - INF - get - ('Ejecutando servicio para obtener publicaciones por grupo',)
04:28:46 - INF - get - ('Ejecutando servicio para obtener publicaciones por grupo',)
04:29:07 - INF - get - ('Ejecutando servicio para obtener publicaciones por grupo',)
04:29:08 - INF - get - ('Ejecutando servicio para obtener publicaciones por grupo',)
04:29:19 - INF - get - ('Ejecutando servicio para obtener grupos por usuario',)
04:29:19 - INF - get - ('Ejecutando servicio de publicaciones por usuario',)
04:29:20 - INF - get - ('Ejecutando servicio para obtener grupos por usuario',)
04:29:20 - INF - get - ('Ejecutando servicio de publicaciones por usuario',)
04:29:27 - INF - get - ('Ejecutando servicio para obtener todos los grupos',)
04:29:29 - INF - get - ('Ejecutando servicio para obtener todos los grupos',)
04:29:45 - INF - get - ('Ejecutando servicio para obtener grupos por usuario',)
04:29:46 - INF - get - ('Ejecutando servicio para obtener grupos por usuario',)
04:29:53 - INF - get - ('Ejecutando servicio para obtener todos los grupos',)
04:29:54 - INF - get - ('Ejecutando servicio para obtener todos los grupos',)
04:29:56 - INF - get - ('Ejecutando servicio para obtener publicaciones por grupo',)
04:29:57 - INF - get - ('Ejecutando servicio para obtener publicaciones por grupo',)
04:29:58 - INF - get - ('Ejecutando servicio para obtener publicaciones por grupo',)
04:32:11 - INF - get - ('Ejecutando servicio para obtener grupos por usuario',)
04:32:11 - INF - get - ('Ejecutando servicio para obtener publicaciones por grupo',)
04:32:14 - INF - get - ('Ejecutando servicio para obtener publicaciones por grupo',)
04:32:31 - INF - get - ('Ejecutando servicio para obtener publicaciones por grupo',)
04:32:42 - INF - get - ('Ejecutando servicio para obtener grupos por usuario',)
04:33:02 - INF - get - ('Ejecutando servicio para obtener publicaciones por grupo',)
04:33:49 - INF - get - ('Ejecutando servicio para obtener publicaciones por grupo',)
04:34:47 - INF - get - ('Ejecutando servicio para obtener grupos por usuario',)
04:34:47 - INF - get - ('Ejecutando servicio para obtener publicaciones por grupo',)
04:34:51 - INF - get - ('Ejecutando servicio para obtener publicaciones por grupo',)
04:35:27 - INF - get - ('Ejecutando servicio para obtener grupos por usuario',)
04:35:30 - INF - get - ('Ejecutando servicio para obtener publicaciones por grupo',)
04:39:24 - INF - get - ('Ejecutando servicio para obtener publicaciones por grupo',)
04:39:25 - INF - get - ('Ejecutando servicio para obtener publicaciones por grupo',)
04:43:25 - INF - get - ('Ejecutando servicio para obtener grupos por usuario',)
04:43:25 - INF - get - ('Ejecutando servicio de publicaciones por usuario',)
04:43:26 - INF - get - ('Ejecutando servicio para obtener grupos por usuario',)
04:43:26 - INF - get - ('Ejecutando servicio de publicaciones por usuario',)
04:43:39 - INF - get - ('Ejecutando servicio para obtener grupos por usuario',)
04:43:39 - INF - get - ('Ejecutando servicio de publicaciones por usuario',)
04:43:43 - INF - get - ('Ejecutando servicio para obtener grupos por usuario',)
04:43:43 - INF - get - ('Ejecutando servicio de publicaciones por usuario',)
04:54:30 - INF - get - ('Ejecutando servicio para obtener grupos por usuario',)
04:54:31 - INF - get - ('Ejecutando servicio para obtener grupos por usuario',)
04:54:35 - INF - get - ('Ejecutando servicio para obtener todos los grupos',)
04:54:36 - INF - get - ('Ejecutando servicio para obtener todos los grupos',)
04:54:37 - INF - get - ('Ejecutando servicio para obtener todos los grupos',)
04:54:37 - INF - get - ('Ejecutando servicio para obtener publicaciones por grupo',)
04:54:38 - INF - get - ('Ejecutando servicio para obtener todos los grupos',)
04:54:39 - INF - get - ('Ejecutando servicio para obtener publicaciones por grupo',)
04:54:40 - INF - get - ('Ejecutando servicio para obtener publicaciones por grupo',)
04:54:41 - INF - get - ('Ejecutando servicio para obtener publicaciones por grupo',)
04:54:43 - INF - get - ('Ejecutando servicio para obtener publicaciones por grupo',)
04:56:11 - INF - get - ('Ejecutando servicio para obtener grupos por usuario',)
04:56:14 - INF - get - ('Ejecutando servicio para obtener publicaciones por grupo',)
04:56:15 - INF - get - ('Ejecutando servicio para obtener publicaciones por grupo',)
04:56:16 - INF - get - ('Ejecutando servicio para obtener publicaciones por grupo',)
04:56:17 - INF - get - ('Ejecutando servicio para obtener publicaciones por grupo',)
04:56:20 - INF - get - ('Ejecutando servicio para obtener grupos por usuario',)
04:56:21 - INF - get - ('Ejecutando servicio para obtener grupos por usuario',)
04:56:25 - INF - get - ('Ejecutando servicio para obtener todos los grupos',)
04:56:26 - INF - get - ('Ejecutando servicio para obtener todos los grupos',)
04:56:27 - INF - get - ('Ejecutando servicio para obtener todos los grupos',)
04:56:28 - INF - get - ('Ejecutando servicio para obtener publicaciones por grupo',)
04:56:29 - INF - get - ('Ejecutando servicio para obtener publicaciones por grupo',)
04:56:37 - INF - get - ('Ejecutando servicio para obtener grupos por usuario',)
04:56:39 - INF - get - ('Ejecutando servicio para obtener grupos por usuario',)
04:56:40 - INF - get - ('Ejecutando servicio para obtener publicaciones por grupo',)
04:56:41 - INF - get - ('Ejecutando servicio para obtener publicaciones por grupo',)
04:56:55 - INF - get - ('Ejecutando servicio para obtener grupos por usuario',)
04:56:56 - INF - get - ('Ejecutando servicio para obtener grupos por usuario',)
04:56:57 - INF - get - ('Ejecutando servicio para obtener grupos por usuario',)
04:56:58 - INF - get - ('Ejecutando servicio para obtener todos los grupos',)
04:56:59 - INF - get - ('Ejecutando servicio para obtener todos los grupos',)
04:57:00 - INF - get - ('Ejecutando servicio para obtener publicaciones por grupo',)
04:57:02 - INF - get - ('Ejecutando servicio para obtener publicaciones por grupo',)
04:57:03 - INF - get - ('Ejecutando servicio para obtener publicaciones por grupo',)
04:57:26 - INF - get - ('Ejecutando servicio para obtener publicaciones por grupo',)
04:57:27 - INF - get - ('Ejecutando servicio para obtener publicaciones por grupo',)
04:57:56 - INF - <module> - ('Servicio Finalizado',)
04:58:00 - INF - <module> - ('Servicio Finalizado',)
