08:26:48 - INF - <module> - ('Servicio Iniciado',)
08:26:51 - INF - <module> - ('Servicio Iniciado',)
08:29:16 - INF - post - ('Ejecutando servicio de Registro',)
08:29:29 - INF - post - ('Ejecutando servicio de Registro',)
08:29:43 - INF - post - ('Ejecutando servicio de Login',)
08:30:56 - INF - <module> - ('Servicio Finalizado',)
08:31:01 - INF - <module> - ('Servicio Iniciado',)
08:31:08 - INF - post - ('Ejecutando servicio de Login',)
08:35:23 - INF - <module> - ('Servicio Finalizado',)
08:35:27 - INF - <module> - ('Servicio Iniciado',)
08:35:52 - INF - post - ('Ejecutando servicio para crear grupo',)
08:36:06 - INF - post - ('Ejecutando servicio para crear grupo',)
08:37:06 - INF - post - ('Ejecutando servicio para crear grupo',)
08:38:25 - INF - <module> - ('Servicio Finalizado',)
08:38:27 - INF - <module> - ('Servicio Iniciado',)
08:38:35 - INF - post - ('Ejecutando servicio para crear grupo',)
08:38:55 - INF - post - ('Ejecutando servicio para crear grupo',)
08:39:16 - INF - <module> - ('Servicio Finalizado',)
08:39:17 - INF - <module> - ('Servicio Iniciado',)
08:39:22 - INF - post - ('Ejecutando servicio para crear grupo',)
08:46:21 - INF - <module> - ('Servicio Finalizado',)
08:46:22 - INF - <module> - ('Servicio Iniciado',)
08:46:24 - INF - post - ('Ejecutando servicio para crear grupo',)
08:46:39 - INF - post - ('Ejecutando servicio para crear grupo',)
08:50:41 - INF - <module> - ('Servicio Finalizado',)
08:50:42 - INF - <module> - ('Servicio Iniciado',)
08:50:46 - INF - post - ('Ejecutando servicio para crear grupo',)
08:50:56 - INF - post - ('Ejecutando servicio para crear grupo',)
08:53:27 - INF - <module> - ('Servicio Finalizado',)
08:53:30 - INF - <module> - ('Servicio Iniciado',)
08:53:52 - INF - <module> - ('Servicio Finalizado',)
08:53:53 - INF - <module> - ('Servicio Iniciado',)
08:53:57 - INF - post - ('Ejecutando servicio para crear grupo',)
08:55:16 - INF - post - ('Ejecutando servicio de Login',)
08:56:29 - INF - post - ('Ejecutando servicio para crear grupo',)
09:17:30 - INF - post - ('Ejecutando servicio de Login',)
09:18:10 - INF - post - ('Ejecutando servicio para crear grupo',)
09:18:20 - INF - post - ('Ejecutando servicio de Login',)
09:20:56 - INF - <module> - ('Servicio Finalizado',)
09:21:07 - INF - <module> - ('Servicio Iniciado',)
09:21:27 - INF - post - ('Ejecutando servicio para crear grupo',)
09:24:32 - INF - <module> - ('Servicio Finalizado',)
09:24:40 - INF - <module> - ('Servicio Iniciado',)
09:24:59 - INF - <module> - ('Servicio Finalizado',)
09:25:00 - INF - <module> - ('Servicio Iniciado',)
09:25:13 - INF - post - ('Ejecutando servicio para crear grupo',)
09:25:50 - INF - post - ('Ejecutando servicio de Login',)
09:26:07 - INF - post - ('Ejecutando servicio de Login',)
09:26:51 - INF - post - ('Ejecutando servicio de Login',)
09:27:10 - INF - post - ('Ejecutando servicio para crear grupo',)
09:28:26 - INF - post - ('Ejecutando servicio de Login',)
09:28:59 - INF - post - ('Ejecutando servicio para crear grupo',)
09:29:08 - INF - post - ('Ejecutando servicio de Login',)
09:30:47 - INF - <module> - ('Servicio Finalizado',)
09:30:51 - INF - <module> - ('Servicio Finalizado',)
09:31:19 - INF - <module> - ('Servicio Iniciado',)
09:31:21 - INF - <module> - ('Servicio Iniciado',)
09:31:25 - INF - post - ('Ejecutando servicio de Login',)
09:31:31 - INF - post - ('Ejecutando servicio de Login',)
09:32:26 - INF - <module> - ('Servicio Finalizado',)
09:32:27 - INF - <module> - ('Servicio Iniciado',)
09:32:30 - INF - post - ('Ejecutando servicio de Login',)
09:34:00 - INF - <module> - ('Servicio Finalizado',)
09:34:03 - INF - <module> - ('Servicio Iniciado',)
09:34:04 - INF - post - ('Ejecutando servicio de Login',)
09:34:55 - INF - <module> - ('Servicio Finalizado',)
09:34:56 - INF - <module> - ('Servicio Iniciado',)
09:35:00 - INF - <module> - ('Servicio Finalizado',)
09:35:01 - INF - <module> - ('Servicio Finalizado',)
09:35:28 - INF - <module> - ('Servicio Iniciado',)
09:35:30 - INF - <module> - ('Servicio Iniciado',)
09:36:32 - INF - <module> - ('Servicio Finalizado',)
09:36:34 - INF - <module> - ('Servicio Iniciado',)
09:36:37 - INF - post - ('Ejecutando servicio de Login',)
09:36:44 - INF - post - ('Ejecutando servicio de Login',)
09:37:01 - INF - post - ('Ejecutando servicio de Login',)
09:37:05 - INF - post - ('Ejecutando servicio de Login',)
09:37:12 - INF - post - ('Ejecutando servicio de Login',)
09:39:22 - INF - <module> - ('Servicio Finalizado',)
09:39:24 - INF - <module> - ('Servicio Iniciado',)
09:39:27 - INF - post - ('Ejecutando servicio de Login',)
09:40:05 - INF - <module> - ('Servicio Finalizado',)
09:40:08 - INF - <module> - ('Servicio Iniciado',)
09:40:31 - INF - <module> - ('Servicio Finalizado',)
09:40:32 - INF - <module> - ('Servicio Iniciado',)
09:40:37 - INF - post - ('Ejecutando servicio de Login',)
09:40:38 - INF - post - ("Resultado del Login: {'result': False, 'data': None, 'message': '0'}",)
09:40:58 - INF - post - ('Ejecutando servicio de Login',)
09:40:59 - INF - post - ("Resultado del Login: {'result': False, 'data': None, 'message': '0'}",)
09:41:08 - INF - post - ('Ejecutando servicio de Login',)
09:41:09 - INF - post - ("Resultado del Login: {'result': False, 'data': None, 'message': '0'}",)
09:41:47 - INF - <module> - ('Servicio Finalizado',)
09:41:49 - INF - <module> - ('Servicio Iniciado',)
09:41:51 - INF - post - ('Ejecutando servicio de Login',)
09:41:55 - INF - post - ('Ejecutando servicio de Login',)
09:42:03 - INF - <module> - ('Servicio Finalizado',)
09:42:04 - INF - <module> - ('Servicio Iniciado',)
09:42:08 - INF - post - ('Ejecutando servicio de Login',)
09:42:09 - INF - post - ("Resultado del Login: {'result': False, 'data': None, 'message': '0'}",)
09:42:41 - INF - <module> - ('Servicio Finalizado',)
09:42:43 - INF - <module> - ('Servicio Iniciado',)
09:42:46 - INF - post - ('Ejecutando servicio de Login',)
09:42:48 - INF - post - ("Resultado del Login: {'result': False, 'data': None, 'message': '0'}",)
09:43:22 - INF - post - ('Ejecutando servicio de Login',)
09:43:23 - INF - post - ("Resultado del Login: {'result': False, 'data': None, 'message': '0'}",)
09:44:22 - INF - <module> - ('Servicio Finalizado',)
09:44:24 - INF - <module> - ('Servicio Iniciado',)
09:44:28 - INF - post - ('Ejecutando servicio de Login',)
09:44:29 - INF - post - ("Resultado del Login: {'result': False, 'data': None, 'message': '0'}",)
09:45:10 - INF - <module> - ('Servicio Finalizado',)
09:45:13 - INF - <module> - ('Servicio Iniciado',)
09:45:21 - INF - post - ('Ejecutando servicio de Login',)
09:45:25 - INF - post - ("Resultado del Login: {'result': True, 'data': {'id_usuario': 1, 'usuario': 'zartha', 'nombres': 'Ignacio Valencia', 'apellidos': 'Valencia Moyano', 'correo_electronico': 'zarthitas@gmail.com', 'rol': 'usuario', 'universidad': 'UG', 'ultima_hora_acceso': None, 'grupos': [], 'token': 'eyJhbGciOiJIUzI1NiIsInR5cCI6IkpXVCJ9.eyJpYXQiOjE3MjIyNjQzMjQsImV4cCI6MTcyMjI2NTIyNCwidXNlcm5hbWUiOiJ6YXJ0aGEifQ.qT6eesgGARpHlrbPNS4ekJHJyb33PD7Em_WhdgOTGkw'}, 'message': 'Login Exitoso'}",)
09:45:33 - INF - post - ('Ejecutando servicio de Login',)
09:45:36 - INF - post - ('Resultado del Login: {\'result\': False, \'data\': None, \'message\': "string indices must be integers, not \'str\'"}',)
09:46:10 - INF - <module> - ('Servicio Finalizado',)
09:46:11 - INF - <module> - ('Servicio Iniciado',)
09:47:24 - INF - <module> - ('Servicio Finalizado',)
09:47:25 - INF - <module> - ('Servicio Iniciado',)
09:47:30 - INF - post - ('Ejecutando servicio de Login',)
09:47:32 - INF - post - ("Resultado del Login: {'result': True, 'data': {'id_usuario': 5, 'usuario': 'zarthas', 'nombres': 'Ignacio Valencia', 'apellidos': 'Valencia Moyano', 'correo_electronico': 'zarthitas@ug.edu.ec', 'rol': 'administrador', 'universidad': 'Facultad de Ciencias Fisicas y Matemátivas', 'ultima_hora_acceso': None, 'token': 'eyJhbGciOiJIUzI1NiIsInR5cCI6IkpXVCJ9.eyJpYXQiOjE3MjIyNjQ0NTIsImV4cCI6MTcyMjI2NTM1MiwidXNlcm5hbWUiOiJ6YXJ0aGFzIn0.F9HEJWrN126SVkktlk7mW0LKrHDoV6EJeOvs9cTNzag'}, 'message': 'Login Exitoso'}",)
09:51:36 - INF - <module> - ('Servicio Finalizado',)
09:51:47 - INF - <module> - ('Servicio Iniciado',)
10:01:41 - INF - <module> - ('Servicio Finalizado',)
10:01:48 - INF - <module> - ('Servicio Iniciado',)
10:02:08 - INF - get - ('Ejecutando servicio para obtener grupos por usuario',)
10:02:50 - INF - get - ('Ejecutando servicio para obtener grupos por usuario',)
10:03:20 - INF - <module> - ('Servicio Finalizado',)
10:03:23 - INF - <module> - ('Servicio Iniciado',)
10:03:27 - INF - get - ('Ejecutando servicio para obtener grupos por usuario',)
10:09:59 - INF - put - ('Ejecutando servicio de actualización de usuario',)
10:12:03 - INF - <module> - ('Servicio Finalizado',)
10:12:11 - INF - <module> - ('Servicio Iniciado',)
10:12:33 - INF - put - ('Ejecutando servicio de actualización de usuario',)
10:14:04 - INF - <module> - ('Servicio Finalizado',)
10:14:07 - INF - <module> - ('Servicio Iniciado',)
10:14:10 - INF - put - ('Ejecutando servicio de actualización de usuario',)
10:16:05 - INF - <module> - ('Servicio Finalizado',)
10:16:13 - INF - <module> - ('Servicio Iniciado',)
10:16:43 - INF - <module> - ('Servicio Finalizado',)
10:16:44 - INF - <module> - ('Servicio Iniciado',)
10:16:49 - INF - <module> - ('Servicio Finalizado',)
10:16:50 - INF - <module> - ('Servicio Iniciado',)
10:16:57 - INF - put - ('Ejecutando servicio de actualización de usuario',)
10:17:52 - INF - <module> - ('Servicio Finalizado',)
10:17:53 - INF - <module> - ('Servicio Iniciado',)
10:18:17 - INF - <module> - ('Servicio Finalizado',)
10:18:18 - INF - <module> - ('Servicio Iniciado',)
10:18:20 - INF - put - ('Ejecutando servicio de actualización de usuario',)
10:18:34 - INF - post - ('Ejecutando servicio de Login',)
10:18:35 - INF - post - ("Resultado del Login: {'result': False, 'data': None, 'message': 'Login No Válido'}",)
10:18:40 - INF - post - ('Ejecutando servicio de Login',)
10:18:41 - INF - post - ("Resultado del Login: {'result': False, 'data': None, 'message': 'Login No Válido'}",)
10:18:47 - INF - post - ('Ejecutando servicio de Login',)
10:18:50 - INF - post - ("Resultado del Login: {'result': True, 'data': {'id_usuario': 5, 'usuario': 'zarthitas', 'nombres': 'Ignacio Valencia', 'apellidos': 'Valencia Moyano', 'correo_electronico': 'zarthitas@ug.edu.ec', 'rol': 'administrador', 'universidad': 'Facultad de Ciencias Fisicas y Matemátivas', 'ultima_hora_acceso': None, 'token': 'eyJhbGciOiJIUzI1NiIsInR5cCI6IkpXVCJ9.eyJpYXQiOjE3MjIyNjYzMzAsImV4cCI6MTcyMjI2OTAzMCwidXNlcm5hbWUiOiJ6YXJ0aGl0YXMifQ.d37MHjkpGl7a_o_RSmHS_QMLY_glDU-EyErhfHJv1QQ'}, 'message': 'Login Exitoso'}",)
10:25:01 - INF - <module> - ('Servicio Finalizado',)
10:25:02 - INF - <module> - ('Servicio Finalizado',)
11:06:30 - INF - <module> - ('Servicio Iniciado',)
11:06:37 - INF - <module> - ('Servicio Iniciado',)
11:11:01 - INF - post - ('Ejecutando servicio de Login',)
11:11:06 - INF - post - ("Resultado del Login: {'result': True, 'data': {'id_usuario': 5, 'usuario': 'zarthitas', 'nombres': 'Ignacio Valencia', 'apellidos': 'Valencia Moyano', 'correo_electronico': 'zarthitas@ug.edu.ec', 'rol': 'administrador', 'universidad': 'Facultad de Ciencias Fisicas y Matemátivas', 'ultima_hora_acceso': None, 'token': 'eyJhbGciOiJIUzI1NiIsInR5cCI6IkpXVCJ9.eyJpYXQiOjE3MjIyNjk0NjYsImV4cCI6MTcyMjI3MjE2NiwidXNlcm5hbWUiOiJ6YXJ0aGl0YXMifQ.9Lsbs0BfgUCSjXgmiX333I_htAvp1fVBS4rpAjjtopM'}, 'message': 'Login Exitoso'}",)
11:16:31 - INF - post - ('Ejecutando servicio de Login',)
11:16:34 - INF - post - ("Resultado del Login: {'result': True, 'data': {'id_usuario': 5, 'usuario': 'zarthitas', 'nombres': 'Ignacio Valencia', 'apellidos': 'Valencia Moyano', 'correo_electronico': 'zarthitas@ug.edu.ec', 'rol': 'administrador', 'universidad': 'Facultad de Ciencias Fisicas y Matemátivas', 'ultima_hora_acceso': None, 'token': 'eyJhbGciOiJIUzI1NiIsInR5cCI6IkpXVCJ9.eyJpYXQiOjE3MjIyNjk3OTQsImV4cCI6MTcyMjI3MjQ5NCwidXNlcm5hbWUiOiJ6YXJ0aGl0YXMifQ.AG-fc8Cwan35eGDikcJWI9cLR88Ke7G0GijFfB4XKL8'}, 'message': 'Login Exitoso'}",)
11:19:43 - INF - get - ('Ejecutando servicio para obtener grupos por usuario',)
11:22:13 - INF - get - ('Ejecutando servicio para obtener grupos por usuario',)
11:22:15 - INF - get - ('Ejecutando servicio para obtener grupos por usuario',)
11:22:22 - INF - get - ('Ejecutando servicio para obtener grupos por usuario',)
11:23:54 - INF - get - ('Ejecutando servicio para obtener grupos por usuario',)
11:26:57 - INF - get - ('Ejecutando servicio para obtener grupos por usuario',)
11:27:13 - INF - post - ('Ejecutando servicio para crear grupo',)
11:30:48 - INF - get - ('Ejecutando servicio para obtener grupos por usuario',)
11:31:14 - INF - get - ('Ejecutando servicio para obtener grupos por usuario',)
11:31:15 - INF - get - ('Ejecutando servicio para obtener grupos por usuario',)
11:31:24 - INF - post - ('Ejecutando servicio de Login',)
11:31:26 - INF - post - ("Resultado del Login: {'result': True, 'data': {'id_usuario': 5, 'usuario': 'zarthitas', 'nombres': 'Ignacio Valencia', 'apellidos': 'Valencia Moyano', 'correo_electronico': 'zarthitas@ug.edu.ec', 'rol': 'administrador', 'universidad': 'Facultad de Ciencias Fisicas y Matemátivas', 'ultima_hora_acceso': None, 'token': 'eyJhbGciOiJIUzI1NiIsInR5cCI6IkpXVCJ9.eyJpYXQiOjE3MjIyNzA2ODYsImV4cCI6MTcyMjI3MzM4NiwidXNlcm5hbWUiOiJ6YXJ0aGl0YXMifQ.3tGOxCjpn5lg93YDjJdTm0l7Fo-ApbmzGvvVTS0e4sM'}, 'message': 'Login Exitoso'}",)
11:31:27 - INF - get - ('Ejecutando servicio para obtener grupos por usuario',)
11:31:28 - INF - get - ('Ejecutando servicio para obtener grupos por usuario',)
11:31:41 - INF - post - ('Ejecutando servicio de Login',)
11:31:43 - INF - post - ("Resultado del Login: {'result': True, 'data': {'id_usuario': 5, 'usuario': 'zarthitas', 'nombres': 'Ignacio Valencia', 'apellidos': 'Valencia Moyano', 'correo_electronico': 'zarthitas@ug.edu.ec', 'rol': 'administrador', 'universidad': 'Facultad de Ciencias Fisicas y Matemátivas', 'ultima_hora_acceso': None, 'token': 'eyJhbGciOiJIUzI1NiIsInR5cCI6IkpXVCJ9.eyJpYXQiOjE3MjIyNzA3MDMsImV4cCI6MTcyMjI3MzQwMywidXNlcm5hbWUiOiJ6YXJ0aGl0YXMifQ.i3sYQdFKeMU3fKEAlFon8bQ5HebXI62aWlF6DZSJLmo'}, 'message': 'Login Exitoso'}",)
11:31:43 - INF - get - ('Ejecutando servicio para obtener grupos por usuario',)
11:31:44 - INF - get - ('Ejecutando servicio para obtener grupos por usuario',)
11:31:55 - INF - get - ('Ejecutando servicio para obtener grupos por usuario',)
11:31:56 - INF - get - ('Ejecutando servicio para obtener grupos por usuario',)
11:32:51 - INF - post - ('Ejecutando servicio de Login',)
11:32:53 - INF - post - ("Resultado del Login: {'result': True, 'data': {'id_usuario': 5, 'usuario': 'zarthitas', 'nombres': 'Ignacio Valencia', 'apellidos': 'Valencia Moyano', 'correo_electronico': 'zarthitas@ug.edu.ec', 'rol': 'administrador', 'universidad': 'Facultad de Ciencias Fisicas y Matemátivas', 'ultima_hora_acceso': None, 'token': 'eyJhbGciOiJIUzI1NiIsInR5cCI6IkpXVCJ9.eyJpYXQiOjE3MjIyNzA3NzMsImV4cCI6MTcyMjI3MzQ3MywidXNlcm5hbWUiOiJ6YXJ0aGl0YXMifQ.8a-NgtuO-BCtvWVi9Mz5eJ3At8z0PbSXDKBPkrk_UbQ'}, 'message': 'Login Exitoso'}",)
11:32:53 - INF - get - ('Ejecutando servicio para obtener grupos por usuario',)
11:32:54 - INF - get - ('Ejecutando servicio para obtener grupos por usuario',)
11:33:05 - INF - get - ('Ejecutando servicio para obtener grupos por usuario',)
11:33:06 - INF - get - ('Ejecutando servicio para obtener grupos por usuario',)
11:33:29 - INF - get - ('Ejecutando servicio para obtener grupos por usuario',)
11:33:30 - INF - get - ('Ejecutando servicio para obtener grupos por usuario',)
11:33:37 - INF - post - ('Ejecutando servicio de Login',)
11:33:39 - INF - post - ('Ejecutando servicio de Login',)
11:33:39 - INF - post - ("Resultado del Login: {'result': True, 'data': {'id_usuario': 5, 'usuario': 'zarthitas', 'nombres': 'Ignacio Valencia', 'apellidos': 'Valencia Moyano', 'correo_electronico': 'zarthitas@ug.edu.ec', 'rol': 'administrador', 'universidad': 'Facultad de Ciencias Fisicas y Matemátivas', 'ultima_hora_acceso': None, 'token': 'eyJhbGciOiJIUzI1NiIsInR5cCI6IkpXVCJ9.eyJpYXQiOjE3MjIyNzA4MTksImV4cCI6MTcyMjI3MzUxOSwidXNlcm5hbWUiOiJ6YXJ0aGl0YXMifQ.bCWPqZ44eo1QIeBpQcJ3ocPC5MkKTork46I2JkUWEfQ'}, 'message': 'Login Exitoso'}",)
11:33:39 - INF - get - ('Ejecutando servicio para obtener grupos por usuario',)
11:33:41 - INF - post - ("Resultado del Login: {'result': True, 'data': {'id_usuario': 5, 'usuario': 'zarthitas', 'nombres': 'Ignacio Valencia', 'apellidos': 'Valencia Moyano', 'correo_electronico': 'zarthitas@ug.edu.ec', 'rol': 'administrador', 'universidad': 'Facultad de Ciencias Fisicas y Matemátivas', 'ultima_hora_acceso': None, 'token': 'eyJhbGciOiJIUzI1NiIsInR5cCI6IkpXVCJ9.eyJpYXQiOjE3MjIyNzA4MjEsImV4cCI6MTcyMjI3MzUyMSwidXNlcm5hbWUiOiJ6YXJ0aGl0YXMifQ.dgRUUsvJPxkO0VWdVb-B5R09U1LI1RzEjxiT6z_kgfs'}, 'message': 'Login Exitoso'}",)
11:33:41 - INF - get - ('Ejecutando servicio para obtener grupos por usuario',)
11:35:01 - INF - get - ('Ejecutando servicio para obtener grupos por usuario',)
11:35:07 - INF - post - ('Ejecutando servicio de Login',)
11:35:08 - INF - post - ('Ejecutando servicio de Login',)
11:35:09 - INF - post - ("Resultado del Login: {'result': True, 'data': {'id_usuario': 5, 'usuario': 'zarthitas', 'nombres': 'Ignacio Valencia', 'apellidos': 'Valencia Moyano', 'correo_electronico': 'zarthitas@ug.edu.ec', 'rol': 'administrador', 'universidad': 'Facultad de Ciencias Fisicas y Matemátivas', 'ultima_hora_acceso': None, 'token': 'eyJhbGciOiJIUzI1NiIsInR5cCI6IkpXVCJ9.eyJpYXQiOjE3MjIyNzA5MDksImV4cCI6MTcyMjI3MzYwOSwidXNlcm5hbWUiOiJ6YXJ0aGl0YXMifQ.AvfGCYkE69rRNhe8WgG3UezXNx6RJXGTru_Lk5N9WR0'}, 'message': 'Login Exitoso'}",)
11:35:10 - INF - get - ('Ejecutando servicio para obtener grupos por usuario',)
11:35:10 - INF - post - ("Resultado del Login: {'result': True, 'data': {'id_usuario': 5, 'usuario': 'zarthitas', 'nombres': 'Ignacio Valencia', 'apellidos': 'Valencia Moyano', 'correo_electronico': 'zarthitas@ug.edu.ec', 'rol': 'administrador', 'universidad': 'Facultad de Ciencias Fisicas y Matemátivas', 'ultima_hora_acceso': None, 'token': 'eyJhbGciOiJIUzI1NiIsInR5cCI6IkpXVCJ9.eyJpYXQiOjE3MjIyNzA5MTAsImV4cCI6MTcyMjI3MzYxMCwidXNlcm5hbWUiOiJ6YXJ0aGl0YXMifQ.fjLjJcJ2Ia4a4XRzLgEzIqWWISmO69cr3KUrKbbyN4M'}, 'message': 'Login Exitoso'}",)
11:35:11 - INF - get - ('Ejecutando servicio para obtener grupos por usuario',)
11:35:12 - INF - get - ('Ejecutando servicio para obtener grupos por usuario',)
11:35:13 - INF - get - ('Ejecutando servicio para obtener grupos por usuario',)
11:36:37 - INF - post - ('Ejecutando servicio de Login',)
11:36:40 - INF - post - ("Resultado del Login: {'result': True, 'data': {'id_usuario': 5, 'usuario': 'zarthitas', 'nombres': 'Ignacio Valencia', 'apellidos': 'Valencia Moyano', 'correo_electronico': 'zarthitas@ug.edu.ec', 'rol': 'administrador', 'universidad': 'Facultad de Ciencias Fisicas y Matemátivas', 'ultima_hora_acceso': None, 'token': 'eyJhbGciOiJIUzI1NiIsInR5cCI6IkpXVCJ9.eyJpYXQiOjE3MjIyNzEwMDAsImV4cCI6MTcyMjI3MzcwMCwidXNlcm5hbWUiOiJ6YXJ0aGl0YXMifQ.51B1EcKsmJptgBAFIO9sfIbxfP8id_P-zt7Dwz90ws0'}, 'message': 'Login Exitoso'}",)
11:36:40 - INF - get - ('Ejecutando servicio para obtener grupos por usuario',)
11:36:42 - INF - get - ('Ejecutando servicio para obtener grupos por usuario',)
11:40:31 - INF - post - ('Ejecutando servicio de Login',)
11:40:33 - INF - post - ("Resultado del Login: {'result': True, 'data': {'id_usuario': 5, 'usuario': 'zarthitas', 'nombres': 'Ignacio Valencia', 'apellidos': 'Valencia Moyano', 'correo_electronico': 'zarthitas@ug.edu.ec', 'rol': 'administrador', 'universidad': 'Facultad de Ciencias Fisicas y Matemátivas', 'ultima_hora_acceso': None, 'token': 'eyJhbGciOiJIUzI1NiIsInR5cCI6IkpXVCJ9.eyJpYXQiOjE3MjIyNzEyMzMsImV4cCI6MTcyMjI3MzkzMywidXNlcm5hbWUiOiJ6YXJ0aGl0YXMifQ.U647v42KMKqrUuIq3sVYCCqqjt-gcrx9hjuzx9c26YA'}, 'message': 'Login Exitoso'}",)
11:40:34 - INF - get - ('Ejecutando servicio para obtener grupos por usuario',)
11:40:35 - INF - get - ('Ejecutando servicio para obtener grupos por usuario',)
11:44:34 - INF - get - ('Ejecutando servicio para obtener grupos por usuario',)
11:44:35 - INF - get - ('Ejecutando servicio para obtener grupos por usuario',)
11:47:54 - INF - post - ('Ejecutando servicio de Login',)
11:47:57 - INF - post - ("Resultado del Login: {'result': True, 'data': {'id_usuario': 5, 'usuario': 'zarthitas', 'nombres': 'Ignacio Valencia', 'apellidos': 'Valencia Moyano', 'correo_electronico': 'zarthitas@ug.edu.ec', 'rol': 'administrador', 'universidad': 'Facultad de Ciencias Fisicas y Matemátivas', 'ultima_hora_acceso': None, 'token': 'eyJhbGciOiJIUzI1NiIsInR5cCI6IkpXVCJ9.eyJpYXQiOjE3MjIyNzE2NzcsImV4cCI6MTcyMjI3NDM3NywidXNlcm5hbWUiOiJ6YXJ0aGl0YXMifQ.lFxrAKFtsE-MJMg20-645IwiN8Hv4oMHIHCMzBWmNYw'}, 'message': 'Login Exitoso'}",)
11:47:57 - INF - get - ('Ejecutando servicio para obtener grupos por usuario',)
11:47:59 - INF - get - ('Ejecutando servicio para obtener grupos por usuario',)
11:54:10 - INF - get - ('Ejecutando servicio para obtener grupos por usuario',)
11:59:59 - INF - get - ('Ejecutando servicio para obtener grupos por usuario',)
12:00:08 - INF - get - ('Ejecutando servicio para obtener grupos por usuario',)
12:00:09 - INF - get - ('Ejecutando servicio para obtener grupos por usuario',)
12:00:35 - INF - post - ('Ejecutando servicio de Login',)
12:00:36 - INF - post - ('Ejecutando servicio de Login',)
12:00:37 - INF - post - ("Resultado del Login: {'result': True, 'data': {'id_usuario': 5, 'usuario': 'zarthitas', 'nombres': 'Ignacio Valencia', 'apellidos': 'Valencia Moyano', 'correo_electronico': 'zarthitas@ug.edu.ec', 'rol': 'administrador', 'universidad': 'Facultad de Ciencias Fisicas y Matemátivas', 'ultima_hora_acceso': None, 'token': 'eyJhbGciOiJIUzI1NiIsInR5cCI6IkpXVCJ9.eyJpYXQiOjE3MjIyNzI0MzcsImV4cCI6MTcyMjI3NTEzNywidXNlcm5hbWUiOiJ6YXJ0aGl0YXMifQ.qnck9uVu1rHpsJoxVQwI-XYc3SrsxiLPMdWpaK1MuN4'}, 'message': 'Login Exitoso'}",)
12:00:37 - INF - get - ('Ejecutando servicio para obtener grupos por usuario',)
12:00:38 - INF - post - ("Resultado del Login: {'result': True, 'data': {'id_usuario': 5, 'usuario': 'zarthitas', 'nombres': 'Ignacio Valencia', 'apellidos': 'Valencia Moyano', 'correo_electronico': 'zarthitas@ug.edu.ec', 'rol': 'administrador', 'universidad': 'Facultad de Ciencias Fisicas y Matemátivas', 'ultima_hora_acceso': None, 'token': 'eyJhbGciOiJIUzI1NiIsInR5cCI6IkpXVCJ9.eyJpYXQiOjE3MjIyNzI0MzgsImV4cCI6MTcyMjI3NTEzOCwidXNlcm5hbWUiOiJ6YXJ0aGl0YXMifQ.eAB6gjJQqq5bbnBba24-PUh7EleR6_Sfo469JnSq7_s'}, 'message': 'Login Exitoso'}",)
12:00:38 - INF - get - ('Ejecutando servicio para obtener grupos por usuario',)
12:02:30 - INF - post - ('Ejecutando servicio para crear grupo',)
12:05:11 - INF - get - ('Ejecutando servicio para obtener grupos por usuario',)
12:09:37 - INF - get - ('Ejecutando servicio para obtener grupos por usuario',)
12:09:39 - INF - get - ('Ejecutando servicio para obtener grupos por usuario',)
12:09:46 - INF - get - ('Ejecutando servicio para obtener grupos por usuario',)
12:09:47 - INF - get - ('Ejecutando servicio para obtener grupos por usuario',)
12:10:17 - INF - get - ('Ejecutando servicio para obtener grupos por usuario',)
12:10:18 - INF - get - ('Ejecutando servicio para obtener grupos por usuario',)
12:10:20 - INF - get - ('Ejecutando servicio para obtener grupos por usuario',)
12:10:21 - INF - get - ('Ejecutando servicio para obtener grupos por usuario',)
12:12:28 - INF - get - ('Ejecutando servicio para obtener grupos por usuario',)
12:12:29 - INF - get - ('Ejecutando servicio para obtener grupos por usuario',)
12:13:42 - INF - get - ('Ejecutando servicio para obtener grupos por usuario',)
12:13:43 - INF - get - ('Ejecutando servicio para obtener grupos por usuario',)
12:15:23 - INF - get - ('Ejecutando servicio para obtener grupos por usuario',)
12:15:30 - INF - get - ('Ejecutando servicio para obtener grupos por usuario',)
12:15:31 - INF - get - ('Ejecutando servicio para obtener grupos por usuario',)
12:15:39 - INF - get - ('Ejecutando servicio para obtener grupos por usuario',)
12:15:40 - INF - get - ('Ejecutando servicio para obtener grupos por usuario',)
12:15:50 - INF - get - ('Ejecutando servicio para obtener grupos por usuario',)
12:15:52 - INF - get - ('Ejecutando servicio para obtener grupos por usuario',)
12:19:00 - INF - get - ('Ejecutando servicio para obtener grupos por usuario',)
12:19:01 - INF - get - ('Ejecutando servicio para obtener grupos por usuario',)
12:19:06 - INF - get - ('Ejecutando servicio para obtener grupos por usuario',)
12:19:07 - INF - get - ('Ejecutando servicio para obtener grupos por usuario',)
12:21:15 - INF - get - ('Ejecutando servicio para obtener grupos por usuario',)
12:22:05 - INF - get - ('Ejecutando servicio para obtener grupos por usuario',)
12:22:06 - INF - get - ('Ejecutando servicio para obtener grupos por usuario',)
12:22:55 - INF - get - ('Ejecutando servicio para obtener grupos por usuario',)
12:22:56 - INF - get - ('Ejecutando servicio para obtener grupos por usuario',)
12:25:05 - INF - get - ('Ejecutando servicio para obtener grupos por usuario',)
12:25:06 - INF - get - ('Ejecutando servicio para obtener grupos por usuario',)
12:30:30 - INF - get - ('Ejecutando servicio para obtener grupos por usuario',)
12:31:19 - INF - get - ('Ejecutando servicio para obtener grupos por usuario',)
12:31:21 - INF - get - ('Ejecutando servicio para obtener grupos por usuario',)
12:32:25 - INF - get - ('Ejecutando servicio para obtener grupos por usuario',)
12:35:52 - INF - get - ('Ejecutando servicio para obtener grupos por usuario',)
12:35:54 - INF - get - ('Ejecutando servicio para obtener grupos por usuario',)
12:36:04 - INF - put - ('Ejecutando servicio de actualización de usuario',)
12:38:16 - INF - post - ('Ejecutando servicio de Login',)
12:38:19 - INF - post - ("Resultado del Login: {'result': True, 'data': {'id_usuario': 5, 'usuario': 'zarthitas', 'nombres': 'Ignacio Valencia', 'apellidos': 'Valencia Moyano', 'correo_electronico': 'zarthitas@ug.edu.ec', 'rol': 'administrador', 'universidad': 'Facultad de Ciencias Fisicas y Matemátivas', 'ultima_hora_acceso': None, 'token': 'eyJhbGciOiJIUzI1NiIsInR5cCI6IkpXVCJ9.eyJpYXQiOjE3MjIyNzQ2OTgsImV4cCI6MTcyMjI3NzM5OCwidXNlcm5hbWUiOiJ6YXJ0aGl0YXMifQ.ElV3xFXHcLgvfUX_R6H3XqWV84F98PvW9O7fCiPVq_E'}, 'message': 'Login Exitoso'}",)
12:39:39 - INF - put - ('Ejecutando servicio de actualización de usuario',)
12:40:23 - INF - put - ('Ejecutando servicio de actualización de usuario',)
12:40:50 - INF - put - ('Ejecutando servicio de actualización de usuario',)
12:40:50 - INF - put - ('Ejecutando servicio de actualización de usuario',)
12:41:10 - INF - post - ('Ejecutando servicio de Login',)
12:41:12 - INF - post - ("Resultado del Login: {'result': False, 'data': None, 'message': 'Login No Válido'}",)
12:41:23 - INF - post - ('Ejecutando servicio de Login',)
12:41:25 - INF - post - ("Resultado del Login: {'result': True, 'data': {'id_usuario': 5, 'usuario': 'zarthita', 'nombres': 'Ignacio Valencia', 'apellidos': 'Valencia Moyano', 'correo_electronico': 'zarthitas@ug.edu.ec', 'rol': 'administrador', 'universidad': 'Facultad de Ciencias Fisicas y Matemátivas', 'ultima_hora_acceso': None, 'token': 'eyJhbGciOiJIUzI1NiIsInR5cCI6IkpXVCJ9.eyJpYXQiOjE3MjIyNzQ4ODUsImV4cCI6MTcyMjI3NzU4NSwidXNlcm5hbWUiOiJ6YXJ0aGl0YSJ9.Uu9Jl3S8nQChDjM1wZCO_iGs_rPk48866vLFfv7HiiQ'}, 'message': 'Login Exitoso'}",)
12:42:30 - INF - put - ('Ejecutando servicio de actualización de usuario',)
12:59:23 - INF - post - ('Ejecutando servicio de Login',)
12:59:25 - INF - post - ("Resultado del Login: {'result': False, 'data': None, 'message': 'Login No Válido'}",)
12:59:59 - INF - post - ('Ejecutando servicio de Login',)
12:59:59 - INF - post - ('Ejecutando servicio de Login',)
13:00:00 - INF - post - ("Resultado del Login: {'result': False, 'data': None, 'message': 'Login No Válido'}",)
13:00:00 - INF - post - ("Resultado del Login: {'result': False, 'data': None, 'message': 'Login No Válido'}",)
13:00:12 - INF - post - ('Ejecutando servicio de Login',)
13:00:12 - INF - post - ('Ejecutando servicio de Login',)
13:00:13 - INF - post - ("Resultado del Login: {'result': False, 'data': None, 'message': 'Login No Válido'}",)
13:00:14 - INF - post - ("Resultado del Login: {'result': False, 'data': None, 'message': 'Login No Válido'}",)
13:00:22 - INF - post - ('Ejecutando servicio de Login',)
13:00:24 - INF - post - ("Resultado del Login: {'result': True, 'data': {'id_usuario': 5, 'usuario': 'Zartharion', 'nombres': 'Ignacio Valencia', 'apellidos': 'Valencia Moyano', 'correo_electronico': 'zarthitas@ug.edu.ec', 'rol': 'administrador', 'universidad': 'Facultad de Ciencias Fisicas y Matemátivas', 'ultima_hora_acceso': None, 'token': 'eyJhbGciOiJIUzI1NiIsInR5cCI6IkpXVCJ9.eyJpYXQiOjE3MjIyNzYwMjQsImV4cCI6MTcyMjI3ODcyNCwidXNlcm5hbWUiOiJaYXJ0aGFyaW9uIn0.qRDfx7PpBBhVsua5C7Kh5oaMoqPX4NIb4pImRTmB3f0'}, 'message': 'Login Exitoso'}",)
13:00:25 - INF - get - ('Ejecutando servicio para obtener grupos por usuario',)
13:00:26 - INF - get - ('Ejecutando servicio para obtener grupos por usuario',)
13:05:58 - INF - get - ('Ejecutando servicio para obtener grupos por usuario',)
13:06:00 - INF - get - ('Ejecutando servicio para obtener grupos por usuario',)
13:06:17 - INF - put - ('Ejecutando servicio de actualización de usuario',)
13:06:36 - INF - post - ('Ejecutando servicio de Login',)
13:06:37 - INF - post - ("Resultado del Login: {'result': False, 'data': None, 'message': 'Login No Válido'}",)
13:06:43 - INF - post - ('Ejecutando servicio de Login',)
13:06:45 - INF - post - ("Resultado del Login: {'result': True, 'data': {'id_usuario': 5, 'usuario': 'Zartharion', 'nombres': 'Ignacio Valencia', 'apellidos': 'Valencia Moyano', 'correo_electronico': 'zarthitas@ug.edu.ec', 'rol': 'administrador', 'universidad': 'Facultad de Ciencias Fisicas y Matemátivas', 'ultima_hora_acceso': None, 'token': 'eyJhbGciOiJIUzI1NiIsInR5cCI6IkpXVCJ9.eyJpYXQiOjE3MjIyNzY0MDUsImV4cCI6MTcyMjI3OTEwNSwidXNlcm5hbWUiOiJaYXJ0aGFyaW9uIn0.7x0tx1bBex67vVDVkknLwQIP88NEdyCEcrxxTsYJcHo'}, 'message': 'Login Exitoso'}",)
13:06:45 - INF - get - ('Ejecutando servicio para obtener grupos por usuario',)
13:06:46 - INF - get - ('Ejecutando servicio para obtener grupos por usuario',)
13:06:54 - INF - get - ('Ejecutando servicio para obtener grupos por usuario',)
13:06:55 - INF - get - ('Ejecutando servicio para obtener grupos por usuario',)
13:07:03 - INF - put - ('Ejecutando servicio de actualización de usuario',)
13:11:49 - INF - get - ('Ejecutando servicio para obtener grupos por usuario',)
13:11:50 - INF - get - ('Ejecutando servicio para obtener grupos por usuario',)
13:12:04 - INF - post - ('Ejecutando servicio de Login',)
13:12:06 - INF - post - ("Resultado del Login: {'result': True, 'data': {'id_usuario': 5, 'usuario': 'Zartharion', 'nombres': 'Ignacio Valencia', 'apellidos': 'Valencia Moyano', 'correo_electronico': 'zarthitas@ug.edu.ec', 'rol': 'administrador', 'universidad': 'Facultad de Ciencias Fisicas y Matemátivas', 'ultima_hora_acceso': None, 'token': 'eyJhbGciOiJIUzI1NiIsInR5cCI6IkpXVCJ9.eyJpYXQiOjE3MjIyNzY3MjYsImV4cCI6MTcyMjI3OTQyNiwidXNlcm5hbWUiOiJaYXJ0aGFyaW9uIn0.SQ0qxNdImZn_ul7-RZXVW1DD8whLZQZDX8mXi4qmRjk'}, 'message': 'Login Exitoso'}",)
13:12:06 - INF - get - ('Ejecutando servicio para obtener grupos por usuario',)
13:12:07 - INF - get - ('Ejecutando servicio para obtener grupos por usuario',)
13:12:08 - INF - get - ('Ejecutando servicio para obtener grupos por usuario',)
13:12:09 - INF - get - ('Ejecutando servicio para obtener grupos por usuario',)
13:12:25 - INF - put - ('Ejecutando servicio de actualización de usuario',)
13:12:36 - INF - get - ('Ejecutando servicio para obtener grupos por usuario',)
13:12:37 - INF - get - ('Ejecutando servicio para obtener grupos por usuario',)
13:13:09 - INF - get - ('Ejecutando servicio para obtener grupos por usuario',)
13:13:10 - INF - get - ('Ejecutando servicio para obtener grupos por usuario',)
13:14:36 - INF - get - ('Ejecutando servicio para obtener grupos por usuario',)
13:14:43 - INF - get - ('Ejecutando servicio para obtener grupos por usuario',)
13:15:00 - INF - post - ('Ejecutando servicio de Login',)
13:15:02 - INF - post - ("Resultado del Login: {'result': True, 'data': {'id_usuario': 5, 'usuario': 'Zartharion', 'nombres': 'Ignacio Valencia', 'apellidos': 'Valencia Moyano', 'correo_electronico': 'zarthitas@ug.edu.ec', 'rol': 'administrador', 'universidad': 'Facultad de Ciencias Fisicas y Matemátivas', 'ultima_hora_acceso': None, 'token': 'eyJhbGciOiJIUzI1NiIsInR5cCI6IkpXVCJ9.eyJpYXQiOjE3MjIyNzY5MDIsImV4cCI6MTcyMjI3OTYwMiwidXNlcm5hbWUiOiJaYXJ0aGFyaW9uIn0.xRsnSCLESEZJDiqmB_2qHiFwqTqWHyYn4SzI0rJ2JDQ'}, 'message': 'Login Exitoso'}",)
13:15:02 - INF - get - ('Ejecutando servicio para obtener grupos por usuario',)
13:15:03 - INF - get - ('Ejecutando servicio para obtener grupos por usuario',)
13:15:05 - INF - get - ('Ejecutando servicio para obtener grupos por usuario',)
13:15:06 - INF - get - ('Ejecutando servicio para obtener grupos por usuario',)
13:16:00 - INF - get - ('Ejecutando servicio para obtener grupos por usuario',)
13:16:37 - INF - get - ('Ejecutando servicio para obtener grupos por usuario',)
13:16:38 - INF - get - ('Ejecutando servicio para obtener grupos por usuario',)
13:38:47 - INF - get - ('Ejecutando servicio para obtener grupos por usuario',)
13:38:49 - INF - get - ('Ejecutando servicio para obtener grupos por usuario',)
14:01:53 - INF - <module> - ('Servicio Finalizado',)
14:02:25 - INF - <module> - ('Servicio Finalizado',)
14:09:10 - INF - <module> - ('Servicio Iniciado',)
14:09:12 - INF - <module> - ('Servicio Iniciado',)
14:09:53 - INF - get - ('Ejecutando servicio para obtener todos los grupos',)
14:10:50 - INF - <module> - ('Servicio Finalizado',)
14:11:01 - INF - <module> - ('Servicio Finalizado',)
14:12:26 - INF - <module> - ('Servicio Iniciado',)
14:12:28 - INF - <module> - ('Servicio Iniciado',)
14:12:33 - INF - get - ('Ejecutando servicio para obtener todos los grupos',)
14:12:40 - INF - get - ('Ejecutando servicio para obtener todos los grupos',)
14:14:01 - INF - get - ('Ejecutando servicio para obtener grupos por usuario',)
14:14:03 - INF - get - ('Ejecutando servicio para obtener grupos por usuario',)
14:14:31 - INF - <module> - ('Servicio Finalizado',)
14:14:32 - INF - <module> - ('Servicio Iniciado',)
14:14:35 - INF - get - ('Ejecutando servicio para obtener todos los grupos',)
14:14:36 - INF - get - ('Ejecutando servicio para obtener todos los grupos',)
14:19:32 - INF - get - ('Ejecutando servicio para obtener todos los grupos',)
14:22:02 - INF - <module> - ('Servicio Finalizado',)
14:22:28 - INF - <module> - ('Servicio Iniciado',)
14:22:29 - INF - get - ('Ejecutando servicio para obtener todos los grupos',)
14:29:21 - INF - get - ('Ejecutando servicio para obtener todos los grupos',)
14:29:21 - INF - get - ('Ejecutando servicio para obtener grupos por usuario',)
14:29:22 - INF - get - ('Ejecutando servicio para obtener todos los grupos',)
14:29:22 - INF - get - ('Ejecutando servicio para obtener grupos por usuario',)
14:33:56 - INF - get - ('Ejecutando servicio para obtener todos los grupos',)
14:33:57 - INF - get - ('Ejecutando servicio para obtener todos los grupos',)
14:34:08 - INF - get - ('Ejecutando servicio para obtener todos los grupos',)
14:34:09 - INF - get - ('Ejecutando servicio para obtener todos los grupos',)
14:35:41 - INF - get - ('Ejecutando servicio para obtener todos los grupos',)
14:35:43 - INF - get - ('Ejecutando servicio para obtener todos los grupos',)
14:35:54 - INF - post - ('Ejecutando servicio de Login',)
14:35:59 - INF - post - ("Resultado del Login: {'result': True, 'data': {'id_usuario': 5, 'usuario': 'Zartharion', 'nombres': 'Ignacio Valencia', 'apellidos': 'Valencia Moyano', 'correo_electronico': 'zarthitas@ug.edu.ec', 'rol': 'administrador', 'universidad': 'Facultad de Ciencias Fisicas y Matemátivas', 'ultima_hora_acceso': None, 'token': 'eyJhbGciOiJIUzI1NiIsInR5cCI6IkpXVCJ9.eyJpYXQiOjE3MjIyODE3NTksImV4cCI6MTcyMjI4NDQ1OSwidXNlcm5hbWUiOiJaYXJ0aGFyaW9uIn0.VK1ewYRsYBvusgaxFfql7uO1g1CDSHfPWhugah4_H48'}, 'message': 'Login Exitoso'}",)
14:35:59 - INF - get - ('Ejecutando servicio para obtener todos los grupos',)
14:36:00 - INF - get - ('Ejecutando servicio para obtener todos los grupos',)
14:38:39 - INF - get - ('Ejecutando servicio para obtener grupos por usuario',)
14:38:39 - INF - get - ('Ejecutando servicio para obtener todos los grupos',)
14:38:40 - INF - get - ('Ejecutando servicio para obtener todos los grupos',)
14:38:40 - INF - get - ('Ejecutando servicio para obtener grupos por usuario',)
14:38:41 - INF - get - ('Ejecutando servicio para obtener todos los grupos',)
14:38:41 - INF - get - ('Ejecutando servicio para obtener grupos por usuario',)
14:38:42 - INF - get - ('Ejecutando servicio para obtener todos los grupos',)
14:38:42 - INF - get - ('Ejecutando servicio para obtener grupos por usuario',)
14:38:48 - INF - get - ('Ejecutando servicio para obtener grupos por usuario',)
14:38:48 - INF - get - ('Ejecutando servicio para obtener todos los grupos',)
14:38:49 - INF - get - ('Ejecutando servicio para obtener todos los grupos',)
14:38:49 - INF - get - ('Ejecutando servicio para obtener grupos por usuario',)
14:38:58 - INF - get - ('Ejecutando servicio para obtener grupos por usuario',)
14:38:58 - INF - get - ('Ejecutando servicio para obtener todos los grupos',)
14:38:59 - INF - get - ('Ejecutando servicio para obtener grupos por usuario',)
14:38:59 - INF - get - ('Ejecutando servicio para obtener todos los grupos',)
14:40:01 - INF - get - ('Ejecutando servicio para obtener grupos por usuario',)
14:40:01 - INF - get - ('Ejecutando servicio para obtener todos los grupos',)
14:40:02 - INF - get - ('Ejecutando servicio para obtener grupos por usuario',)
14:40:02 - INF - get - ('Ejecutando servicio para obtener todos los grupos',)
14:40:18 - INF - get - ('Ejecutando servicio para obtener grupos por usuario',)
14:40:18 - INF - get - ('Ejecutando servicio para obtener todos los grupos',)
14:40:19 - INF - get - ('Ejecutando servicio para obtener grupos por usuario',)
14:40:19 - INF - get - ('Ejecutando servicio para obtener todos los grupos',)
14:40:27 - INF - get - ('Ejecutando servicio para obtener todos los grupos',)
14:40:28 - INF - get - ('Ejecutando servicio para obtener todos los grupos',)
14:42:06 - INF - get - ('Ejecutando servicio para obtener todos los grupos',)
14:42:28 - INF - get - ('Ejecutando servicio para obtener todos los grupos',)
14:48:16 - INF - get - ('Ejecutando servicio para obtener grupos por usuario',)
14:48:46 - INF - get - ('Ejecutando servicio para obtener grupos por usuario',)
14:48:49 - INF - get - ('Ejecutando servicio para obtener grupos por usuario',)
14:48:51 - INF - get - ('Ejecutando servicio para obtener todos los grupos',)
14:48:59 - INF - get - ('Ejecutando servicio para obtener grupos por usuario',)
14:48:59 - INF - get - ('Ejecutando servicio para obtener todos los grupos',)
14:49:00 - INF - get - ('Ejecutando servicio para obtener grupos por usuario',)
14:49:00 - INF - get - ('Ejecutando servicio para obtener todos los grupos',)
14:50:43 - INF - get - ('Ejecutando servicio para obtener grupos por usuario',)
14:50:44 - INF - get - ('Ejecutando servicio para obtener todos los grupos',)
14:50:44 - INF - get - ('Ejecutando servicio para obtener grupos por usuario',)
14:51:00 - INF - get - ('Ejecutando servicio para obtener grupos por usuario',)
14:51:00 - INF - get - ('Ejecutando servicio para obtener todos los grupos',)
14:51:01 - INF - get - ('Ejecutando servicio para obtener todos los grupos',)
14:51:01 - INF - get - ('Ejecutando servicio para obtener grupos por usuario',)
14:51:15 - INF - get - ('Ejecutando servicio para obtener grupos por usuario',)
14:51:15 - INF - get - ('Ejecutando servicio para obtener todos los grupos',)
14:51:16 - INF - get - ('Ejecutando servicio para obtener todos los grupos',)
14:51:16 - INF - get - ('Ejecutando servicio para obtener grupos por usuario',)
14:51:22 - INF - get - ('Ejecutando servicio para obtener grupos por usuario',)
14:51:22 - INF - get - ('Ejecutando servicio para obtener todos los grupos',)
14:51:23 - INF - get - ('Ejecutando servicio para obtener todos los grupos',)
14:51:23 - INF - get - ('Ejecutando servicio para obtener grupos por usuario',)
14:51:29 - INF - get - ('Ejecutando servicio para obtener grupos por usuario',)
14:51:29 - INF - get - ('Ejecutando servicio para obtener todos los grupos',)
14:51:30 - INF - get - ('Ejecutando servicio para obtener grupos por usuario',)
14:51:30 - INF - get - ('Ejecutando servicio para obtener todos los grupos',)
14:51:41 - INF - get - ('Ejecutando servicio para obtener grupos por usuario',)
14:51:41 - INF - get - ('Ejecutando servicio para obtener todos los grupos',)
14:51:42 - INF - get - ('Ejecutando servicio para obtener todos los grupos',)
14:51:42 - INF - get - ('Ejecutando servicio para obtener grupos por usuario',)
14:51:45 - INF - get - ('Ejecutando servicio para obtener grupos por usuario',)
14:51:45 - INF - get - ('Ejecutando servicio para obtener todos los grupos',)
14:51:46 - INF - get - ('Ejecutando servicio para obtener grupos por usuario',)
14:51:46 - INF - get - ('Ejecutando servicio para obtener todos los grupos',)
14:53:34 - INF - get - ('Ejecutando servicio para obtener grupos por usuario',)
14:53:34 - INF - get - ('Ejecutando servicio para obtener todos los grupos',)
14:53:35 - INF - get - ('Ejecutando servicio para obtener grupos por usuario',)
14:53:35 - INF - get - ('Ejecutando servicio para obtener todos los grupos',)
14:53:40 - INF - get - ('Ejecutando servicio para obtener grupos por usuario',)
14:53:40 - INF - get - ('Ejecutando servicio para obtener todos los grupos',)
14:53:41 - INF - get - ('Ejecutando servicio para obtener todos los grupos',)
14:53:41 - INF - get - ('Ejecutando servicio para obtener grupos por usuario',)
14:53:49 - INF - get - ('Ejecutando servicio para obtener grupos por usuario',)
14:53:49 - INF - get - ('Ejecutando servicio para obtener todos los grupos',)
14:53:50 - INF - get - ('Ejecutando servicio para obtener grupos por usuario',)
14:53:50 - INF - get - ('Ejecutando servicio para obtener todos los grupos',)
14:55:25 - INF - get - ('Ejecutando servicio para obtener grupos por usuario',)
14:55:25 - INF - get - ('Ejecutando servicio para obtener todos los grupos',)
14:55:27 - INF - get - ('Ejecutando servicio para obtener grupos por usuario',)
14:55:27 - INF - get - ('Ejecutando servicio para obtener todos los grupos',)
14:55:39 - INF - get - ('Ejecutando servicio para obtener grupos por usuario',)
14:55:39 - INF - get - ('Ejecutando servicio para obtener todos los grupos',)
14:55:40 - INF - get - ('Ejecutando servicio para obtener grupos por usuario',)
14:55:40 - INF - get - ('Ejecutando servicio para obtener todos los grupos',)
14:55:45 - INF - get - ('Ejecutando servicio para obtener grupos por usuario',)
14:55:45 - INF - get - ('Ejecutando servicio para obtener todos los grupos',)
14:55:46 - INF - get - ('Ejecutando servicio para obtener todos los grupos',)
14:55:46 - INF - get - ('Ejecutando servicio para obtener grupos por usuario',)
14:56:38 - INF - get - ('Ejecutando servicio para obtener grupos por usuario',)
14:56:38 - INF - get - ('Ejecutando servicio para obtener todos los grupos',)
14:56:39 - INF - get - ('Ejecutando servicio para obtener todos los grupos',)
14:56:39 - INF - get - ('Ejecutando servicio para obtener grupos por usuario',)
14:57:33 - INF - get - ('Ejecutando servicio para obtener grupos por usuario',)
14:57:33 - INF - get - ('Ejecutando servicio para obtener todos los grupos',)
14:58:00 - INF - get - ('Ejecutando servicio para obtener grupos por usuario',)
14:58:00 - INF - get - ('Ejecutando servicio para obtener todos los grupos',)
14:58:01 - INF - get - ('Ejecutando servicio para obtener grupos por usuario',)
14:58:01 - INF - get - ('Ejecutando servicio para obtener todos los grupos',)
15:02:37 - INF - get - ('Ejecutando servicio para obtener grupos por usuario',)
15:02:37 - INF - get - ('Ejecutando servicio para obtener todos los grupos',)
15:02:38 - INF - get - ('Ejecutando servicio para obtener todos los grupos',)
15:02:38 - INF - get - ('Ejecutando servicio para obtener grupos por usuario',)
15:03:03 - INF - get - ('Ejecutando servicio para obtener grupos por usuario',)
15:03:03 - INF - get - ('Ejecutando servicio para obtener todos los grupos',)
15:03:04 - INF - get - ('Ejecutando servicio para obtener grupos por usuario',)
15:03:04 - INF - get - ('Ejecutando servicio para obtener todos los grupos',)
15:03:15 - INF - get - ('Ejecutando servicio para obtener grupos por usuario',)
15:03:15 - INF - get - ('Ejecutando servicio para obtener todos los grupos',)
15:03:20 - INF - get - ('Ejecutando servicio para obtener grupos por usuario',)
15:03:20 - INF - get - ('Ejecutando servicio para obtener todos los grupos',)
15:03:21 - INF - get - ('Ejecutando servicio para obtener todos los grupos',)
15:03:21 - INF - get - ('Ejecutando servicio para obtener grupos por usuario',)
15:03:32 - INF - get - ('Ejecutando servicio para obtener todos los grupos',)
15:03:32 - INF - get - ('Ejecutando servicio para obtener grupos por usuario',)
15:03:41 - INF - get - ('Ejecutando servicio para obtener grupos por usuario',)
15:03:41 - INF - get - ('Ejecutando servicio para obtener todos los grupos',)
15:03:43 - INF - get - ('Ejecutando servicio para obtener todos los grupos',)
15:03:43 - INF - get - ('Ejecutando servicio para obtener grupos por usuario',)
15:03:56 - INF - get - ('Ejecutando servicio para obtener grupos por usuario',)
15:03:56 - INF - get - ('Ejecutando servicio para obtener todos los grupos',)
15:03:58 - INF - get - ('Ejecutando servicio para obtener grupos por usuario',)
15:03:58 - INF - get - ('Ejecutando servicio para obtener todos los grupos',)
15:04:01 - INF - get - ('Ejecutando servicio para obtener grupos por usuario',)
15:04:01 - INF - get - ('Ejecutando servicio para obtener todos los grupos',)
15:04:10 - INF - get - ('Ejecutando servicio para obtener grupos por usuario',)
15:04:10 - INF - get - ('Ejecutando servicio para obtener todos los grupos',)
15:04:11 - INF - get - ('Ejecutando servicio para obtener grupos por usuario',)
15:04:11 - INF - get - ('Ejecutando servicio para obtener todos los grupos',)
15:04:22 - INF - get - ('Ejecutando servicio para obtener grupos por usuario',)
15:04:23 - INF - get - ('Ejecutando servicio para obtener todos los grupos',)
15:04:56 - INF - get - ('Ejecutando servicio para obtener grupos por usuario',)
15:04:56 - INF - get - ('Ejecutando servicio para obtener todos los grupos',)
15:04:57 - INF - get - ('Ejecutando servicio para obtener grupos por usuario',)
15:04:57 - INF - get - ('Ejecutando servicio para obtener todos los grupos',)
15:06:42 - INF - get - ('Ejecutando servicio para obtener grupos por usuario',)
15:06:42 - INF - get - ('Ejecutando servicio para obtener todos los grupos',)
15:07:23 - INF - get - ('Ejecutando servicio para obtener grupos por usuario',)
15:07:23 - INF - get - ('Ejecutando servicio para obtener todos los grupos',)
15:07:24 - INF - get - ('Ejecutando servicio para obtener todos los grupos',)
15:07:24 - INF - get - ('Ejecutando servicio para obtener grupos por usuario',)
15:21:37 - INF - get - ('Ejecutando servicio para obtener todos los grupos',)

15:22:59 - INF - get - ('Ejecutando servicio para obtener grupos por usuario',)
15:23:00 - INF - get - ('Ejecutando servicio para obtener todos los grupos',)
15:23:45 - INF - get - ('Ejecutando servicio para obtener grupos por usuario',)
15:23:45 - INF - get - ('Ejecutando servicio para obtener todos los grupos',)
15:23:52 - INF - get - ('Ejecutando servicio para obtener grupos por usuario',)
15:23:52 - INF - get - ('Ejecutando servicio para obtener todos los grupos',)
15:23:53 - INF - get - ('Ejecutando servicio para obtener todos los grupos',)
15:23:53 - INF - get - ('Ejecutando servicio para obtener grupos por usuario',)
15:27:31 - INF - get - ('Ejecutando servicio para obtener grupos por usuario',)
15:27:31 - INF - get - ('Ejecutando servicio para obtener todos los grupos',)
15:27:32 - INF - get - ('Ejecutando servicio para obtener todos los grupos',)
15:27:32 - INF - get - ('Ejecutando servicio para obtener grupos por usuario',)
15:27:33 - INF - get - ('Ejecutando servicio para obtener todos los grupos',)
15:27:35 - INF - get - ('Ejecutando servicio para obtener todos los grupos',)
15:27:37 - INF - get - ('Ejecutando servicio para obtener todos los grupos',)
15:27:38 - INF - get - ('Ejecutando servicio para obtener todos los grupos',)
15:27:39 - INF - get - ('Ejecutando servicio para obtener todos los grupos',)
15:27:40 - INF - get - ('Ejecutando servicio para obtener todos los grupos',)
15:28:15 - INF - get - ('Ejecutando servicio para obtener todos los grupos',)
15:28:16 - INF - get - ('Ejecutando servicio para obtener todos los grupos',)
15:28:20 - INF - get - ('Ejecutando servicio para obtener todos los grupos',)
15:28:21 - INF - get - ('Ejecutando servicio para obtener todos los grupos',)
15:28:22 - INF - get - ('Ejecutando servicio para obtener todos los grupos',)
15:28:23 - INF - get - ('Ejecutando servicio para obtener todos los grupos',)
15:28:24 - INF - get - ('Ejecutando servicio para obtener todos los grupos',)
15:28:25 - INF - get - ('Ejecutando servicio para obtener todos los grupos',)
15:28:26 - INF - get - ('Ejecutando servicio para obtener todos los grupos',)
15:28:27 - INF - get - ('Ejecutando servicio para obtener todos los grupos',)
15:28:28 - INF - get - ('Ejecutando servicio para obtener todos los grupos',)
15:28:29 - INF - get - ('Ejecutando servicio para obtener todos los grupos',)
15:28:30 - INF - get - ('Ejecutando servicio para obtener todos los grupos',)
15:28:31 - INF - get - ('Ejecutando servicio para obtener todos los grupos',)
15:28:32 - INF - get - ('Ejecutando servicio para obtener todos los grupos',)
15:28:34 - INF - get - ('Ejecutando servicio para obtener todos los grupos',)
15:28:36 - INF - get - ('Ejecutando servicio para obtener todos los grupos',)
15:28:36 - INF - get - ('Ejecutando servicio para obtener grupos por usuario',)
15:28:37 - INF - get - ('Ejecutando servicio para obtener todos los grupos',)
15:28:37 - INF - get - ('Ejecutando servicio para obtener grupos por usuario',)
15:28:38 - INF - get - ('Ejecutando servicio para obtener todos los grupos',)
15:30:43 - INF - get - ('Ejecutando servicio para obtener grupos por usuario',)
15:30:43 - INF - get - ('Ejecutando servicio para obtener todos los grupos',)
15:30:44 - INF - get - ('Ejecutando servicio para obtener grupos por usuario',)
15:30:44 - INF - get - ('Ejecutando servicio para obtener todos los grupos',)
15:35:57 - INF - get - ('Ejecutando servicio para obtener grupos por usuario',)
15:35:57 - INF - get - ('Ejecutando servicio para obtener todos los grupos',)
15:36:27 - INF - get - ('Ejecutando servicio para obtener grupos por usuario',)
15:36:28 - INF - get - ('Ejecutando servicio para obtener todos los grupos',)
15:36:43 - INF - get - ('Ejecutando servicio para obtener grupos por usuario',)
15:36:43 - INF - get - ('Ejecutando servicio para obtener todos los grupos',)
15:36:47 - INF - get - ('Ejecutando servicio para obtener grupos por usuario',)
15:36:47 - INF - get - ('Ejecutando servicio para obtener todos los grupos',)
15:36:48 - INF - get - ('Ejecutando servicio para obtener grupos por usuario',)
15:36:48 - INF - get - ('Ejecutando servicio para obtener todos los grupos',)
15:38:52 - INF - get - ('Ejecutando servicio para obtener grupos por usuario',)
15:38:52 - INF - get - ('Ejecutando servicio para obtener todos los grupos',)
15:40:52 - INF - get - ('Ejecutando servicio para obtener grupos por usuario',)
15:40:52 - INF - get - ('Ejecutando servicio para obtener todos los grupos',)
15:43:11 - INF - get - ('Ejecutando servicio para obtener grupos por usuario',)
15:43:12 - INF - get - ('Ejecutando servicio para obtener todos los grupos',)
15:43:13 - INF - get - ('Ejecutando servicio para obtener grupos por usuario',)
15:43:13 - INF - get - ('Ejecutando servicio para obtener todos los grupos',)
15:43:21 - INF - get - ('Ejecutando servicio para obtener todos los grupos',)
15:43:26 - INF - get - ('Ejecutando servicio para obtener todos los grupos',)
15:43:28 - INF - get - ('Ejecutando servicio para obtener todos los grupos',)
15:43:35 - INF - get - ('Ejecutando servicio para obtener grupos por usuario',)
15:43:35 - INF - get - ('Ejecutando servicio para obtener todos los grupos',)
15:43:36 - INF - get - ('Ejecutando servicio para obtener grupos por usuario',)
15:43:37 - INF - get - ('Ejecutando servicio para obtener todos los grupos',)
15:44:10 - INF - get - ('Ejecutando servicio para obtener grupos por usuario',)
15:44:10 - INF - get - ('Ejecutando servicio para obtener todos los grupos',)
15:44:11 - INF - get - ('Ejecutando servicio para obtener todos los grupos',)
15:44:11 - INF - get - ('Ejecutando servicio para obtener grupos por usuario',)
15:44:13 - INF - get - ('Ejecutando servicio para obtener grupos por usuario',)
15:44:13 - INF - get - ('Ejecutando servicio para obtener todos los grupos',)
15:44:14 - INF - get - ('Ejecutando servicio para obtener grupos por usuario',)
15:44:15 - INF - get - ('Ejecutando servicio para obtener todos los grupos',)
15:44:24 - INF - get - ('Ejecutando servicio para obtener todos los grupos',)
15:44:24 - INF - get - ('Ejecutando servicio para obtener grupos por usuario',)
15:44:25 - INF - get - ('Ejecutando servicio para obtener todos los grupos',)
15:44:25 - INF - get - ('Ejecutando servicio para obtener grupos por usuario',)
15:44:33 - INF - get - ('Ejecutando servicio para obtener grupos por usuario',)
15:44:33 - INF - get - ('Ejecutando servicio para obtener todos los grupos',)
15:44:35 - INF - get - ('Ejecutando servicio para obtener grupos por usuario',)
15:44:35 - INF - get - ('Ejecutando servicio para obtener todos los grupos',)
15:44:37 - INF - get - ('Ejecutando servicio para obtener grupos por usuario',)
15:44:37 - INF - get - ('Ejecutando servicio para obtener todos los grupos',)
15:44:38 - INF - get - ('Ejecutando servicio para obtener grupos por usuario',)
15:44:38 - INF - get - ('Ejecutando servicio para obtener todos los grupos',)
15:44:39 - INF - get - ('Ejecutando servicio para obtener grupos por usuario',)
15:44:39 - INF - get - ('Ejecutando servicio para obtener todos los grupos',)
15:44:40 - INF - get - ('Ejecutando servicio para obtener todos los grupos',)
15:44:40 - INF - get - ('Ejecutando servicio para obtener grupos por usuario',)
15:44:43 - INF - get - ('Ejecutando servicio para obtener grupos por usuario',)
15:44:43 - INF - get - ('Ejecutando servicio para obtener todos los grupos',)
15:44:44 - INF - get - ('Ejecutando servicio para obtener todos los grupos',)
15:44:44 - INF - get - ('Ejecutando servicio para obtener grupos por usuario',)
15:45:09 - INF - get - ('Ejecutando servicio para obtener grupos por usuario',)
15:45:09 - INF - get - ('Ejecutando servicio para obtener todos los grupos',)
15:45:44 - INF - get - ('Ejecutando servicio para obtener grupos por usuario',)
15:45:44 - INF - get - ('Ejecutando servicio para obtener todos los grupos',)
15:45:46 - INF - get - ('Ejecutando servicio para obtener grupos por usuario',)
15:45:46 - INF - get - ('Ejecutando servicio para obtener todos los grupos',)
15:45:47 - INF - get - ('Ejecutando servicio para obtener grupos por usuario',)
15:45:48 - INF - get - ('Ejecutando servicio para obtener todos los grupos',)
15:45:48 - INF - get - ('Ejecutando servicio para obtener grupos por usuario',)
15:45:49 - INF - get - ('Ejecutando servicio para obtener todos los grupos',)
15:45:50 - INF - get - ('Ejecutando servicio para obtener grupos por usuario',)
15:45:50 - INF - get - ('Ejecutando servicio para obtener todos los grupos',)
15:45:51 - INF - get - ('Ejecutando servicio para obtener grupos por usuario',)
15:45:51 - INF - get - ('Ejecutando servicio para obtener todos los grupos',)
15:45:53 - INF - get - ('Ejecutando servicio para obtener grupos por usuario',)
15:45:53 - INF - get - ('Ejecutando servicio para obtener todos los grupos',)
15:45:54 - INF - get - ('Ejecutando servicio para obtener grupos por usuario',)
15:45:54 - INF - get - ('Ejecutando servicio para obtener todos los grupos',)
15:45:55 - INF - get - ('Ejecutando servicio para obtener todos los grupos',)
15:45:55 - INF - get - ('Ejecutando servicio para obtener grupos por usuario',)
15:45:57 - INF - get - ('Ejecutando servicio para obtener grupos por usuario',)
15:45:57 - INF - get - ('Ejecutando servicio para obtener todos los grupos',)
15:45:58 - INF - get - ('Ejecutando servicio para obtener todos los grupos',)
15:45:58 - INF - get - ('Ejecutando servicio para obtener grupos por usuario',)
15:46:00 - INF - get - ('Ejecutando servicio para obtener todos los grupos',)
15:46:00 - INF - get - ('Ejecutando servicio para obtener grupos por usuario',)
15:46:02 - INF - get - ('Ejecutando servicio para obtener grupos por usuario',)
15:46:02 - INF - get - ('Ejecutando servicio para obtener todos los grupos',)
15:46:04 - INF - get - ('Ejecutando servicio para obtener grupos por usuario',)
15:46:04 - INF - get - ('Ejecutando servicio para obtener todos los grupos',)
15:46:05 - INF - get - ('Ejecutando servicio para obtener grupos por usuario',)
15:46:05 - INF - get - ('Ejecutando servicio para obtener todos los grupos',)
15:46:06 - INF - get - ('Ejecutando servicio para obtener grupos por usuario',)
15:46:06 - INF - get - ('Ejecutando servicio para obtener todos los grupos',)
15:46:20 - INF - get - ('Ejecutando servicio para obtener grupos por usuario',)
15:46:20 - INF - get - ('Ejecutando servicio para obtener todos los grupos',)
15:46:30 - INF - get - ('Ejecutando servicio para obtener grupos por usuario',)
15:46:30 - INF - get - ('Ejecutando servicio para obtener todos los grupos',)
15:46:35 - INF - get - ('Ejecutando servicio para obtener grupos por usuario',)
15:46:35 - INF - get - ('Ejecutando servicio para obtener todos los grupos',)
15:46:38 - INF - get - ('Ejecutando servicio para obtener grupos por usuario',)
15:46:38 - INF - get - ('Ejecutando servicio para obtener todos los grupos',)
15:46:40 - INF - get - ('Ejecutando servicio para obtener grupos por usuario',)
15:46:40 - INF - get - ('Ejecutando servicio para obtener todos los grupos',)
15:46:42 - INF - get - ('Ejecutando servicio para obtener grupos por usuario',)
15:46:42 - INF - get - ('Ejecutando servicio para obtener todos los grupos',)
15:46:44 - INF - get - ('Ejecutando servicio para obtener grupos por usuario',)
15:46:44 - INF - get - ('Ejecutando servicio para obtener todos los grupos',)
15:46:45 - INF - get - ('Ejecutando servicio para obtener grupos por usuario',)
15:46:45 - INF - get - ('Ejecutando servicio para obtener todos los grupos',)
15:46:53 - INF - get - ('Ejecutando servicio para obtener grupos por usuario',)
15:46:53 - INF - get - ('Ejecutando servicio para obtener todos los grupos',)
15:47:02 - INF - get - ('Ejecutando servicio para obtener grupos por usuario',)
15:47:02 - INF - get - ('Ejecutando servicio para obtener todos los grupos',)
15:47:04 - INF - get - ('Ejecutando servicio para obtener grupos por usuario',)
15:47:04 - INF - get - ('Ejecutando servicio para obtener todos los grupos',)
15:47:17 - INF - get - ('Ejecutando servicio para obtener grupos por usuario',)
15:47:17 - INF - get - ('Ejecutando servicio para obtener todos los grupos',)
15:47:18 - INF - get - ('Ejecutando servicio para obtener todos los grupos',)
15:47:18 - INF - get - ('Ejecutando servicio para obtener grupos por usuario',)
15:47:25 - INF - get - ('Ejecutando servicio para obtener grupos por usuario',)
15:47:25 - INF - get - ('Ejecutando servicio para obtener todos los grupos',)
15:47:26 - INF - get - ('Ejecutando servicio para obtener todos los grupos',)
15:47:26 - INF - get - ('Ejecutando servicio para obtener grupos por usuario',)
15:47:31 - INF - get - ('Ejecutando servicio para obtener grupos por usuario',)
15:47:31 - INF - get - ('Ejecutando servicio para obtener todos los grupos',)
15:47:32 - INF - get - ('Ejecutando servicio para obtener grupos por usuario',)
15:47:32 - INF - get - ('Ejecutando servicio para obtener todos los grupos',)
15:47:35 - INF - get - ('Ejecutando servicio para obtener todos los grupos',)
15:47:35 - INF - get - ('Ejecutando servicio para obtener grupos por usuario',)
15:47:39 - INF - get - ('Ejecutando servicio para obtener grupos por usuario',)
15:47:39 - INF - get - ('Ejecutando servicio para obtener todos los grupos',)
15:47:45 - INF - get - ('Ejecutando servicio para obtener grupos por usuario',)
15:47:45 - INF - get - ('Ejecutando servicio para obtener todos los grupos',)
15:47:51 - INF - get - ('Ejecutando servicio para obtener grupos por usuario',)
15:47:51 - INF - get - ('Ejecutando servicio para obtener todos los grupos',)
15:47:53 - INF - get - ('Ejecutando servicio para obtener grupos por usuario',)
15:47:53 - INF - get - ('Ejecutando servicio para obtener todos los grupos',)
15:47:57 - INF - get - ('Ejecutando servicio para obtener grupos por usuario',)
15:47:57 - INF - get - ('Ejecutando servicio para obtener todos los grupos',)
15:48:00 - INF - get - ('Ejecutando servicio para obtener grupos por usuario',)
15:48:00 - INF - get - ('Ejecutando servicio para obtener todos los grupos',)
15:48:03 - INF - get - ('Ejecutando servicio para obtener grupos por usuario',)
15:48:04 - INF - get - ('Ejecutando servicio para obtener todos los grupos',)
15:48:19 - INF - get - ('Ejecutando servicio para obtener grupos por usuario',)
15:48:19 - INF - get - ('Ejecutando servicio para obtener todos los grupos',)
15:48:34 - INF - get - ('Ejecutando servicio para obtener grupos por usuario',)
15:48:34 - INF - get - ('Ejecutando servicio para obtener todos los grupos',)
15:49:03 - INF - get - ('Ejecutando servicio para obtener grupos por usuario',)
15:49:03 - INF - get - ('Ejecutando servicio para obtener todos los grupos',)
15:49:05 - INF - get - ('Ejecutando servicio para obtener grupos por usuario',)
15:49:05 - INF - get - ('Ejecutando servicio para obtener todos los grupos',)
15:49:06 - INF - get - ('Ejecutando servicio para obtener grupos por usuario',)
15:49:07 - INF - get - ('Ejecutando servicio para obtener todos los grupos',)
15:49:08 - INF - get - ('Ejecutando servicio para obtener grupos por usuario',)
15:49:08 - INF - get - ('Ejecutando servicio para obtener todos los grupos',)
15:53:02 - INF - get - ('Ejecutando servicio para obtener grupos por usuario',)
15:53:02 - INF - get - ('Ejecutando servicio para obtener todos los grupos',)
15:53:03 - INF - get - ('Ejecutando servicio para obtener grupos por usuario',)
15:53:03 - INF - get - ('Ejecutando servicio para obtener todos los grupos',)
15:53:04 - INF - get - ('Ejecutando servicio para obtener todos los grupos',)
15:53:04 - INF - get - ('Ejecutando servicio para obtener grupos por usuario',)
16:01:00 - INF - get - ('Ejecutando servicio para obtener grupos por usuario',)
16:01:02 - INF - get - ('Ejecutando servicio para obtener grupos por usuario',)
16:03:02 - INF - get - ('Ejecutando servicio para obtener todos los grupos',)
16:05:37 - INF - get - ('Ejecutando servicio para obtener grupos por usuario',)
16:05:38 - INF - get - ('Ejecutando servicio para obtener grupos por usuario',)
16:05:47 - INF - get - ('Ejecutando servicio para obtener grupos por usuario',)
16:05:48 - INF - get - ('Ejecutando servicio para obtener grupos por usuario',)
16:05:54 - INF - get - ('Ejecutando servicio para obtener todos los grupos',)
16:05:57 - INF - get - ('Ejecutando servicio para obtener todos los grupos',)
16:06:00 - INF - get - ('Ejecutando servicio para obtener todos los grupos',)
16:06:01 - INF - get - ('Ejecutando servicio para obtener todos los grupos',)
16:06:02 - INF - get - ('Ejecutando servicio para obtener todos los grupos',)
16:06:03 - INF - get - ('Ejecutando servicio para obtener todos los grupos',)
16:06:04 - INF - get - ('Ejecutando servicio para obtener todos los grupos',)
16:07:25 - INF - get - ('Ejecutando servicio para obtener grupos por usuario',)
16:07:26 - INF - get - ('Ejecutando servicio para obtener grupos por usuario',)
16:07:30 - INF - get - ('Ejecutando servicio para obtener todos los grupos',)
16:07:36 - INF - get - ('Ejecutando servicio para obtener todos los grupos',)
16:07:39 - INF - get - ('Ejecutando servicio para obtener todos los grupos',)
16:07:40 - INF - get - ('Ejecutando servicio para obtener todos los grupos',)
16:07:41 - INF - get - ('Ejecutando servicio para obtener todos los grupos',)
16:07:42 - INF - get - ('Ejecutando servicio para obtener todos los grupos',)
16:07:43 - INF - get - ('Ejecutando servicio para obtener todos los grupos',)
16:07:45 - INF - get - ('Ejecutando servicio para obtener todos los grupos',)
16:07:46 - INF - get - ('Ejecutando servicio para obtener todos los grupos',)
16:07:47 - INF - get - ('Ejecutando servicio para obtener todos los grupos',)
16:07:48 - INF - get - ('Ejecutando servicio para obtener todos los grupos',)
16:10:59 - INF - get - ('Ejecutando servicio para obtener grupos por usuario',)
16:10:59 - INF - get - ('Ejecutando servicio para obtener todos los grupos',)
16:11:01 - INF - get - ('Ejecutando servicio para obtener todos los grupos',)
16:11:01 - INF - get - ('Ejecutando servicio para obtener grupos por usuario',)
16:15:05 - INF - get - ('Ejecutando servicio para obtener todos los grupos',)
16:15:05 - INF - get - ('Ejecutando servicio para obtener grupos por usuario',)
16:15:06 - INF - get - ('Ejecutando servicio para obtener todos los grupos',)
16:15:06 - INF - get - ('Ejecutando servicio para obtener grupos por usuario',)
16:15:07 - INF - get - ('Ejecutando servicio para obtener grupos por usuario',)
16:15:07 - INF - get - ('Ejecutando servicio para obtener todos los grupos',)
16:23:57 - INF - post - ('Ejecutando servicio de Login',)
16:24:02 - INF - post - ("Resultado del Login: {'result': True, 'data': {'id_usuario': 5, 'usuario': 'Zartharion', 'nombres': 'Ignacio Valencia', 'apellidos': 'Valencia Moyano', 'correo_electronico': 'zarthitas@ug.edu.ec', 'rol': 'administrador', 'universidad': 'Facultad de Ciencias Fisicas y Matemátivas', 'ultima_hora_acceso': None, 'token': 'eyJhbGciOiJIUzI1NiIsInR5cCI6IkpXVCJ9.eyJpYXQiOjE3MjIyODgyNDIsImV4cCI6MTcyMjI5MDk0MiwidXNlcm5hbWUiOiJaYXJ0aGFyaW9uIn0.eQJxiIITAQM1ArzEUbzZpixiYmhNy29wTNSvaKQmedw'}, 'message': 'Login Exitoso'}",)
16:24:02 - INF - get - ('Ejecutando servicio para obtener grupos por usuario',)
16:24:02 - INF - get - ('Ejecutando servicio para obtener todos los grupos',)
16:24:03 - INF - get - ('Ejecutando servicio para obtener todos los grupos',)
16:24:04 - INF - get - ('Ejecutando servicio para obtener grupos por usuario',)
16:24:46 - INF - get - ('Ejecutando servicio para obtener grupos por usuario',)
16:24:47 - INF - get - ('Ejecutando servicio para obtener grupos por usuario',)
16:24:48 - INF - get - ('Ejecutando servicio para obtener grupos por usuario',)
16:24:49 - INF - get - ('Ejecutando servicio para obtener grupos por usuario',)
16:24:58 - INF - get - ('Ejecutando servicio para obtener todos los grupos',)
16:25:00 - INF - get - ('Ejecutando servicio para obtener todos los grupos',)
16:25:01 - INF - get - ('Ejecutando servicio para obtener todos los grupos',)
16:27:47 - INF - get - ('Ejecutando servicio para obtener todos los grupos',)
16:27:51 - INF - get - ('Ejecutando servicio para obtener todos los grupos',)
16:27:52 - INF - get - ('Ejecutando servicio para obtener todos los grupos',)
16:27:53 - INF - get - ('Ejecutando servicio para obtener todos los grupos',)
16:27:54 - INF - get - ('Ejecutando servicio para obtener todos los grupos',)
16:27:55 - INF - get - ('Ejecutando servicio para obtener todos los grupos',)
16:27:56 - INF - get - ('Ejecutando servicio para obtener todos los grupos',)
16:28:43 - INF - get - ('Ejecutando servicio para obtener grupos por usuario',)
16:28:45 - INF - get - ('Ejecutando servicio para obtener grupos por usuario',)
16:29:00 - INF - get - ('Ejecutando servicio para obtener grupos por usuario',)
16:29:01 - INF - get - ('Ejecutando servicio para obtener grupos por usuario',)
16:29:04 - INF - get - ('Ejecutando servicio para obtener grupos por usuario',)
16:29:05 - INF - get - ('Ejecutando servicio para obtener grupos por usuario',)
16:29:41 - INF - get - ('Ejecutando servicio para obtener todos los grupos',)
16:29:52 - INF - get - ('Ejecutando servicio para obtener todos los grupos',)
16:29:53 - INF - get - ('Ejecutando servicio para obtener grupos por usuario',)
16:29:53 - INF - get - ('Ejecutando servicio para obtener todos los grupos',)
16:29:54 - INF - get - ('Ejecutando servicio para obtener grupos por usuario',)
16:29:54 - INF - get - ('Ejecutando servicio para obtener todos los grupos',)
16:29:55 - INF - get - ('Ejecutando servicio para obtener todos los grupos',)
16:29:56 - INF - get - ('Ejecutando servicio para obtener todos los grupos',)
16:31:32 - INF - get - ('Ejecutando servicio para obtener todos los grupos',)
16:31:33 - INF - get - ('Ejecutando servicio para obtener todos los grupos',)
16:31:34 - INF - get - ('Ejecutando servicio para obtener todos los grupos',)
16:31:35 - INF - get - ('Ejecutando servicio para obtener todos los grupos',)
16:31:36 - INF - get - ('Ejecutando servicio para obtener todos los grupos',)
16:32:02 - INF - get - ('Ejecutando servicio para obtener grupos por usuario',)
16:32:03 - INF - get - ('Ejecutando servicio para obtener grupos por usuario',)
16:33:44 - INF - get - ('Ejecutando servicio para obtener grupos por usuario',)
16:33:45 - INF - get - ('Ejecutando servicio para obtener grupos por usuario',)
16:34:10 - INF - get - ('Ejecutando servicio para obtener todos los grupos',)
16:34:12 - INF - get - ('Ejecutando servicio para obtener todos los grupos',)
16:34:13 - INF - get - ('Ejecutando servicio para obtener todos los grupos',)
16:34:19 - INF - get - ('Ejecutando servicio para obtener todos los grupos',)
16:34:20 - INF - get - ('Ejecutando servicio para obtener todos los grupos',)
16:34:21 - INF - get - ('Ejecutando servicio para obtener todos los grupos',)
16:34:22 - INF - get - ('Ejecutando servicio para obtener todos los grupos',)
16:34:51 - INF - get - ('Ejecutando servicio para obtener grupos por usuario',)
16:34:52 - INF - get - ('Ejecutando servicio para obtener grupos por usuario',)
16:34:55 - INF - get - ('Ejecutando servicio para obtener grupos por usuario',)
16:34:56 - INF - get - ('Ejecutando servicio para obtener grupos por usuario',)
16:34:59 - INF - get - ('Ejecutando servicio para obtener grupos por usuario',)
16:35:00 - INF - get - ('Ejecutando servicio para obtener grupos por usuario',)
16:38:12 - INF - get - ('Ejecutando servicio para obtener grupos por usuario',)
16:38:14 - INF - get - ('Ejecutando servicio para obtener grupos por usuario',)
16:38:15 - INF - get - ('Ejecutando servicio para obtener grupos por usuario',)
16:38:16 - INF - get - ('Ejecutando servicio para obtener grupos por usuario',)
16:39:00 - INF - get - ('Ejecutando servicio para obtener grupos por usuario',)
16:39:01 - INF - get - ('Ejecutando servicio para obtener grupos por usuario',)
16:39:02 - INF - get - ('Ejecutando servicio para obtener grupos por usuario',)
16:39:03 - INF - get - ('Ejecutando servicio para obtener grupos por usuario',)
16:39:04 - INF - get - ('Ejecutando servicio para obtener grupos por usuario',)
16:39:09 - INF - get - ('Ejecutando servicio para obtener grupos por usuario',)
16:39:10 - INF - get - ('Ejecutando servicio para obtener grupos por usuario',)
16:39:39 - INF - get - ('Ejecutando servicio para obtener grupos por usuario',)
16:39:40 - INF - get - ('Ejecutando servicio para obtener grupos por usuario',)
16:39:41 - INF - get - ('Ejecutando servicio para obtener grupos por usuario',)
16:39:42 - INF - get - ('Ejecutando servicio para obtener grupos por usuario',)
16:39:43 - INF - get - ('Ejecutando servicio para obtener todos los grupos',)
16:39:44 - INF - get - ('Ejecutando servicio para obtener todos los grupos',)
16:39:55 - INF - get - ('Ejecutando servicio para obtener grupos por usuario',)
16:39:56 - INF - get - ('Ejecutando servicio para obtener grupos por usuario',)
16:41:55 - INF - get - ('Ejecutando servicio para obtener grupos por usuario',)
16:41:56 - INF - get - ('Ejecutando servicio para obtener grupos por usuario',)
16:41:59 - INF - get - ('Ejecutando servicio para obtener grupos por usuario',)
16:42:00 - INF - get - ('Ejecutando servicio para obtener grupos por usuario',)
16:43:23 - INF - get - ('Ejecutando servicio para obtener grupos por usuario',)
16:43:43 - INF - get - ('Ejecutando servicio para obtener grupos por usuario',)
16:43:45 - INF - get - ('Ejecutando servicio para obtener grupos por usuario',)
16:43:46 - INF - get - ('Ejecutando servicio para obtener grupos por usuario',)
16:43:58 - INF - get - ('Ejecutando servicio para obtener grupos por usuario',)
16:43:59 - INF - get - ('Ejecutando servicio para obtener grupos por usuario',)
16:45:23 - INF - get - ('Ejecutando servicio para obtener todos los grupos',)
16:45:24 - INF - get - ('Ejecutando servicio para obtener todos los grupos',)
16:45:44 - INF - get - ('Ejecutando servicio para obtener todos los grupos',)
17:04:40 - INF - <module> - ('Servicio Finalizado',)
17:05:33 - INF - <module> - ('Servicio Iniciado',)
17:08:21 - INF - <module> - ('Servicio Finalizado',)
17:08:30 - INF - <module> - ('Servicio Finalizado',)
17:14:11 - INF - <module> - ('Servicio Iniciado',)
17:14:16 - INF - <module> - ('Servicio Iniciado',)
17:14:19 - INF - post - ('Ejecutando servicio para unir usuario a grupo',)
17:14:32 - INF - post - ('Ejecutando servicio para unir usuario a grupo',)
17:14:42 - INF - post - ('Ejecutando servicio para unir usuario a grupo',)
17:15:10 - INF - post - ('Ejecutando servicio para unir usuario a grupo',)
17:15:34 - INF - post - ('Ejecutando servicio para unir usuario a grupo',)
17:15:43 - INF - post - ('Ejecutando servicio para unir usuario a grupo',)
17:17:19 - INF - post - ('Ejecutando servicio para unir usuario a grupo',)
17:18:17 - INF - <module> - ('Servicio Finalizado',)
17:18:24 - INF - <module> - ('Servicio Finalizado',)
17:19:10 - INF - <module> - ('Servicio Iniciado',)
17:19:12 - INF - <module> - ('Servicio Iniciado',)
17:19:15 - INF - post - ('Ejecutando servicio para unir usuario a grupo',)
17:20:02 - INF - <module> - ('Servicio Finalizado',)
17:20:03 - INF - <module> - ('Servicio Iniciado',)
17:20:16 - INF - <module> - ('Servicio Finalizado',)
17:20:17 - INF - <module> - ('Servicio Iniciado',)
17:20:23 - INF - post - ('Ejecutando servicio para unir usuario a grupo',)
17:20:30 - INF - post - ('Ejecutando servicio para unir usuario a grupo',)
17:20:44 - INF - post - ('Ejecutando servicio para unir usuario a grupo',)
17:22:33 - INF - get - ('Ejecutando servicio para obtener grupos por usuario',)
17:22:34 - INF - get - ('Ejecutando servicio para obtener grupos por usuario',)
17:26:32 - INF - <module> - ('Servicio Finalizado',)
17:26:45 - INF - <module> - ('Servicio Iniciado',)
17:26:49 - INF - post - ('Ejecutando servicio para unir usuario a grupo',)
17:27:37 - INF - <module> - ('Servicio Finalizado',)
17:27:39 - INF - <module> - ('Servicio Finalizado',)
17:28:30 - INF - <module> - ('Servicio Iniciado',)
17:28:32 - INF - <module> - ('Servicio Iniciado',)
17:29:13 - INF - post - ('Ejecutando servicio para unir usuario a grupo',)
17:29:23 - INF - post - ('Ejecutando servicio para unir usuario a grupo',)
17:29:31 - INF - post - ('Ejecutando servicio para unir usuario a grupo',)
17:29:45 - INF - post - ('Ejecutando servicio para unir usuario a grupo',)
17:38:09 - INF - post - ('Ejecutando servicio para unir usuario a grupo',)
17:43:06 - INF - get - ('Ejecutando servicio para obtener grupos por usuario',)
17:43:08 - INF - get - ('Ejecutando servicio para obtener grupos por usuario',)
17:43:09 - INF - get - ('Ejecutando servicio para obtener grupos por usuario',)
17:43:10 - INF - get - ('Ejecutando servicio para obtener grupos por usuario',)
17:43:32 - INF - get - ('Ejecutando servicio para obtener todos los grupos',)
17:43:38 - INF - get - ('Ejecutando servicio para obtener todos los grupos',)
17:43:39 - INF - get - ('Ejecutando servicio para obtener todos los grupos',)
17:43:40 - INF - get - ('Ejecutando servicio para obtener todos los grupos',)
17:44:22 - INF - get - ('Ejecutando servicio para obtener todos los grupos',)
17:46:25 - INF - get - ('Ejecutando servicio para obtener grupos por usuario',)
17:46:26 - INF - get - ('Ejecutando servicio para obtener grupos por usuario',)
17:46:32 - INF - get - ('Ejecutando servicio para obtener grupos por usuario',)
17:46:33 - INF - get - ('Ejecutando servicio para obtener grupos por usuario',)
17:46:38 - INF - get - ('Ejecutando servicio para obtener grupos por usuario',)
17:46:39 - INF - get - ('Ejecutando servicio para obtener grupos por usuario',)
17:46:43 - INF - get - ('Ejecutando servicio para obtener todos los grupos',)
17:46:44 - INF - get - ('Ejecutando servicio para obtener todos los grupos',)
17:46:47 - INF - get - ('Ejecutando servicio para obtener todos los grupos',)
17:46:48 - INF - get - ('Ejecutando servicio para obtener todos los grupos',)
17:46:49 - INF - get - ('Ejecutando servicio para obtener grupos por usuario',)
17:46:50 - INF - get - ('Ejecutando servicio para obtener grupos por usuario',)
17:47:14 - INF - get - ('Ejecutando servicio para obtener grupos por usuario',)
17:47:19 - INF - get - ('Ejecutando servicio para obtener grupos por usuario',)
17:47:21 - INF - get - ('Ejecutando servicio para obtener grupos por usuario',)
17:47:24 - INF - get - ('Ejecutando servicio para obtener grupos por usuario',)
17:47:25 - INF - get - ('Ejecutando servicio para obtener grupos por usuario',)
17:47:26 - INF - get - ('Ejecutando servicio para obtener grupos por usuario',)
17:47:30 - INF - get - ('Ejecutando servicio para obtener todos los grupos',)
17:47:31 - INF - get - ('Ejecutando servicio para obtener todos los grupos',)
17:47:45 - INF - get - ('Ejecutando servicio para obtener grupos por usuario',)
17:53:06 - INF - get - ('Ejecutando servicio para obtener grupos por usuario',)
17:53:08 - INF - get - ('Ejecutando servicio para obtener grupos por usuario',)
17:53:15 - INF - get - ('Ejecutando servicio para obtener todos los grupos',)
17:53:23 - INF - post - ('Ejecutando servicio para unir usuario a grupo',)
17:53:33 - INF - post - ('Ejecutando servicio para unir usuario a grupo',)
17:56:50 - INF - post - ('Ejecutando servicio para unir usuario a grupo',)
17:56:59 - INF - post - ('Ejecutando servicio para unir usuario a grupo',)
17:59:41 - INF - get - ('Ejecutando servicio para obtener grupos por usuario',)
17:59:51 - INF - post - ('Ejecutando servicio para unir usuario a grupo',)
18:00:46 - INF - get - ('Ejecutando servicio para obtener grupos por usuario',)
18:00:52 - INF - post - ('Ejecutando servicio para unir usuario a grupo',)
18:01:00 - INF - post - ('Ejecutando servicio para unir usuario a grupo',)
18:01:48 - INF - post - ('Ejecutando servicio para unir usuario a grupo',)
18:01:49 - INF - post - ('Ejecutando servicio para unir usuario a grupo',)
18:01:49 - INF - post - ('Ejecutando servicio para unir usuario a grupo',)
18:02:15 - INF - post - ('Ejecutando servicio para unir usuario a grupo',)
18:03:32 - INF - get - ('Ejecutando servicio para obtener grupos por usuario',)
18:03:34 - INF - post - ('Ejecutando servicio para unir usuario a grupo',)
18:03:35 - INF - post - ('Ejecutando servicio para unir usuario a grupo',)
18:03:38 - INF - post - ('Ejecutando servicio para unir usuario a grupo',)
18:03:38 - INF - post - ('Ejecutando servicio para unir usuario a grupo',)
18:07:05 - INF - <module> - ('Servicio Finalizado',)
20:31:23 - INF - <module> - ('Servicio Iniciado',)
20:31:28 - INF - <module> - ('Servicio Iniciado',)
20:52:53 - INF - <module> - ('Servicio Finalizado',)
20:53:43 - INF - <module> - ('Servicio Iniciado',)
20:53:47 - INF - <module> - ('Servicio Iniciado',)
20:58:48 - INF - get - ('Ejecutando servicio de Publicaciones',)
20:59:13 - INF - post - ('Ejecutando servicio de Creacion de publicidad',)
21:01:48 - INF - post - ('Ejecutando servicio de Creacion de publicidad',)
21:02:01 - INF - post - ('Ejecutando servicio de Creacion de publicidad',)
21:03:30 - INF - <module> - ('Servicio Finalizado',)
21:03:40 - INF - <module> - ('Servicio Iniciado',)
21:03:44 - INF - post - ('Ejecutando servicio de Creacion de publicidad',)
21:06:05 - INF - get - ('Ejecutando servicio para obtener grupos por usuario',)
21:06:06 - INF - get - ('Ejecutando servicio para obtener grupos por usuario',)
21:07:42 - INF - get - ('Ejecutando servicio para obtener grupos por usuario',)
21:08:27 - INF - get - ('Ejecutando servicio para obtener grupos por usuario',)
21:08:30 - INF - get - ('Ejecutando servicio para obtener todos los grupos',)
21:08:32 - INF - get - ('Ejecutando servicio para obtener todos los grupos',)
21:08:35 - INF - post - ('Ejecutando servicio para unir usuario a grupo',)
21:10:52 - INF - <module> - ('Servicio Finalizado',)
21:11:15 - INF - <module> - ('Servicio Iniciado',)
21:11:19 - INF - post - ('Ejecutando servicio para unir usuario a grupo',)
21:11:53 - INF - <module> - ('Servicio Finalizado',)
21:11:57 - INF - <module> - ('Servicio Iniciado',)
21:13:01 - INF - <module> - ('Servicio Finalizado',)
21:13:12 - INF - <module> - ('Servicio Iniciado',)
21:13:47 - INF - get - ('Ejecutando servicio para obtener grupos por usuario',)
21:13:55 - INF - get - ('Ejecutando servicio para obtener grupos por usuario',)
21:14:23 - INF - get - ('Ejecutando servicio para obtener todos los grupos',)
21:19:19 - INF - get - ('Ejecutando servicio para obtener grupos por usuario',)
21:19:20 - INF - get - ('Ejecutando servicio para obtener grupos por usuario',)
21:19:53 - INF - get - ('Ejecutando servicio para obtener todos los grupos',)
21:19:54 - INF - get - ('Ejecutando servicio para obtener todos los grupos',)
21:20:02 - INF - post - ('Ejecutando servicio para unir usuario a grupo',)
21:22:37 - INF - get - ('Ejecutando servicio para obtener grupos por usuario',)
21:23:09 - INF - get - ('Ejecutando servicio para obtener grupos por usuario',)
21:23:10 - INF - get - ('Ejecutando servicio para obtener grupos por usuario',)
21:23:17 - INF - get - ('Ejecutando servicio para obtener grupos por usuario',)
21:23:24 - INF - get - ('Ejecutando servicio para obtener todos los grupos',)
21:23:28 - INF - get - ('Ejecutando servicio para obtener todos los grupos',)
21:23:30 - INF - get - ('Ejecutando servicio para obtener todos los grupos',)
21:23:31 - INF - get - ('Ejecutando servicio para obtener todos los grupos',)
21:23:32 - INF - get - ('Ejecutando servicio para obtener todos los grupos',)
21:23:33 - INF - get - ('Ejecutando servicio para obtener todos los grupos',)
21:23:34 - INF - get - ('Ejecutando servicio para obtener todos los grupos',)
21:23:35 - INF - get - ('Ejecutando servicio para obtener todos los grupos',)
21:23:36 - INF - get - ('Ejecutando servicio para obtener todos los grupos',)
21:23:44 - INF - get - ('Ejecutando servicio para obtener grupos por usuario',)
21:23:45 - INF - get - ('Ejecutando servicio para obtener grupos por usuario',)
21:23:49 - INF - get - ('Ejecutando servicio para obtener todos los grupos',)
21:23:50 - INF - get - ('Ejecutando servicio para obtener todos los grupos',)
21:23:56 - INF - get - ('Ejecutando servicio para obtener todos los grupos',)
21:23:58 - INF - get - ('Ejecutando servicio para obtener todos los grupos',)
21:23:59 - INF - get - ('Ejecutando servicio para obtener todos los grupos',)
21:24:00 - INF - get - ('Ejecutando servicio para obtener todos los grupos',)
21:24:01 - INF - get - ('Ejecutando servicio para obtener todos los grupos',)
21:24:02 - INF - get - ('Ejecutando servicio para obtener todos los grupos',)
21:24:08 - INF - get - ('Ejecutando servicio para obtener grupos por usuario',)
21:24:10 - INF - get - ('Ejecutando servicio para obtener todos los grupos',)
21:24:11 - INF - get - ('Ejecutando servicio para obtener todos los grupos',)
21:24:12 - INF - get - ('Ejecutando servicio para obtener todos los grupos',)
21:24:13 - INF - get - ('Ejecutando servicio para obtener todos los grupos',)
21:24:14 - INF - get - ('Ejecutando servicio para obtener todos los grupos',)
21:24:15 - INF - get - ('Ejecutando servicio para obtener todos los grupos',)
21:24:16 - INF - get - ('Ejecutando servicio para obtener todos los grupos',)
21:24:17 - INF - get - ('Ejecutando servicio para obtener todos los grupos',)
21:24:18 - INF - get - ('Ejecutando servicio para obtener todos los grupos',)
21:24:19 - INF - get - ('Ejecutando servicio para obtener todos los grupos',)
21:24:20 - INF - get - ('Ejecutando servicio para obtener todos los grupos',)
21:24:21 - INF - get - ('Ejecutando servicio para obtener grupos por usuario',)
21:24:21 - INF - get - ('Ejecutando servicio para obtener todos los grupos',)
21:24:25 - INF - get - ('Ejecutando servicio para obtener todos los grupos',)
21:24:27 - INF - get - ('Ejecutando servicio para obtener todos los grupos',)
21:24:28 - INF - get - ('Ejecutando servicio para obtener todos los grupos',)
21:24:29 - INF - get - ('Ejecutando servicio para obtener todos los grupos',)
21:24:39 - INF - get - ('Ejecutando servicio para obtener grupos por usuario',)
21:24:44 - INF - get - ('Ejecutando servicio para obtener grupos por usuario',)
21:24:45 - INF - get - ('Ejecutando servicio para obtener grupos por usuario',)
21:24:50 - INF - get - ('Ejecutando servicio para obtener todos los grupos',)
21:24:51 - INF - get - ('Ejecutando servicio para obtener todos los grupos',)
21:24:57 - INF - get - ('Ejecutando servicio para obtener grupos por usuario',)
21:24:58 - INF - get - ('Ejecutando servicio para obtener grupos por usuario',)
21:25:06 - INF - get - ('Ejecutando servicio para obtener grupos por usuario',)
21:25:07 - INF - get - ('Ejecutando servicio para obtener grupos por usuario',)
21:25:09 - INF - get - ('Ejecutando servicio para obtener todos los grupos',)
21:25:10 - INF - get - ('Ejecutando servicio para obtener todos los grupos',)
21:25:11 - INF - get - ('Ejecutando servicio para obtener todos los grupos',)
21:27:55 - INF - get - ('Ejecutando servicio para obtener grupos por usuario',)
21:27:58 - INF - get - ('Ejecutando servicio para obtener grupos por usuario',)
21:28:38 - INF - get - ('Ejecutando servicio para obtener grupos por usuario',)
21:28:51 - INF - get - ('Ejecutando servicio para obtener grupos por usuario',)
21:29:19 - INF - get - ('Ejecutando servicio para obtener todos los grupos',)
21:29:20 - INF - get - ('Ejecutando servicio para obtener todos los grupos',)
21:29:21 - INF - get - ('Ejecutando servicio para obtener todos los grupos',)
21:29:35 - INF - get - ('Ejecutando servicio para obtener grupos por usuario',)
21:29:36 - INF - get - ('Ejecutando servicio para obtener grupos por usuario',)
21:30:54 - INF - get - ('Ejecutando servicio para obtener grupos por usuario',)
21:30:58 - INF - get - ('Ejecutando servicio para obtener grupos por usuario',)
21:30:59 - INF - get - ('Ejecutando servicio para obtener grupos por usuario',)
21:31:02 - INF - get - ('Ejecutando servicio para obtener todos los grupos',)
21:31:06 - INF - get - ('Ejecutando servicio para obtener todos los grupos',)
21:31:07 - INF - get - ('Ejecutando servicio para obtener todos los grupos',)
21:31:51 - INF - get - ('Ejecutando servicio para obtener grupos por usuario',)
21:32:00 - INF - get - ('Ejecutando servicio para obtener grupos por usuario',)
21:32:01 - INF - get - ('Ejecutando servicio para obtener grupos por usuario',)
21:32:03 - INF - get - ('Ejecutando servicio para obtener todos los grupos',)
21:32:04 - INF - get - ('Ejecutando servicio para obtener todos los grupos',)
21:32:06 - INF - get - ('Ejecutando servicio para obtener todos los grupos',)
21:32:07 - INF - get - ('Ejecutando servicio para obtener todos los grupos',)
21:33:11 - INF - get - ('Ejecutando servicio para obtener grupos por usuario',)
21:33:12 - INF - get - ('Ejecutando servicio para obtener grupos por usuario',)
21:33:15 - INF - get - ('Ejecutando servicio para obtener todos los grupos',)
21:34:23 - INF - get - ('Ejecutando servicio para obtener grupos por usuario',)
21:34:40 - INF - post - ('Ejecutando servicio para unir usuario a grupo',)
21:37:26 - INF - get - ('Ejecutando servicio para obtener grupos por usuario',)
21:37:27 - INF - get - ('Ejecutando servicio para obtener grupos por usuario',)
21:37:34 - INF - get - ('Ejecutando servicio para obtener todos los grupos',)
21:37:35 - INF - get - ('Ejecutando servicio para obtener todos los grupos',)
21:37:37 - INF - get - ('Ejecutando servicio para obtener todos los grupos',)
21:37:38 - INF - get - ('Ejecutando servicio para obtener todos los grupos',)
21:37:39 - INF - get - ('Ejecutando servicio para obtener todos los grupos',)
21:37:40 - INF - get - ('Ejecutando servicio para obtener todos los grupos',)
21:37:41 - INF - get - ('Ejecutando servicio para obtener todos los grupos',)
21:37:42 - INF - get - ('Ejecutando servicio para obtener todos los grupos',)
21:37:43 - INF - get - ('Ejecutando servicio para obtener todos los grupos',)
21:47:22 - INF - post - ('Ejecutando servicio para crear grupo',)
21:49:38 - INF - get - ('Ejecutando servicio para obtener grupos por usuario',)
21:49:39 - INF - get - ('Ejecutando servicio para obtener grupos por usuario',)
21:51:03 - INF - get - ('Ejecutando servicio para obtener grupos por usuario',)
21:52:33 - INF - get - ('Ejecutando servicio para obtener grupos por usuario',)
21:52:38 - INF - get - ('Ejecutando servicio para obtener todos los grupos',)
21:52:41 - INF - get - ('Ejecutando servicio para obtener todos los grupos',)
21:55:40 - INF - get - ('Ejecutando servicio para obtener grupos por usuario',)
21:55:41 - INF - get - ('Ejecutando servicio para obtener grupos por usuario',)
21:55:47 - INF - get - ('Ejecutando servicio para obtener todos los grupos',)
21:55:51 - INF - post - ('Ejecutando servicio para unir usuario a grupo',)
21:56:03 - INF - get - ('Ejecutando servicio para obtener todos los grupos',)
21:56:04 - INF - get - ('Ejecutando servicio para obtener todos los grupos',)
21:56:05 - INF - get - ('Ejecutando servicio para obtener todos los grupos',)
21:56:06 - INF - get - ('Ejecutando servicio para obtener todos los grupos',)
22:01:45 - INF - get - ('Ejecutando servicio para obtener grupos por usuario',)
22:02:24 - INF - get - ('Ejecutando servicio para obtener grupos por usuario',)
22:02:26 - INF - get - ('Ejecutando servicio para obtener grupos por usuario',)
22:02:29 - INF - get - ('Ejecutando servicio para obtener grupos por usuario',)
22:02:30 - INF - get - ('Ejecutando servicio para obtener grupos por usuario',)
22:02:33 - INF - get - ('Ejecutando servicio para obtener grupos por usuario',)
22:02:34 - INF - get - ('Ejecutando servicio para obtener grupos por usuario',)
22:02:37 - INF - get - ('Ejecutando servicio para obtener todos los grupos',)
22:02:38 - INF - get - ('Ejecutando servicio para obtener todos los grupos',)
22:02:48 - INF - get - ('Ejecutando servicio para obtener grupos por usuario',)
22:02:49 - INF - get - ('Ejecutando servicio para obtener grupos por usuario',)
22:03:16 - INF - get - ('Ejecutando servicio para obtener grupos por usuario',)
22:03:17 - INF - get - ('Ejecutando servicio para obtener grupos por usuario',)
22:08:11 - INF - get - ('Ejecutando servicio para obtener grupos por usuario',)
22:08:12 - INF - get - ('Ejecutando servicio para obtener grupos por usuario',)
22:08:18 - INF - get - ('Ejecutando servicio para obtener grupos por usuario',)
22:08:20 - INF - get - ('Ejecutando servicio para obtener grupos por usuario',)
22:09:16 - INF - get - ('Ejecutando servicio para obtener grupos por usuario',)
22:09:17 - INF - get - ('Ejecutando servicio para obtener grupos por usuario',)
22:10:31 - INF - get - ('Ejecutando servicio para obtener grupos por usuario',)
22:10:32 - INF - get - ('Ejecutando servicio para obtener grupos por usuario',)
22:10:39 - INF - get - ('Ejecutando servicio para obtener grupos por usuario',)
22:10:40 - INF - get - ('Ejecutando servicio para obtener grupos por usuario',)
22:10:43 - INF - get - ('Ejecutando servicio para obtener todos los grupos',)
22:23:32 - INF - <module> - ('Servicio Finalizado',)
22:24:08 - INF - <module> - ('Servicio Iniciado',)
22:24:36 - INF - <module> - ('Servicio Finalizado',)
22:24:38 - INF - <module> - ('Servicio Iniciado',)
22:24:49 - INF - get - ('Ejecutando servicio para obtener grupos por usuario',)
22:24:53 - INF - get - ('Ejecutando servicio para obtener grupos por usuario',)
22:24:53 - INF - get - ('Ejecutando servicio para obtener todos los grupos',)
22:25:49 - INF - <module> - ('Servicio Finalizado',)
22:26:14 - INF - <module> - ('Servicio Iniciado',)
22:26:48 - INF - <module> - ('Servicio Finalizado',)
22:26:58 - INF - <module> - ('Servicio Iniciado',)
22:27:03 - INF - <module> - ('Servicio Finalizado',)
22:27:04 - INF - <module> - ('Servicio Iniciado',)
22:27:09 - INF - <module> - ('Servicio Finalizado',)
22:27:12 - INF - <module> - ('Servicio Iniciado',)
22:27:15 - INF - get - ('Ejecutando servicio de Listar Usuario',)
22:27:15 - INF - get - ('Ejecutando servicio de Listar Usuario',)
22:28:51 - INF - <module> - ('Servicio Finalizado',)
22:28:55 - INF - <module> - ('Servicio Iniciado',)
22:28:56 - INF - get - ('Ejecutando servicio de Listar Usuario',)
22:28:56 - INF - get - ('Ejecutando servicio de Listar Usuario',)
22:29:28 - INF - post - ('Ejecutando servicio de Login',)
22:29:31 - INF - post - ("Resultado del Login: {'result': True, 'data': {'id_usuario': 5, 'usuario': 'Zartharion', 'nombres': 'Ignacio Valencia', 'apellidos': 'Valencia Moyano', 'correo_electronico': 'zarthitas@ug.edu.ec', 'rol': 'administrador', 'universidad': 'Facultad de Ciencias Fisicas y Matemátivas', 'ultima_hora_acceso': None, 'token': 'eyJhbGciOiJIUzI1NiIsInR5cCI6IkpXVCJ9.eyJpYXQiOjE3MjIzMTAxNzEsImV4cCI6MTcyMjMxMjg3MSwidXNlcm5hbWUiOiJaYXJ0aGFyaW9uIn0.kNYCt4kmqvSlgi-d5FgU7ntViZXKkJXDI_CcGDCj51Q'}, 'message': 'Login Exitoso'}",)
22:29:32 - INF - get - ('Ejecutando servicio de Listar Usuario',)
22:29:32 - INF - get - ('Ejecutando servicio de Listar Usuario',)
22:34:39 - INF - <module> - ('Servicio Finalizado',)
22:34:55 - INF - <module> - ('Servicio Iniciado',)
22:34:55 - INF - get - ('Ejecutando servicio de Listar Usuario',)
22:34:55 - INF - get - ('Ejecutando servicio de Listar Usuario',)
22:39:11 - INF - <module> - ('Servicio Finalizado',)
22:39:17 - INF - <module> - ('Servicio Iniciado',)
22:39:17 - INF - get - ('Ejecutando servicio para obtener grupos por usuario',)
22:39:18 - INF - get - ('Ejecutando servicio para obtener grupos por usuario',)
22:39:25 - INF - get - ('Ejecutando servicio para obtener grupos por usuario',)
22:39:26 - INF - get - ('Ejecutando servicio para obtener grupos por usuario',)
22:53:13 - INF - get - ('Ejecutando servicio para obtener grupos por usuario',)
22:53:14 - INF - get - ('Ejecutando servicio para obtener grupos por usuario',)
22:53:15 - INF - get - ('Ejecutando servicio para obtener grupos por usuario',)
22:53:16 - INF - get - ('Ejecutando servicio para obtener grupos por usuario',)
23:00:53 - INF - get - ('Ejecutando servicio para obtener grupos por usuario',)
23:00:57 - INF - get - ('Ejecutando servicio para obtener grupos por usuario',)
23:02:33 - INF - get - ('Ejecutando servicio para obtener grupos por usuario',)
23:02:34 - INF - get - ('Ejecutando servicio para obtener grupos por usuario',)
23:04:06 - INF - get - ('Ejecutando servicio para obtener grupos por usuario',)
23:04:07 - INF - get - ('Ejecutando servicio para obtener grupos por usuario',)
23:16:42 - INF - get - ('Ejecutando servicio para obtener grupos por usuario',)
23:16:56 - INF - get - ('Ejecutando servicio para obtener grupos por usuario',)
23:16:57 - INF - get - ('Ejecutando servicio para obtener grupos por usuario',)
23:22:08 - INF - get - ('Ejecutando servicio para obtener grupos por usuario',)
23:22:10 - INF - get - ('Ejecutando servicio para obtener grupos por usuario',)
23:22:19 - INF - get - ('Ejecutando servicio para obtener todos los grupos',)
23:22:21 - INF - get - ('Ejecutando servicio para obtener todos los grupos',)
23:22:22 - INF - get - ('Ejecutando servicio para obtener todos los grupos',)
23:22:57 - INF - get - ('Ejecutando servicio para obtener grupos por usuario',)
23:22:58 - INF - get - ('Ejecutando servicio para obtener todos los grupos',)
23:22:59 - INF - get - ('Ejecutando servicio para obtener grupos por usuario',)
23:23:01 - INF - get - ('Ejecutando servicio para obtener todos los grupos',)
23:25:44 - INF - get - ('Ejecutando servicio para obtener grupos por usuario',)
23:25:56 - INF - get - ('Ejecutando servicio para obtener grupos por usuario',)
23:25:57 - INF - get - ('Ejecutando servicio para obtener grupos por usuario',)
23:27:19 - INF - get - ('Ejecutando servicio para obtener grupos por usuario',)
23:27:58 - INF - get - ('Ejecutando servicio para obtener todos los grupos',)
23:28:08 - INF - post - ('Ejecutando servicio para unir usuario a grupo',)
23:30:08 - INF - get - ('Ejecutando servicio para obtener grupos por usuario',)
23:30:09 - INF - get - ('Ejecutando servicio para obtener grupos por usuario',)
23:31:09 - INF - <module> - ('Servicio Finalizado',)
23:31:34 - INF - <module> - ('Servicio Iniciado',)
23:31:35 - INF - get - ('Ejecutando servicio para obtener grupos por usuario',)
23:31:35 - INF - get - ('Ejecutando servicio para obtener grupos por usuario',)
23:31:36 - INF - get - ('Ejecutando servicio para obtener grupos por usuario',)
23:31:46 - INF - post - ('Ejecutando servicio para crear grupo',)
23:38:34 - INF - get - ('Ejecutando servicio para obtener todos los grupos',)
23:38:36 - INF - get - ('Ejecutando servicio para obtener todos los grupos',)
23:38:41 - INF - get - ('Ejecutando servicio para obtener todos los grupos',)
23:38:43 - INF - get - ('Ejecutando servicio para obtener todos los grupos',)
23:38:45 - INF - get - ('Ejecutando servicio para obtener todos los grupos',)
23:51:51 - INF - <module> - ('Servicio Finalizado',)
23:52:02 - INF - <module> - ('Servicio Iniciado',)
23:52:24 - INF - <module> - ('Servicio Finalizado',)
23:52:26 - INF - <module> - ('Servicio Iniciado',)
23:53:17 - INF - <module> - ('Servicio Finalizado',)
23:53:18 - INF - <module> - ('Servicio Iniciado',)
23:53:46 - INF - get - ('Ejecutando servicio de Publicaciones',)
23:54:34 - INF - get - ('Ejecutando servicio de Publicaciones',)
23:54:59 - INF - get - ('Ejecutando servicio de Publicaciones',)
23:58:09 - INF - <module> - ('Servicio Finalizado',)
23:59:09 - INF - <module> - ('Servicio Iniciado',)
23:59:12 - INF - get - ('Ejecutando servicio de Publicaciones',)
23:59:28 - INF - get - ('Ejecutando servicio de Publicaciones',)
