03:32:11 - INF - <module> - ('Servicio Iniciado',)
03:32:13 - INF - <module> - ('Servicio Iniciado',)
03:34:35 - INF - <module> - ('Servicio Finalizado',)
03:34:36 - INF - <module> - ('Servicio Finalizado',)
03:36:47 - INF - <module> - ('Servicio Iniciado',)
03:36:48 - INF - <module> - ('Servicio Iniciado',)
03:40:55 - INF - put - ('Ejecutando servicio de actualización de usuario',)
03:42:21 - INF - delete - ('Ejecutando servicio de eliminación de usuario',)
03:44:03 - INF - <module> - ('Servicio Finalizado',)
03:44:11 - INF - <module> - ('Servicio Iniciado',)
03:44:49 - INF - <module> - ('Servicio Finalizado',)
03:44:50 - INF - <module> - ('Servicio Iniciado',)
03:44:52 - INF - delete - ('Ejecutando servicio de eliminación de usuario',)
03:45:13 - INF - delete - ('Ejecutando servicio de eliminación de usuario',)
03:45:23 - INF - <module> - ('Servicio Finalizado',)
03:45:25 - INF - <module> - ('Servicio Iniciado',)
03:45:25 - INF - delete - ('Ejecutando servicio de eliminación de usuario',)
03:46:16 - INF - <module> - ('Servicio Finalizado',)
03:46:18 - INF - <module> - ('Servicio Iniciado',)
03:46:29 - INF - put - ('Ejecutando servicio de actualización de usuario',)
03:46:51 - INF - <module> - ('Servicio Finalizado',)
03:46:52 - INF - <module> - ('Servicio Iniciado',)
03:46:56 - INF - put - ('Ejecutando servicio de actualización de usuario',)
03:47:59 - INF - put - ('Ejecutando servicio de actualización de usuario',)
03:48:34 - INF - post - ('Ejecutando servicio de Login',)
03:48:45 - INF - post - ('Ejecutando servicio de Login',)
03:51:22 - INF - <module> - ('Servicio Finalizado',)
03:51:37 - INF - <module> - ('Servicio Finalizado',)
03:52:00 - INF - <module> - ('Servicio Iniciado',)
03:52:01 - INF - <module> - ('Servicio Iniciado',)
03:52:36 - INF - get - ('Ejecutando servicio de Listar Usuario',)
03:52:38 - INF - get - ('Ejecutando servicio de Listar Usuario',)
03:53:17 - INF - <module> - ('Servicio Finalizado',)
03:53:18 - INF - <module> - ('Servicio Iniciado',)
03:53:20 - INF - get - ('Ejecutando servicio de Listar Usuario',)
12:11:31 - INF - <module> - ('Servicio Iniciado',)
12:11:36 - INF - <module> - ('Servicio Iniciado',)
12:14:35 - INF - <module> - ('Servicio Finalizado',)
12:27:52 - INF - <module> - ('Servicio Iniciado',)
12:27:53 - INF - <module> - ('Servicio Iniciado',)
12:31:44 - INF - <module> - ('Servicio Finalizado',)
12:39:20 - INF - <module> - ('Servicio Iniciado',)
12:39:21 - INF - <module> - ('Servicio Iniciado',)
12:42:49 - INF - post - ('Ejecutando servicio de Login',)
12:46:22 - INF - <module> - ('Servicio Finalizado',)
12:46:24 - INF - <module> - ('Servicio Finalizado',)
12:46:54 - INF - <module> - ('Servicio Iniciado',)
12:46:55 - INF - <module> - ('Servicio Iniciado',)
12:47:17 - INF - <module> - ('Servicio Finalizado',)
12:47:20 - INF - <module> - ('Servicio Finalizado',)
12:47:24 - INF - <module> - ('Servicio Iniciado',)
12:47:25 - INF - <module> - ('Servicio Iniciado',)
12:50:33 - INF - <module> - ('Servicio Finalizado',)
12:50:52 - INF - <module> - ('Servicio Finalizado',)
12:54:35 - INF - <module> - ('Servicio Iniciado',)
12:54:36 - INF - <module> - ('Servicio Iniciado',)
12:57:59 - INF - post - ('Ejecutando servicio para agregar materia',)
13:00:19 - INF - post - ('Ejecutando servicio para agregar materia',)
13:08:32 - INF - <module> - ('Servicio Finalizado',)
13:08:43 - INF - <module> - ('Servicio Finalizado',)
13:12:22 - INF - <module> - ('Servicio Iniciado',)
13:12:24 - INF - <module> - ('Servicio Iniciado',)
13:13:25 - INF - <module> - ('Servicio Finalizado',)
13:13:29 - INF - <module> - ('Servicio Iniciado',)
13:13:54 - INF - get - ('Ejecutando servicio para obtener materia por ID',)
13:15:28 - INF - <module> - ('Servicio Finalizado',)
13:18:52 - INF - <module> - ('Servicio Iniciado',)
13:18:53 - INF - <module> - ('Servicio Iniciado',)
13:19:56 - INF - <module> - ('Servicio Finalizado',)
13:19:57 - INF - <module> - ('Servicio Iniciado',)
13:20:13 - INF - <module> - ('Servicio Finalizado',)
13:20:14 - INF - <module> - ('Servicio Iniciado',)
13:24:15 - INF - <module> - ('Servicio Finalizado',)
